check genes for modeling 200
START 0 200 T00000_A0201_RCECWFILV
mhc max_idents: 0.967 A*02:01 RCECWFILV A*02:01 RQASLSISV
setting up cache for align_tcr_info_pdb_chain_to_structure_msa function
DONE setting up cache for align_tcr_info_pdb_chain_to_structure_msa function
GXGs? GRG GT
identities: 0 0.978 pmhc: 0.967 tcra: 0.991 tcrb: 0.982  TRAV21*01 TRAJ6*01 CAVRPTSGGSYIPTF TRBV6-5*01 TRBJ2-2*01 CASSYVGNTGELFF
identities: 1 0.976 pmhc: 0.962 tcra: 0.991 tcrb: 0.982  TRAV21*01 TRAJ6*01 CAVRPTSGGSYIPTF TRBV6-5*01 TRBJ2-2*01 CASSYVGNTGELFF
identities: 2 0.976 pmhc: 0.962 tcra: 0.991 tcrb: 0.982  TRAV21*01 TRAJ6*01 CAVRPTSGGSYIPTF TRBV6-5*01 TRBJ2-2*01 CASSYVGNTGELFF
identities: 3 0.971 pmhc: 0.962 tcra: 0.974 tcrb: 0.982  TRAV21*01 TRAJ6*01 CAVRPTSGGSYIPTF TRBV6-5*01 TRBJ2-2*01 CASSYVGNTGELFF
START 1 200 T00001_A0201_EFHRWMACC
mhc max_idents: 0.962 A*02:01 EFHRWMACC A*02:01 ELAGIGIATV
GXGs? GRG GT
identities: 0 0.976 pmhc: 0.962 tcra: 0.991 tcrb: 0.982  TRAV21*01 TRAJ6*01 CAVRPTSGGSYIPTF TRBV6-5*01 TRBJ2-2*01 CASSYVGNTGELFF
identities: 1 0.976 pmhc: 0.962 tcra: 0.991 tcrb: 0.982  TRAV21*01 TRAJ6*01 CAVRPTSGGSYIPTF TRBV6-5*01 TRBJ2-2*01 CASSYVGNTGELFF
identities: 2 0.976 pmhc: 0.962 tcra: 0.991 tcrb: 0.982  TRAV21*01 TRAJ6*01 CAVRPTSGGSYIPTF TRBV6-5*01 TRBJ2-2*01 CASSYVGNTGELFF
identities: 3 0.971 pmhc: 0.962 tcra: 0.974 tcrb: 0.982  TRAV21*01 TRAJ6*01 CAVRPTSGGSYIPTF TRBV6-5*01 TRBJ2-2*01 CASSYVGNTGELFF
START 2 200 T00002_A0201_ECMTCCSRI
mhc max_idents: 0.962 A*02:01 ECMTCCSRI A*02:01 ALNTPKDHI
GXGs? GRG GT
identities: 0 0.976 pmhc: 0.962 tcra: 0.991 tcrb: 0.982  TRAV21*01 TRAJ6*01 CAVRPTSGGSYIPTF TRBV6-5*01 TRBJ2-2*01 CASSYVGNTGELFF
identities: 1 0.973 pmhc: 0.957 tcra: 0.991 tcrb: 0.982  TRAV21*01 TRAJ6*01 CAVRPTSGGSYIPTF TRBV6-5*01 TRBJ2-2*01 CASSYVGNTGELFF
identities: 2 0.973 pmhc: 0.957 tcra: 0.991 tcrb: 0.982  TRAV21*01 TRAJ6*01 CAVRPTSGGSYIPTF TRBV6-5*01 TRBJ2-2*01 CASSYVGNTGELFF
identities: 3 0.968 pmhc: 0.957 tcra: 0.974 tcrb: 0.982  TRAV21*01 TRAJ6*01 CAVRPTSGGSYIPTF TRBV6-5*01 TRBJ2-2*01 CASSYVGNTGELFF
START 3 200 T00003_A0201_GLRMHADMV
mhc max_idents: 0.967 A*02:01 GLRMHADMV A*02:01 SLLMWITQV
GXGs? GRG GT
identities: 0 0.978 pmhc: 0.967 tcra: 0.991 tcrb: 0.982  TRAV21*01 TRAJ6*01 CAVRPTSGGSYIPTF TRBV6-5*01 TRBJ2-2*01 CASSYVGNTGELFF
identities: 1 0.978 pmhc: 0.967 tcra: 0.991 tcrb: 0.982  TRAV21*01 TRAJ6*01 CAVRPTSGGSYIPTF TRBV6-5*01 TRBJ2-2*01 CASSYVGNTGELFF
identities: 2 0.978 pmhc: 0.967 tcra: 0.991 tcrb: 0.982  TRAV21*01 TRAJ6*01 CAVRPTSGGSYIPTF TRBV6-5*01 TRBJ2-2*01 CASSYVGNTGELFF
identities: 3 0.973 pmhc: 0.967 tcra: 0.974 tcrb: 0.982  TRAV21*01 TRAJ6*01 CAVRPTSGGSYIPTF TRBV6-5*01 TRBJ2-2*01 CASSYVGNTGELFF
START 4 200 T00004_A0201_SMHNWMQQC
mhc max_idents: 0.973 A*02:01 SMHNWMQQC A*02:01 SLLMWITQC
GXGs? GRG GT
identities: 0 0.981 pmhc: 0.973 tcra: 0.991 tcrb: 0.982  TRAV21*01 TRAJ6*01 CAVRPTSGGSYIPTF TRBV6-5*01 TRBJ2-2*01 CASSYVGNTGELFF
identities: 1 0.981 pmhc: 0.973 tcra: 0.991 tcrb: 0.982  TRAV21*01 TRAJ6*01 CAVRPTSGGSYIPTF TRBV6-5*01 TRBJ2-2*01 CASSYVGNTGELFF
identities: 2 0.981 pmhc: 0.973 tcra: 0.991 tcrb: 0.982  TRAV21*01 TRAJ6*01 CAVRPTSGGSYIPTF TRBV6-5*01 TRBJ2-2*01 CASSYVGNTGELFF
identities: 3 0.976 pmhc: 0.973 tcra: 0.974 tcrb: 0.982  TRAV21*01 TRAJ6*01 CAVRPTSGGSYIPTF TRBV6-5*01 TRBJ2-2*01 CASSYVGNTGELFF
START 5 200 T00005_A0201_DMHEVVTKS
mhc max_idents: 0.973 A*02:01 DMHEVVTKS A*02:01 HMTEVVRHC
GXGs? GRG GT
identities: 0 0.981 pmhc: 0.973 tcra: 0.991 tcrb: 0.982  TRAV21*01 TRAJ6*01 CAVRPTSGGSYIPTF TRBV6-5*01 TRBJ2-2*01 CASSYVGNTGELFF
identities: 1 0.981 pmhc: 0.973 tcra: 0.991 tcrb: 0.982  TRAV21*01 TRAJ6*01 CAVRPTSGGSYIPTF TRBV6-5*01 TRBJ2-2*01 CASSYVGNTGELFF
identities: 2 0.981 pmhc: 0.973 tcra: 0.991 tcrb: 0.982  TRAV21*01 TRAJ6*01 CAVRPTSGGSYIPTF TRBV6-5*01 TRBJ2-2*01 CASSYVGNTGELFF
identities: 3 0.976 pmhc: 0.973 tcra: 0.974 tcrb: 0.982  TRAV21*01 TRAJ6*01 CAVRPTSGGSYIPTF TRBV6-5*01 TRBJ2-2*01 CASSYVGNTGELFF
START 6 200 T00006_A0201_SFFRWCSKI
mhc max_idents: 0.962 A*02:01 SFFRWCSKI A*02:01 SLLMWITQV
GXGs? GRG GT
identities: 0 0.976 pmhc: 0.962 tcra: 0.991 tcrb: 0.982  TRAV21*01 TRAJ6*01 CAVRPTSGGSYIPTF TRBV6-5*01 TRBJ2-2*01 CASSYVGNTGELFF
identities: 1 0.976 pmhc: 0.962 tcra: 0.991 tcrb: 0.982  TRAV21*01 TRAJ6*01 CAVRPTSGGSYIPTF TRBV6-5*01 TRBJ2-2*01 CASSYVGNTGELFF
identities: 2 0.976 pmhc: 0.962 tcra: 0.991 tcrb: 0.982  TRAV21*01 TRAJ6*01 CAVRPTSGGSYIPTF TRBV6-5*01 TRBJ2-2*01 CASSYVGNTGELFF
identities: 3 0.971 pmhc: 0.962 tcra: 0.974 tcrb: 0.982  TRAV21*01 TRAJ6*01 CAVRPTSGGSYIPTF TRBV6-5*01 TRBJ2-2*01 CASSYVGNTGELFF
START 7 200 T00007_A0201_GLFVWRDRL
mhc max_idents: 0.967 A*02:01 GLFVWRDRL A*02:01 SLFNTIAVL
GXGs? GRG GT
identities: 0 0.978 pmhc: 0.967 tcra: 0.991 tcrb: 0.982  TRAV21*01 TRAJ6*01 CAVRPTSGGSYIPTF TRBV6-5*01 TRBJ2-2*01 CASSYVGNTGELFF
identities: 1 0.978 pmhc: 0.967 tcra: 0.991 tcrb: 0.982  TRAV21*01 TRAJ6*01 CAVRPTSGGSYIPTF TRBV6-5*01 TRBJ2-2*01 CASSYVGNTGELFF
identities: 2 0.978 pmhc: 0.967 tcra: 0.991 tcrb: 0.982  TRAV21*01 TRAJ6*01 CAVRPTSGGSYIPTF TRBV6-5*01 TRBJ2-2*01 CASSYVGNTGELFF
identities: 3 0.973 pmhc: 0.967 tcra: 0.974 tcrb: 0.982  TRAV21*01 TRAJ6*01 CAVRPTSGGSYIPTF TRBV6-5*01 TRBJ2-2*01 CASSYVGNTGELFF
START 8 200 T00008_A0201_SLLRWKMLM
mhc max_idents: 0.973 A*02:01 SLLRWKMLM A*02:01 SLLMWITQV
GXGs? GRG GT
identities: 0 0.981 pmhc: 0.973 tcra: 0.991 tcrb: 0.982  TRAV21*01 TRAJ6*01 CAVRPTSGGSYIPTF TRBV6-5*01 TRBJ2-2*01 CASSYVGNTGELFF
identities: 1 0.981 pmhc: 0.973 tcra: 0.991 tcrb: 0.982  TRAV21*01 TRAJ6*01 CAVRPTSGGSYIPTF TRBV6-5*01 TRBJ2-2*01 CASSYVGNTGELFF
identities: 2 0.981 pmhc: 0.973 tcra: 0.991 tcrb: 0.982  TRAV21*01 TRAJ6*01 CAVRPTSGGSYIPTF TRBV6-5*01 TRBJ2-2*01 CASSYVGNTGELFF
identities: 3 0.976 pmhc: 0.973 tcra: 0.974 tcrb: 0.982  TRAV21*01 TRAJ6*01 CAVRPTSGGSYIPTF TRBV6-5*01 TRBJ2-2*01 CASSYVGNTGELFF
START 9 200 T00009_A0201_SYIIWYVPV
mhc max_idents: 0.973 A*02:01 SYIIWYVPV A*02:01 SMLGIGIVPV
GXGs? GRG GT
identities: 0 0.981 pmhc: 0.973 tcra: 0.991 tcrb: 0.982  TRAV21*01 TRAJ6*01 CAVRPTSGGSYIPTF TRBV6-5*01 TRBJ2-2*01 CASSYVGNTGELFF
identities: 1 0.978 pmhc: 0.967 tcra: 0.991 tcrb: 0.982  TRAV21*01 TRAJ6*01 CAVRPTSGGSYIPTF TRBV6-5*01 TRBJ2-2*01 CASSYVGNTGELFF
identities: 2 0.978 pmhc: 0.967 tcra: 0.991 tcrb: 0.982  TRAV21*01 TRAJ6*01 CAVRPTSGGSYIPTF TRBV6-5*01 TRBJ2-2*01 CASSYVGNTGELFF
identities: 3 0.973 pmhc: 0.967 tcra: 0.974 tcrb: 0.982  TRAV21*01 TRAJ6*01 CAVRPTSGGSYIPTF TRBV6-5*01 TRBJ2-2*01 CASSYVGNTGELFF
START 10 200 T00010_A0201_NMWMWCCEA
mhc max_idents: 0.967 A*02:01 NMWMWCCEA A*02:01 CINMWCWTV
GXGs? GRG GT
identities: 0 0.978 pmhc: 0.967 tcra: 0.991 tcrb: 0.982  TRAV21*01 TRAJ6*01 CAVRPTSGGSYIPTF TRBV6-5*01 TRBJ2-2*01 CASSYVGNTGELFF
identities: 1 0.978 pmhc: 0.967 tcra: 0.991 tcrb: 0.982  TRAV21*01 TRAJ6*01 CAVRPTSGGSYIPTF TRBV6-5*01 TRBJ2-2*01 CASSYVGNTGELFF
identities: 2 0.976 pmhc: 0.962 tcra: 0.991 tcrb: 0.982  TRAV21*01 TRAJ6*01 CAVRPTSGGSYIPTF TRBV6-5*01 TRBJ2-2*01 CASSYVGNTGELFF
identities: 3 0.971 pmhc: 0.962 tcra: 0.974 tcrb: 0.982  TRAV21*01 TRAJ6*01 CAVRPTSGGSYIPTF TRBV6-5*01 TRBJ2-2*01 CASSYVGNTGELFF
START 11 200 T00011_A0201_QLYMGLTYL
mhc max_idents: 0.973 A*02:01 QLYMGLTYL A*02:01 KLYQNPTTYI
GXGs? GRG GT
identities: 0 0.981 pmhc: 0.973 tcra: 0.991 tcrb: 0.982  TRAV21*01 TRAJ6*01 CAVRPTSGGSYIPTF TRBV6-5*01 TRBJ2-2*01 CASSYVGNTGELFF
identities: 1 0.981 pmhc: 0.973 tcra: 0.991 tcrb: 0.982  TRAV21*01 TRAJ6*01 CAVRPTSGGSYIPTF TRBV6-5*01 TRBJ2-2*01 CASSYVGNTGELFF
identities: 2 0.981 pmhc: 0.973 tcra: 0.991 tcrb: 0.982  TRAV21*01 TRAJ6*01 CAVRPTSGGSYIPTF TRBV6-5*01 TRBJ2-2*01 CASSYVGNTGELFF
identities: 3 0.973 pmhc: 0.967 tcra: 0.974 tcrb: 0.982  TRAV21*01 TRAJ6*01 CAVRPTSGGSYIPTF TRBV6-5*01 TRBJ2-2*01 CASSYVGNTGELFF
START 12 200 T00012_A0201_NKEIWIFNI
mhc max_idents: 0.962 A*02:01 NKEIWIFNI A*02:01 SLLMWITQV
GXGs? GRG GT
identities: 0 0.976 pmhc: 0.962 tcra: 0.991 tcrb: 0.982  TRAV21*01 TRAJ6*01 CAVRPTSGGSYIPTF TRBV6-5*01 TRBJ2-2*01 CASSYVGNTGELFF
identities: 1 0.976 pmhc: 0.962 tcra: 0.991 tcrb: 0.982  TRAV21*01 TRAJ6*01 CAVRPTSGGSYIPTF TRBV6-5*01 TRBJ2-2*01 CASSYVGNTGELFF
identities: 2 0.976 pmhc: 0.962 tcra: 0.991 tcrb: 0.982  TRAV21*01 TRAJ6*01 CAVRPTSGGSYIPTF TRBV6-5*01 TRBJ2-2*01 CASSYVGNTGELFF
identities: 3 0.971 pmhc: 0.962 tcra: 0.974 tcrb: 0.982  TRAV21*01 TRAJ6*01 CAVRPTSGGSYIPTF TRBV6-5*01 TRBJ2-2*01 CASSYVGNTGELFF
START 13 200 T00013_A0201_LYIKWMITI
mhc max_idents: 0.962 A*02:01 LYIKWMITI A*02:01 LQLPQGTTL
GXGs? GRG GT
identities: 0 0.976 pmhc: 0.962 tcra: 0.991 tcrb: 0.982  TRAV21*01 TRAJ6*01 CAVRPTSGGSYIPTF TRBV6-5*01 TRBJ2-2*01 CASSYVGNTGELFF
identities: 1 0.976 pmhc: 0.962 tcra: 0.991 tcrb: 0.982  TRAV21*01 TRAJ6*01 CAVRPTSGGSYIPTF TRBV6-5*01 TRBJ2-2*01 CASSYVGNTGELFF
identities: 2 0.976 pmhc: 0.962 tcra: 0.991 tcrb: 0.982  TRAV21*01 TRAJ6*01 CAVRPTSGGSYIPTF TRBV6-5*01 TRBJ2-2*01 CASSYVGNTGELFF
identities: 3 0.971 pmhc: 0.962 tcra: 0.974 tcrb: 0.982  TRAV21*01 TRAJ6*01 CAVRPTSGGSYIPTF TRBV6-5*01 TRBJ2-2*01 CASSYVGNTGELFF
START 14 200 T00014_A0201_AVTQVECQT
mhc max_idents: 0.962 A*02:01 AVTQVECQT A*02:01 LLGWVFAQV
GXGs? GRG GT
identities: 0 0.976 pmhc: 0.962 tcra: 0.991 tcrb: 0.982  TRAV21*01 TRAJ6*01 CAVRPTSGGSYIPTF TRBV6-5*01 TRBJ2-2*01 CASSYVGNTGELFF
identities: 1 0.976 pmhc: 0.962 tcra: 0.991 tcrb: 0.982  TRAV21*01 TRAJ6*01 CAVRPTSGGSYIPTF TRBV6-5*01 TRBJ2-2*01 CASSYVGNTGELFF
identities: 2 0.976 pmhc: 0.962 tcra: 0.991 tcrb: 0.982  TRAV21*01 TRAJ6*01 CAVRPTSGGSYIPTF TRBV6-5*01 TRBJ2-2*01 CASSYVGNTGELFF
identities: 3 0.971 pmhc: 0.962 tcra: 0.974 tcrb: 0.982  TRAV21*01 TRAJ6*01 CAVRPTSGGSYIPTF TRBV6-5*01 TRBJ2-2*01 CASSYVGNTGELFF
START 15 200 T00015_A0201_SFLMHIRYL
mhc max_idents: 0.978 A*02:01 SFLMHIRYL A*02:01 SLLMWITQL
GXGs? GRG GT
identities: 0 0.983 pmhc: 0.978 tcra: 0.991 tcrb: 0.982  TRAV21*01 TRAJ6*01 CAVRPTSGGSYIPTF TRBV6-5*01 TRBJ2-2*01 CASSYVGNTGELFF
identities: 1 0.981 pmhc: 0.973 tcra: 0.991 tcrb: 0.982  TRAV21*01 TRAJ6*01 CAVRPTSGGSYIPTF TRBV6-5*01 TRBJ2-2*01 CASSYVGNTGELFF
identities: 2 0.981 pmhc: 0.973 tcra: 0.991 tcrb: 0.982  TRAV21*01 TRAJ6*01 CAVRPTSGGSYIPTF TRBV6-5*01 TRBJ2-2*01 CASSYVGNTGELFF
identities: 3 0.976 pmhc: 0.973 tcra: 0.974 tcrb: 0.982  TRAV21*01 TRAJ6*01 CAVRPTSGGSYIPTF TRBV6-5*01 TRBJ2-2*01 CASSYVGNTGELFF
START 16 200 T00016_A0201_NLYCRCTDV
mhc max_idents: 0.973 A*02:01 NLYCRCTDV A*02:01 NLVPMCATV
GXGs? GRG GT
identities: 0 0.981 pmhc: 0.973 tcra: 0.991 tcrb: 0.982  TRAV21*01 TRAJ6*01 CAVRPTSGGSYIPTF TRBV6-5*01 TRBJ2-2*01 CASSYVGNTGELFF
identities: 1 0.978 pmhc: 0.967 tcra: 0.991 tcrb: 0.982  TRAV21*01 TRAJ6*01 CAVRPTSGGSYIPTF TRBV6-5*01 TRBJ2-2*01 CASSYVGNTGELFF
identities: 2 0.978 pmhc: 0.967 tcra: 0.991 tcrb: 0.982  TRAV21*01 TRAJ6*01 CAVRPTSGGSYIPTF TRBV6-5*01 TRBJ2-2*01 CASSYVGNTGELFF
identities: 3 0.973 pmhc: 0.967 tcra: 0.974 tcrb: 0.982  TRAV21*01 TRAJ6*01 CAVRPTSGGSYIPTF TRBV6-5*01 TRBJ2-2*01 CASSYVGNTGELFF
START 17 200 T00017_A0201_TILHLVTQA
mhc max_idents: 0.973 A*02:01 TILHLVTQA A*02:01 GILGLVFTL
GXGs? GRG GT
identities: 0 0.981 pmhc: 0.973 tcra: 0.991 tcrb: 0.982  TRAV21*01 TRAJ6*01 CAVRPTSGGSYIPTF TRBV6-5*01 TRBJ2-2*01 CASSYVGNTGELFF
identities: 1 0.981 pmhc: 0.973 tcra: 0.991 tcrb: 0.982  TRAV21*01 TRAJ6*01 CAVRPTSGGSYIPTF TRBV6-5*01 TRBJ2-2*01 CASSYVGNTGELFF
identities: 2 0.981 pmhc: 0.973 tcra: 0.991 tcrb: 0.982  TRAV21*01 TRAJ6*01 CAVRPTSGGSYIPTF TRBV6-5*01 TRBJ2-2*01 CASSYVGNTGELFF
identities: 3 0.973 pmhc: 0.967 tcra: 0.974 tcrb: 0.982  TRAV21*01 TRAJ6*01 CAVRPTSGGSYIPTF TRBV6-5*01 TRBJ2-2*01 CASSYVGNTGELFF
START 18 200 T00018_A0201_HVHMWCLHT
mhc max_idents: 0.967 A*02:01 HVHMWCLHT A*02:01 CINMWCWTV
GXGs? GRG GT
identities: 0 0.978 pmhc: 0.967 tcra: 0.991 tcrb: 0.982  TRAV21*01 TRAJ6*01 CAVRPTSGGSYIPTF TRBV6-5*01 TRBJ2-2*01 CASSYVGNTGELFF
identities: 1 0.976 pmhc: 0.962 tcra: 0.991 tcrb: 0.982  TRAV21*01 TRAJ6*01 CAVRPTSGGSYIPTF TRBV6-5*01 TRBJ2-2*01 CASSYVGNTGELFF
identities: 2 0.976 pmhc: 0.962 tcra: 0.991 tcrb: 0.982  TRAV21*01 TRAJ6*01 CAVRPTSGGSYIPTF TRBV6-5*01 TRBJ2-2*01 CASSYVGNTGELFF
identities: 3 0.971 pmhc: 0.962 tcra: 0.974 tcrb: 0.982  TRAV21*01 TRAJ6*01 CAVRPTSGGSYIPTF TRBV6-5*01 TRBJ2-2*01 CASSYVGNTGELFF
START 19 200 T00019_A0201_QIIMYCSDC
mhc max_idents: 0.967 A*02:01 QIIMYCSDC A*02:01 CINMWCWTV
GXGs? GRG GT
identities: 0 0.978 pmhc: 0.967 tcra: 0.991 tcrb: 0.982  TRAV21*01 TRAJ6*01 CAVRPTSGGSYIPTF TRBV6-5*01 TRBJ2-2*01 CASSYVGNTGELFF
identities: 1 0.976 pmhc: 0.962 tcra: 0.991 tcrb: 0.982  TRAV21*01 TRAJ6*01 CAVRPTSGGSYIPTF TRBV6-5*01 TRBJ2-2*01 CASSYVGNTGELFF
identities: 2 0.976 pmhc: 0.962 tcra: 0.991 tcrb: 0.982  TRAV21*01 TRAJ6*01 CAVRPTSGGSYIPTF TRBV6-5*01 TRBJ2-2*01 CASSYVGNTGELFF
identities: 3 0.971 pmhc: 0.962 tcra: 0.974 tcrb: 0.982  TRAV21*01 TRAJ6*01 CAVRPTSGGSYIPTF TRBV6-5*01 TRBJ2-2*01 CASSYVGNTGELFF
START 20 200 T00020_A0201_GIWAWSTYW
mhc max_idents: 0.967 A*02:01 GIWAWSTYW A*02:01 GIWGFVFTL
GXGs? GRG GT
identities: 0 0.978 pmhc: 0.967 tcra: 0.991 tcrb: 0.982  TRAV21*01 TRAJ6*01 CAVRPTSGGSYIPTF TRBV6-5*01 TRBJ2-2*01 CASSYVGNTGELFF
identities: 1 0.976 pmhc: 0.962 tcra: 0.991 tcrb: 0.982  TRAV21*01 TRAJ6*01 CAVRPTSGGSYIPTF TRBV6-5*01 TRBJ2-2*01 CASSYVGNTGELFF
identities: 2 0.976 pmhc: 0.962 tcra: 0.991 tcrb: 0.982  TRAV21*01 TRAJ6*01 CAVRPTSGGSYIPTF TRBV6-5*01 TRBJ2-2*01 CASSYVGNTGELFF
identities: 3 0.971 pmhc: 0.962 tcra: 0.974 tcrb: 0.982  TRAV21*01 TRAJ6*01 CAVRPTSGGSYIPTF TRBV6-5*01 TRBJ2-2*01 CASSYVGNTGELFF
START 21 200 T00021_A0201_SLKMKTSEG
mhc max_idents: 0.967 A*02:01 SLKMKTSEG A*02:01 SLLMWITQV
GXGs? GRG GT
identities: 0 0.978 pmhc: 0.967 tcra: 0.991 tcrb: 0.982  TRAV21*01 TRAJ6*01 CAVRPTSGGSYIPTF TRBV6-5*01 TRBJ2-2*01 CASSYVGNTGELFF
identities: 1 0.978 pmhc: 0.967 tcra: 0.991 tcrb: 0.982  TRAV21*01 TRAJ6*01 CAVRPTSGGSYIPTF TRBV6-5*01 TRBJ2-2*01 CASSYVGNTGELFF
identities: 2 0.978 pmhc: 0.967 tcra: 0.991 tcrb: 0.982  TRAV21*01 TRAJ6*01 CAVRPTSGGSYIPTF TRBV6-5*01 TRBJ2-2*01 CASSYVGNTGELFF
identities: 3 0.973 pmhc: 0.967 tcra: 0.974 tcrb: 0.982  TRAV21*01 TRAJ6*01 CAVRPTSGGSYIPTF TRBV6-5*01 TRBJ2-2*01 CASSYVGNTGELFF
START 22 200 T00022_A0201_SQFTTIILI
mhc max_idents: 0.973 A*02:01 SQFTTIILI A*02:01 SLFNTIAVL
GXGs? GRG GT
identities: 0 0.981 pmhc: 0.973 tcra: 0.991 tcrb: 0.982  TRAV21*01 TRAJ6*01 CAVRPTSGGSYIPTF TRBV6-5*01 TRBJ2-2*01 CASSYVGNTGELFF
identities: 1 0.981 pmhc: 0.973 tcra: 0.991 tcrb: 0.982  TRAV21*01 TRAJ6*01 CAVRPTSGGSYIPTF TRBV6-5*01 TRBJ2-2*01 CASSYVGNTGELFF
identities: 2 0.981 pmhc: 0.973 tcra: 0.991 tcrb: 0.982  TRAV21*01 TRAJ6*01 CAVRPTSGGSYIPTF TRBV6-5*01 TRBJ2-2*01 CASSYVGNTGELFF
identities: 3 0.976 pmhc: 0.973 tcra: 0.974 tcrb: 0.982  TRAV21*01 TRAJ6*01 CAVRPTSGGSYIPTF TRBV6-5*01 TRBJ2-2*01 CASSYVGNTGELFF
START 23 200 T00023_A0201_SLLNWIVQP
mhc max_idents: 0.984 A*02:01 SLLNWIVQP A*02:01 SLLMWITQV
GXGs? GRG GT
identities: 0 0.985 pmhc: 0.984 tcra: 0.991 tcrb: 0.982  TRAV21*01 TRAJ6*01 CAVRPTSGGSYIPTF TRBV6-5*01 TRBJ2-2*01 CASSYVGNTGELFF
identities: 1 0.985 pmhc: 0.984 tcra: 0.991 tcrb: 0.982  TRAV21*01 TRAJ6*01 CAVRPTSGGSYIPTF TRBV6-5*01 TRBJ2-2*01 CASSYVGNTGELFF
identities: 2 0.985 pmhc: 0.984 tcra: 0.991 tcrb: 0.982  TRAV21*01 TRAJ6*01 CAVRPTSGGSYIPTF TRBV6-5*01 TRBJ2-2*01 CASSYVGNTGELFF
identities: 3 0.981 pmhc: 0.984 tcra: 0.974 tcrb: 0.982  TRAV21*01 TRAJ6*01 CAVRPTSGGSYIPTF TRBV6-5*01 TRBJ2-2*01 CASSYVGNTGELFF
START 24 200 T00024_A0201_SANLFMHLC
mhc max_idents: 0.962 A*02:01 SANLFMHLC A*02:01 YLQLRTFLL
GXGs? GRG GT
identities: 0 0.976 pmhc: 0.962 tcra: 0.991 tcrb: 0.982  TRAV21*01 TRAJ6*01 CAVRPTSGGSYIPTF TRBV6-5*01 TRBJ2-2*01 CASSYVGNTGELFF
identities: 1 0.976 pmhc: 0.962 tcra: 0.991 tcrb: 0.982  TRAV21*01 TRAJ6*01 CAVRPTSGGSYIPTF TRBV6-5*01 TRBJ2-2*01 CASSYVGNTGELFF
identities: 2 0.976 pmhc: 0.962 tcra: 0.991 tcrb: 0.982  TRAV21*01 TRAJ6*01 CAVRPTSGGSYIPTF TRBV6-5*01 TRBJ2-2*01 CASSYVGNTGELFF
identities: 3 0.971 pmhc: 0.962 tcra: 0.974 tcrb: 0.982  TRAV21*01 TRAJ6*01 CAVRPTSGGSYIPTF TRBV6-5*01 TRBJ2-2*01 CASSYVGNTGELFF
START 25 200 T00025_A0201_AILPWYKQC
mhc max_idents: 0.973 A*02:01 AILPWYKQC A*02:01 SLLMWITQC
GXGs? GRG GT
identities: 0 0.981 pmhc: 0.973 tcra: 0.991 tcrb: 0.982  TRAV21*01 TRAJ6*01 CAVRPTSGGSYIPTF TRBV6-5*01 TRBJ2-2*01 CASSYVGNTGELFF
identities: 1 0.981 pmhc: 0.973 tcra: 0.991 tcrb: 0.982  TRAV21*01 TRAJ6*01 CAVRPTSGGSYIPTF TRBV6-5*01 TRBJ2-2*01 CASSYVGNTGELFF
identities: 2 0.981 pmhc: 0.973 tcra: 0.991 tcrb: 0.982  TRAV21*01 TRAJ6*01 CAVRPTSGGSYIPTF TRBV6-5*01 TRBJ2-2*01 CASSYVGNTGELFF
identities: 3 0.976 pmhc: 0.973 tcra: 0.974 tcrb: 0.982  TRAV21*01 TRAJ6*01 CAVRPTSGGSYIPTF TRBV6-5*01 TRBJ2-2*01 CASSYVGNTGELFF
START 26 200 T00026_A0201_CKYMWFYRI
mhc max_idents: 0.967 A*02:01 CKYMWFYRI A*02:01 CINMWCWTV
GXGs? GRG GT
identities: 0 0.978 pmhc: 0.967 tcra: 0.991 tcrb: 0.982  TRAV21*01 TRAJ6*01 CAVRPTSGGSYIPTF TRBV6-5*01 TRBJ2-2*01 CASSYVGNTGELFF
identities: 1 0.976 pmhc: 0.962 tcra: 0.991 tcrb: 0.982  TRAV21*01 TRAJ6*01 CAVRPTSGGSYIPTF TRBV6-5*01 TRBJ2-2*01 CASSYVGNTGELFF
identities: 2 0.976 pmhc: 0.962 tcra: 0.991 tcrb: 0.982  TRAV21*01 TRAJ6*01 CAVRPTSGGSYIPTF TRBV6-5*01 TRBJ2-2*01 CASSYVGNTGELFF
identities: 3 0.971 pmhc: 0.962 tcra: 0.974 tcrb: 0.982  TRAV21*01 TRAJ6*01 CAVRPTSGGSYIPTF TRBV6-5*01 TRBJ2-2*01 CASSYVGNTGELFF
START 27 200 T00027_A0201_NNIQFCMKC
mhc max_idents: 0.962 A*02:01 NNIQFCMKC A*02:01 RQISQDVKL
GXGs? GRG GT
identities: 0 0.976 pmhc: 0.962 tcra: 0.991 tcrb: 0.982  TRAV21*01 TRAJ6*01 CAVRPTSGGSYIPTF TRBV6-5*01 TRBJ2-2*01 CASSYVGNTGELFF
identities: 1 0.976 pmhc: 0.962 tcra: 0.991 tcrb: 0.982  TRAV21*01 TRAJ6*01 CAVRPTSGGSYIPTF TRBV6-5*01 TRBJ2-2*01 CASSYVGNTGELFF
identities: 2 0.973 pmhc: 0.957 tcra: 0.991 tcrb: 0.982  TRAV21*01 TRAJ6*01 CAVRPTSGGSYIPTF TRBV6-5*01 TRBJ2-2*01 CASSYVGNTGELFF
identities: 3 0.968 pmhc: 0.957 tcra: 0.974 tcrb: 0.982  TRAV21*01 TRAJ6*01 CAVRPTSGGSYIPTF TRBV6-5*01 TRBJ2-2*01 CASSYVGNTGELFF
START 28 200 T00028_A0201_NYMLWFMKC
mhc max_idents: 0.962 A*02:01 NYMLWFMKC A*02:01 SLLMWITQC
GXGs? GRG GT
identities: 0 0.976 pmhc: 0.962 tcra: 0.991 tcrb: 0.982  TRAV21*01 TRAJ6*01 CAVRPTSGGSYIPTF TRBV6-5*01 TRBJ2-2*01 CASSYVGNTGELFF
identities: 1 0.976 pmhc: 0.962 tcra: 0.991 tcrb: 0.982  TRAV21*01 TRAJ6*01 CAVRPTSGGSYIPTF TRBV6-5*01 TRBJ2-2*01 CASSYVGNTGELFF
identities: 2 0.976 pmhc: 0.962 tcra: 0.991 tcrb: 0.982  TRAV21*01 TRAJ6*01 CAVRPTSGGSYIPTF TRBV6-5*01 TRBJ2-2*01 CASSYVGNTGELFF
identities: 3 0.971 pmhc: 0.962 tcra: 0.974 tcrb: 0.982  TRAV21*01 TRAJ6*01 CAVRPTSGGSYIPTF TRBV6-5*01 TRBJ2-2*01 CASSYVGNTGELFF
START 29 200 T00029_A0201_PVSMWMQFL
mhc max_idents: 0.967 A*02:01 PVSMWMQFL A*02:01 KVAELVWFL
GXGs? GRG GT
identities: 0 0.978 pmhc: 0.967 tcra: 0.991 tcrb: 0.982  TRAV21*01 TRAJ6*01 CAVRPTSGGSYIPTF TRBV6-5*01 TRBJ2-2*01 CASSYVGNTGELFF
identities: 1 0.978 pmhc: 0.967 tcra: 0.991 tcrb: 0.982  TRAV21*01 TRAJ6*01 CAVRPTSGGSYIPTF TRBV6-5*01 TRBJ2-2*01 CASSYVGNTGELFF
identities: 2 0.978 pmhc: 0.967 tcra: 0.991 tcrb: 0.982  TRAV21*01 TRAJ6*01 CAVRPTSGGSYIPTF TRBV6-5*01 TRBJ2-2*01 CASSYVGNTGELFF
identities: 3 0.973 pmhc: 0.967 tcra: 0.974 tcrb: 0.982  TRAV21*01 TRAJ6*01 CAVRPTSGGSYIPTF TRBV6-5*01 TRBJ2-2*01 CASSYVGNTGELFF
START 30 200 T00030_A0201_TFKSWIPSC
mhc max_idents: 0.967 A*02:01 TFKSWIPSC A*02:01 GLKEGIPAL
GXGs? GRG GT
identities: 0 0.978 pmhc: 0.967 tcra: 0.991 tcrb: 0.982  TRAV21*01 TRAJ6*01 CAVRPTSGGSYIPTF TRBV6-5*01 TRBJ2-2*01 CASSYVGNTGELFF
identities: 1 0.978 pmhc: 0.967 tcra: 0.991 tcrb: 0.982  TRAV21*01 TRAJ6*01 CAVRPTSGGSYIPTF TRBV6-5*01 TRBJ2-2*01 CASSYVGNTGELFF
identities: 2 0.978 pmhc: 0.967 tcra: 0.991 tcrb: 0.982  TRAV21*01 TRAJ6*01 CAVRPTSGGSYIPTF TRBV6-5*01 TRBJ2-2*01 CASSYVGNTGELFF
identities: 3 0.973 pmhc: 0.967 tcra: 0.974 tcrb: 0.982  TRAV21*01 TRAJ6*01 CAVRPTSGGSYIPTF TRBV6-5*01 TRBJ2-2*01 CASSYVGNTGELFF
START 31 200 T00031_A0201_HGIERENRE
mhc max_idents: 0.967 A*02:01 HGIERENRE A*02:01 HMTEVVRRC
GXGs? GRG GT
identities: 0 0.978 pmhc: 0.967 tcra: 0.991 tcrb: 0.982  TRAV21*01 TRAJ6*01 CAVRPTSGGSYIPTF TRBV6-5*01 TRBJ2-2*01 CASSYVGNTGELFF
identities: 1 0.976 pmhc: 0.962 tcra: 0.991 tcrb: 0.982  TRAV21*01 TRAJ6*01 CAVRPTSGGSYIPTF TRBV6-5*01 TRBJ2-2*01 CASSYVGNTGELFF
identities: 2 0.976 pmhc: 0.962 tcra: 0.991 tcrb: 0.982  TRAV21*01 TRAJ6*01 CAVRPTSGGSYIPTF TRBV6-5*01 TRBJ2-2*01 CASSYVGNTGELFF
identities: 3 0.971 pmhc: 0.962 tcra: 0.974 tcrb: 0.982  TRAV21*01 TRAJ6*01 CAVRPTSGGSYIPTF TRBV6-5*01 TRBJ2-2*01 CASSYVGNTGELFF
START 32 200 T00032_A0201_ALTIWAPQC
mhc max_idents: 0.973 A*02:01 ALTIWAPQC A*02:01 SLLMWITQC
GXGs? GRG GT
identities: 0 0.981 pmhc: 0.973 tcra: 0.991 tcrb: 0.982  TRAV21*01 TRAJ6*01 CAVRPTSGGSYIPTF TRBV6-5*01 TRBJ2-2*01 CASSYVGNTGELFF
identities: 1 0.981 pmhc: 0.973 tcra: 0.991 tcrb: 0.982  TRAV21*01 TRAJ6*01 CAVRPTSGGSYIPTF TRBV6-5*01 TRBJ2-2*01 CASSYVGNTGELFF
identities: 2 0.981 pmhc: 0.973 tcra: 0.991 tcrb: 0.982  TRAV21*01 TRAJ6*01 CAVRPTSGGSYIPTF TRBV6-5*01 TRBJ2-2*01 CASSYVGNTGELFF
identities: 3 0.976 pmhc: 0.973 tcra: 0.974 tcrb: 0.982  TRAV21*01 TRAJ6*01 CAVRPTSGGSYIPTF TRBV6-5*01 TRBJ2-2*01 CASSYVGNTGELFF
START 33 200 T00033_A0201_ALYMWVTQK
mhc max_idents: 0.978 A*02:01 ALYMWVTQK A*02:01 SLLMWITQV
GXGs? GRG GT
identities: 0 0.983 pmhc: 0.978 tcra: 0.991 tcrb: 0.982  TRAV21*01 TRAJ6*01 CAVRPTSGGSYIPTF TRBV6-5*01 TRBJ2-2*01 CASSYVGNTGELFF
identities: 1 0.983 pmhc: 0.978 tcra: 0.991 tcrb: 0.982  TRAV21*01 TRAJ6*01 CAVRPTSGGSYIPTF TRBV6-5*01 TRBJ2-2*01 CASSYVGNTGELFF
identities: 2 0.983 pmhc: 0.978 tcra: 0.991 tcrb: 0.982  TRAV21*01 TRAJ6*01 CAVRPTSGGSYIPTF TRBV6-5*01 TRBJ2-2*01 CASSYVGNTGELFF
identities: 3 0.978 pmhc: 0.978 tcra: 0.974 tcrb: 0.982  TRAV21*01 TRAJ6*01 CAVRPTSGGSYIPTF TRBV6-5*01 TRBJ2-2*01 CASSYVGNTGELFF
START 34 200 T00034_A0201_SLSMWVHGC
mhc max_idents: 0.978 A*02:01 SLSMWVHGC A*02:01 SLLMWITQC
GXGs? GRG GT
identities: 0 0.983 pmhc: 0.978 tcra: 0.991 tcrb: 0.982  TRAV21*01 TRAJ6*01 CAVRPTSGGSYIPTF TRBV6-5*01 TRBJ2-2*01 CASSYVGNTGELFF
identities: 1 0.983 pmhc: 0.978 tcra: 0.991 tcrb: 0.982  TRAV21*01 TRAJ6*01 CAVRPTSGGSYIPTF TRBV6-5*01 TRBJ2-2*01 CASSYVGNTGELFF
identities: 2 0.983 pmhc: 0.978 tcra: 0.991 tcrb: 0.982  TRAV21*01 TRAJ6*01 CAVRPTSGGSYIPTF TRBV6-5*01 TRBJ2-2*01 CASSYVGNTGELFF
identities: 3 0.978 pmhc: 0.978 tcra: 0.974 tcrb: 0.982  TRAV21*01 TRAJ6*01 CAVRPTSGGSYIPTF TRBV6-5*01 TRBJ2-2*01 CASSYVGNTGELFF
START 35 200 T00035_A0201_DLDLWAIWV
mhc max_idents: 0.967 A*02:01 DLDLWAIWV A*02:01 ILDQVPFSV
GXGs? GRG GT
identities: 0 0.978 pmhc: 0.967 tcra: 0.991 tcrb: 0.982  TRAV21*01 TRAJ6*01 CAVRPTSGGSYIPTF TRBV6-5*01 TRBJ2-2*01 CASSYVGNTGELFF
identities: 1 0.978 pmhc: 0.967 tcra: 0.991 tcrb: 0.982  TRAV21*01 TRAJ6*01 CAVRPTSGGSYIPTF TRBV6-5*01 TRBJ2-2*01 CASSYVGNTGELFF
identities: 2 0.978 pmhc: 0.967 tcra: 0.991 tcrb: 0.982  TRAV21*01 TRAJ6*01 CAVRPTSGGSYIPTF TRBV6-5*01 TRBJ2-2*01 CASSYVGNTGELFF
identities: 3 0.973 pmhc: 0.967 tcra: 0.974 tcrb: 0.982  TRAV21*01 TRAJ6*01 CAVRPTSGGSYIPTF TRBV6-5*01 TRBJ2-2*01 CASSYVGNTGELFF
START 36 200 T00036_A0201_TMFMTRTEM
mhc max_idents: 0.962 A*02:01 TMFMTRTEM A*02:01 GMSRIGMEV
GXGs? GRG GT
identities: 0 0.976 pmhc: 0.962 tcra: 0.991 tcrb: 0.982  TRAV21*01 TRAJ6*01 CAVRPTSGGSYIPTF TRBV6-5*01 TRBJ2-2*01 CASSYVGNTGELFF
identities: 1 0.976 pmhc: 0.962 tcra: 0.991 tcrb: 0.982  TRAV21*01 TRAJ6*01 CAVRPTSGGSYIPTF TRBV6-5*01 TRBJ2-2*01 CASSYVGNTGELFF
identities: 2 0.976 pmhc: 0.962 tcra: 0.991 tcrb: 0.982  TRAV21*01 TRAJ6*01 CAVRPTSGGSYIPTF TRBV6-5*01 TRBJ2-2*01 CASSYVGNTGELFF
identities: 3 0.971 pmhc: 0.962 tcra: 0.974 tcrb: 0.982  TRAV21*01 TRAJ6*01 CAVRPTSGGSYIPTF TRBV6-5*01 TRBJ2-2*01 CASSYVGNTGELFF
START 37 200 T00037_A0201_QSCLWNMEC
mhc max_idents: 0.962 A*02:01 QSCLWNMEC A*02:01 GMSRIGMEV
GXGs? GRG GT
identities: 0 0.976 pmhc: 0.962 tcra: 0.991 tcrb: 0.982  TRAV21*01 TRAJ6*01 CAVRPTSGGSYIPTF TRBV6-5*01 TRBJ2-2*01 CASSYVGNTGELFF
identities: 1 0.976 pmhc: 0.962 tcra: 0.991 tcrb: 0.982  TRAV21*01 TRAJ6*01 CAVRPTSGGSYIPTF TRBV6-5*01 TRBJ2-2*01 CASSYVGNTGELFF
identities: 2 0.976 pmhc: 0.962 tcra: 0.991 tcrb: 0.982  TRAV21*01 TRAJ6*01 CAVRPTSGGSYIPTF TRBV6-5*01 TRBJ2-2*01 CASSYVGNTGELFF
identities: 3 0.971 pmhc: 0.962 tcra: 0.974 tcrb: 0.982  TRAV21*01 TRAJ6*01 CAVRPTSGGSYIPTF TRBV6-5*01 TRBJ2-2*01 CASSYVGNTGELFF
START 38 200 T00038_A0201_NWCLWIGMK
mhc max_idents: 0.962 A*02:01 NWCLWIGMK A*02:01 SLLMWITQV
GXGs? GRG GT
identities: 0 0.976 pmhc: 0.962 tcra: 0.991 tcrb: 0.982  TRAV21*01 TRAJ6*01 CAVRPTSGGSYIPTF TRBV6-5*01 TRBJ2-2*01 CASSYVGNTGELFF
identities: 1 0.976 pmhc: 0.962 tcra: 0.991 tcrb: 0.982  TRAV21*01 TRAJ6*01 CAVRPTSGGSYIPTF TRBV6-5*01 TRBJ2-2*01 CASSYVGNTGELFF
identities: 2 0.976 pmhc: 0.962 tcra: 0.991 tcrb: 0.982  TRAV21*01 TRAJ6*01 CAVRPTSGGSYIPTF TRBV6-5*01 TRBJ2-2*01 CASSYVGNTGELFF
identities: 3 0.971 pmhc: 0.962 tcra: 0.974 tcrb: 0.982  TRAV21*01 TRAJ6*01 CAVRPTSGGSYIPTF TRBV6-5*01 TRBJ2-2*01 CASSYVGNTGELFF
START 39 200 T00039_A0201_SYFPWYYQI
mhc max_idents: 0.967 A*02:01 SYFPWYYQI A*02:01 SLLMWITQV
GXGs? GRG GT
identities: 0 0.978 pmhc: 0.967 tcra: 0.991 tcrb: 0.982  TRAV21*01 TRAJ6*01 CAVRPTSGGSYIPTF TRBV6-5*01 TRBJ2-2*01 CASSYVGNTGELFF
identities: 1 0.978 pmhc: 0.967 tcra: 0.991 tcrb: 0.982  TRAV21*01 TRAJ6*01 CAVRPTSGGSYIPTF TRBV6-5*01 TRBJ2-2*01 CASSYVGNTGELFF
identities: 2 0.978 pmhc: 0.967 tcra: 0.991 tcrb: 0.982  TRAV21*01 TRAJ6*01 CAVRPTSGGSYIPTF TRBV6-5*01 TRBJ2-2*01 CASSYVGNTGELFF
identities: 3 0.973 pmhc: 0.967 tcra: 0.974 tcrb: 0.982  TRAV21*01 TRAJ6*01 CAVRPTSGGSYIPTF TRBV6-5*01 TRBJ2-2*01 CASSYVGNTGELFF
START 40 200 T00040_A0201_IMIAWMSQS
mhc max_idents: 0.967 A*02:01 IMIAWMSQS A*02:01 SLLMWITQS
GXGs? GRG GT
identities: 0 0.978 pmhc: 0.967 tcra: 0.991 tcrb: 0.982  TRAV21*01 TRAJ6*01 CAVRPTSGGSYIPTF TRBV6-5*01 TRBJ2-2*01 CASSYVGNTGELFF
identities: 1 0.976 pmhc: 0.962 tcra: 0.991 tcrb: 0.982  TRAV21*01 TRAJ6*01 CAVRPTSGGSYIPTF TRBV6-5*01 TRBJ2-2*01 CASSYVGNTGELFF
identities: 2 0.976 pmhc: 0.962 tcra: 0.991 tcrb: 0.982  TRAV21*01 TRAJ6*01 CAVRPTSGGSYIPTF TRBV6-5*01 TRBJ2-2*01 CASSYVGNTGELFF
identities: 3 0.971 pmhc: 0.962 tcra: 0.974 tcrb: 0.982  TRAV21*01 TRAJ6*01 CAVRPTSGGSYIPTF TRBV6-5*01 TRBJ2-2*01 CASSYVGNTGELFF
START 41 200 T00041_A0201_EVKLWIWQC
mhc max_idents: 0.973 A*02:01 EVKLWIWQC A*02:01 SLLMWITQC
GXGs? GRG GT
identities: 0 0.981 pmhc: 0.973 tcra: 0.991 tcrb: 0.982  TRAV21*01 TRAJ6*01 CAVRPTSGGSYIPTF TRBV6-5*01 TRBJ2-2*01 CASSYVGNTGELFF
identities: 1 0.981 pmhc: 0.973 tcra: 0.991 tcrb: 0.982  TRAV21*01 TRAJ6*01 CAVRPTSGGSYIPTF TRBV6-5*01 TRBJ2-2*01 CASSYVGNTGELFF
identities: 2 0.981 pmhc: 0.973 tcra: 0.991 tcrb: 0.982  TRAV21*01 TRAJ6*01 CAVRPTSGGSYIPTF TRBV6-5*01 TRBJ2-2*01 CASSYVGNTGELFF
identities: 3 0.976 pmhc: 0.973 tcra: 0.974 tcrb: 0.982  TRAV21*01 TRAJ6*01 CAVRPTSGGSYIPTF TRBV6-5*01 TRBJ2-2*01 CASSYVGNTGELFF
START 42 200 T00042_A0201_VITCWCVQS
mhc max_idents: 0.967 A*02:01 VITCWCVQS A*02:01 KLWAQCVQL
GXGs? GRG GT
identities: 0 0.978 pmhc: 0.967 tcra: 0.991 tcrb: 0.982  TRAV21*01 TRAJ6*01 CAVRPTSGGSYIPTF TRBV6-5*01 TRBJ2-2*01 CASSYVGNTGELFF
identities: 1 0.978 pmhc: 0.967 tcra: 0.991 tcrb: 0.982  TRAV21*01 TRAJ6*01 CAVRPTSGGSYIPTF TRBV6-5*01 TRBJ2-2*01 CASSYVGNTGELFF
identities: 2 0.978 pmhc: 0.967 tcra: 0.991 tcrb: 0.982  TRAV21*01 TRAJ6*01 CAVRPTSGGSYIPTF TRBV6-5*01 TRBJ2-2*01 CASSYVGNTGELFF
identities: 3 0.973 pmhc: 0.967 tcra: 0.974 tcrb: 0.982  TRAV21*01 TRAJ6*01 CAVRPTSGGSYIPTF TRBV6-5*01 TRBJ2-2*01 CASSYVGNTGELFF
START 43 200 T00043_A0201_TRLYWCIMF
mhc max_idents: 0.962 A*02:01 TRLYWCIMF A*02:01 ILLNKHIDA
GXGs? GRG GT
identities: 0 0.976 pmhc: 0.962 tcra: 0.991 tcrb: 0.982  TRAV21*01 TRAJ6*01 CAVRPTSGGSYIPTF TRBV6-5*01 TRBJ2-2*01 CASSYVGNTGELFF
identities: 1 0.976 pmhc: 0.962 tcra: 0.991 tcrb: 0.982  TRAV21*01 TRAJ6*01 CAVRPTSGGSYIPTF TRBV6-5*01 TRBJ2-2*01 CASSYVGNTGELFF
identities: 2 0.976 pmhc: 0.962 tcra: 0.991 tcrb: 0.982  TRAV21*01 TRAJ6*01 CAVRPTSGGSYIPTF TRBV6-5*01 TRBJ2-2*01 CASSYVGNTGELFF
identities: 3 0.971 pmhc: 0.962 tcra: 0.974 tcrb: 0.982  TRAV21*01 TRAJ6*01 CAVRPTSGGSYIPTF TRBV6-5*01 TRBJ2-2*01 CASSYVGNTGELFF
START 44 200 T00044_A0201_ARVMWLNTR
mhc max_idents: 0.967 A*02:01 ARVMWLNTR A*02:01 CINMWCWTV
GXGs? GRG GT
identities: 0 0.978 pmhc: 0.967 tcra: 0.991 tcrb: 0.982  TRAV21*01 TRAJ6*01 CAVRPTSGGSYIPTF TRBV6-5*01 TRBJ2-2*01 CASSYVGNTGELFF
identities: 1 0.976 pmhc: 0.962 tcra: 0.991 tcrb: 0.982  TRAV21*01 TRAJ6*01 CAVRPTSGGSYIPTF TRBV6-5*01 TRBJ2-2*01 CASSYVGNTGELFF
identities: 2 0.976 pmhc: 0.962 tcra: 0.991 tcrb: 0.982  TRAV21*01 TRAJ6*01 CAVRPTSGGSYIPTF TRBV6-5*01 TRBJ2-2*01 CASSYVGNTGELFF
identities: 3 0.971 pmhc: 0.962 tcra: 0.974 tcrb: 0.982  TRAV21*01 TRAJ6*01 CAVRPTSGGSYIPTF TRBV6-5*01 TRBJ2-2*01 CASSYVGNTGELFF
START 45 200 T00045_A0201_SVDMWITET
mhc max_idents: 0.978 A*02:01 SVDMWITET A*02:01 SLLMWITQV
GXGs? GRG GT
identities: 0 0.983 pmhc: 0.978 tcra: 0.991 tcrb: 0.982  TRAV21*01 TRAJ6*01 CAVRPTSGGSYIPTF TRBV6-5*01 TRBJ2-2*01 CASSYVGNTGELFF
identities: 1 0.983 pmhc: 0.978 tcra: 0.991 tcrb: 0.982  TRAV21*01 TRAJ6*01 CAVRPTSGGSYIPTF TRBV6-5*01 TRBJ2-2*01 CASSYVGNTGELFF
identities: 2 0.983 pmhc: 0.978 tcra: 0.991 tcrb: 0.982  TRAV21*01 TRAJ6*01 CAVRPTSGGSYIPTF TRBV6-5*01 TRBJ2-2*01 CASSYVGNTGELFF
identities: 3 0.978 pmhc: 0.978 tcra: 0.974 tcrb: 0.982  TRAV21*01 TRAJ6*01 CAVRPTSGGSYIPTF TRBV6-5*01 TRBJ2-2*01 CASSYVGNTGELFF
START 46 200 T00046_A0201_KVMEWILMA
mhc max_idents: 0.967 A*02:01 KVMEWILMA A*02:01 KVAELVWFL
GXGs? GRG GT
identities: 0 0.978 pmhc: 0.967 tcra: 0.991 tcrb: 0.982  TRAV21*01 TRAJ6*01 CAVRPTSGGSYIPTF TRBV6-5*01 TRBJ2-2*01 CASSYVGNTGELFF
identities: 1 0.978 pmhc: 0.967 tcra: 0.991 tcrb: 0.982  TRAV21*01 TRAJ6*01 CAVRPTSGGSYIPTF TRBV6-5*01 TRBJ2-2*01 CASSYVGNTGELFF
identities: 2 0.978 pmhc: 0.967 tcra: 0.991 tcrb: 0.982  TRAV21*01 TRAJ6*01 CAVRPTSGGSYIPTF TRBV6-5*01 TRBJ2-2*01 CASSYVGNTGELFF
identities: 3 0.973 pmhc: 0.967 tcra: 0.974 tcrb: 0.982  TRAV21*01 TRAJ6*01 CAVRPTSGGSYIPTF TRBV6-5*01 TRBJ2-2*01 CASSYVGNTGELFF
START 47 200 T00047_A0201_SLLIWIYNM
mhc max_idents: 0.978 A*02:01 SLLIWIYNM A*02:01 SLLMWITQV
GXGs? GRG GT
identities: 0 0.983 pmhc: 0.978 tcra: 0.991 tcrb: 0.982  TRAV21*01 TRAJ6*01 CAVRPTSGGSYIPTF TRBV6-5*01 TRBJ2-2*01 CASSYVGNTGELFF
identities: 1 0.983 pmhc: 0.978 tcra: 0.991 tcrb: 0.982  TRAV21*01 TRAJ6*01 CAVRPTSGGSYIPTF TRBV6-5*01 TRBJ2-2*01 CASSYVGNTGELFF
identities: 2 0.983 pmhc: 0.978 tcra: 0.991 tcrb: 0.982  TRAV21*01 TRAJ6*01 CAVRPTSGGSYIPTF TRBV6-5*01 TRBJ2-2*01 CASSYVGNTGELFF
identities: 3 0.978 pmhc: 0.978 tcra: 0.974 tcrb: 0.982  TRAV21*01 TRAJ6*01 CAVRPTSGGSYIPTF TRBV6-5*01 TRBJ2-2*01 CASSYVGNTGELFF
START 48 200 T00048_A0201_IIELLTWYP
mhc max_idents: 0.962 A*02:01 IIELLTWYP A*02:01 YLQLRTFLL
GXGs? GRG GT
identities: 0 0.976 pmhc: 0.962 tcra: 0.991 tcrb: 0.982  TRAV21*01 TRAJ6*01 CAVRPTSGGSYIPTF TRBV6-5*01 TRBJ2-2*01 CASSYVGNTGELFF
identities: 1 0.976 pmhc: 0.962 tcra: 0.991 tcrb: 0.982  TRAV21*01 TRAJ6*01 CAVRPTSGGSYIPTF TRBV6-5*01 TRBJ2-2*01 CASSYVGNTGELFF
identities: 2 0.976 pmhc: 0.962 tcra: 0.991 tcrb: 0.982  TRAV21*01 TRAJ6*01 CAVRPTSGGSYIPTF TRBV6-5*01 TRBJ2-2*01 CASSYVGNTGELFF
identities: 3 0.971 pmhc: 0.962 tcra: 0.974 tcrb: 0.982  TRAV21*01 TRAJ6*01 CAVRPTSGGSYIPTF TRBV6-5*01 TRBJ2-2*01 CASSYVGNTGELFF
START 49 200 T00049_A0201_STLWWTQTV
mhc max_idents: 0.973 A*02:01 STLWWTQTV A*02:01 SLLMWITQV
GXGs? GRG GT
identities: 0 0.981 pmhc: 0.973 tcra: 0.991 tcrb: 0.982  TRAV21*01 TRAJ6*01 CAVRPTSGGSYIPTF TRBV6-5*01 TRBJ2-2*01 CASSYVGNTGELFF
identities: 1 0.981 pmhc: 0.973 tcra: 0.991 tcrb: 0.982  TRAV21*01 TRAJ6*01 CAVRPTSGGSYIPTF TRBV6-5*01 TRBJ2-2*01 CASSYVGNTGELFF
identities: 2 0.981 pmhc: 0.973 tcra: 0.991 tcrb: 0.982  TRAV21*01 TRAJ6*01 CAVRPTSGGSYIPTF TRBV6-5*01 TRBJ2-2*01 CASSYVGNTGELFF
identities: 3 0.976 pmhc: 0.973 tcra: 0.974 tcrb: 0.982  TRAV21*01 TRAJ6*01 CAVRPTSGGSYIPTF TRBV6-5*01 TRBJ2-2*01 CASSYVGNTGELFF
START 50 200 T00050_A0201_CIYMWARCN
mhc max_idents: 0.973 A*02:01 CIYMWARCN A*02:01 CINMWCWTV
GXGs? GRG GT
identities: 0 0.981 pmhc: 0.973 tcra: 0.991 tcrb: 0.982  TRAV21*01 TRAJ6*01 CAVRPTSGGSYIPTF TRBV6-5*01 TRBJ2-2*01 CASSYVGNTGELFF
identities: 1 0.976 pmhc: 0.962 tcra: 0.991 tcrb: 0.982  TRAV21*01 TRAJ6*01 CAVRPTSGGSYIPTF TRBV6-5*01 TRBJ2-2*01 CASSYVGNTGELFF
identities: 2 0.976 pmhc: 0.962 tcra: 0.991 tcrb: 0.982  TRAV21*01 TRAJ6*01 CAVRPTSGGSYIPTF TRBV6-5*01 TRBJ2-2*01 CASSYVGNTGELFF
identities: 3 0.971 pmhc: 0.962 tcra: 0.974 tcrb: 0.982  TRAV21*01 TRAJ6*01 CAVRPTSGGSYIPTF TRBV6-5*01 TRBJ2-2*01 CASSYVGNTGELFF
START 51 200 T00051_A0201_NLLGWISGE
mhc max_idents: 0.973 A*02:01 NLLGWISGE A*02:01 SLLMWITQV
GXGs? GRG GT
identities: 0 0.981 pmhc: 0.973 tcra: 0.991 tcrb: 0.982  TRAV21*01 TRAJ6*01 CAVRPTSGGSYIPTF TRBV6-5*01 TRBJ2-2*01 CASSYVGNTGELFF
identities: 1 0.981 pmhc: 0.973 tcra: 0.991 tcrb: 0.982  TRAV21*01 TRAJ6*01 CAVRPTSGGSYIPTF TRBV6-5*01 TRBJ2-2*01 CASSYVGNTGELFF
identities: 2 0.981 pmhc: 0.973 tcra: 0.991 tcrb: 0.982  TRAV21*01 TRAJ6*01 CAVRPTSGGSYIPTF TRBV6-5*01 TRBJ2-2*01 CASSYVGNTGELFF
identities: 3 0.976 pmhc: 0.973 tcra: 0.974 tcrb: 0.982  TRAV21*01 TRAJ6*01 CAVRPTSGGSYIPTF TRBV6-5*01 TRBJ2-2*01 CASSYVGNTGELFF
START 52 200 T00052_A0201_ACFMWLTNT
mhc max_idents: 0.967 A*02:01 ACFMWLTNT A*02:01 SLLMWITQV
GXGs? GRG GT
identities: 0 0.978 pmhc: 0.967 tcra: 0.991 tcrb: 0.982  TRAV21*01 TRAJ6*01 CAVRPTSGGSYIPTF TRBV6-5*01 TRBJ2-2*01 CASSYVGNTGELFF
identities: 1 0.978 pmhc: 0.967 tcra: 0.991 tcrb: 0.982  TRAV21*01 TRAJ6*01 CAVRPTSGGSYIPTF TRBV6-5*01 TRBJ2-2*01 CASSYVGNTGELFF
identities: 2 0.978 pmhc: 0.967 tcra: 0.991 tcrb: 0.982  TRAV21*01 TRAJ6*01 CAVRPTSGGSYIPTF TRBV6-5*01 TRBJ2-2*01 CASSYVGNTGELFF
identities: 3 0.973 pmhc: 0.967 tcra: 0.974 tcrb: 0.982  TRAV21*01 TRAJ6*01 CAVRPTSGGSYIPTF TRBV6-5*01 TRBJ2-2*01 CASSYVGNTGELFF
START 53 200 T00053_A0201_SWWGWSIDI
mhc max_idents: 0.962 A*02:01 SWWGWSIDI A*02:01 ILLNKHIDA
GXGs? GRG GT
identities: 0 0.976 pmhc: 0.962 tcra: 0.991 tcrb: 0.982  TRAV21*01 TRAJ6*01 CAVRPTSGGSYIPTF TRBV6-5*01 TRBJ2-2*01 CASSYVGNTGELFF
identities: 1 0.976 pmhc: 0.962 tcra: 0.991 tcrb: 0.982  TRAV21*01 TRAJ6*01 CAVRPTSGGSYIPTF TRBV6-5*01 TRBJ2-2*01 CASSYVGNTGELFF
identities: 2 0.976 pmhc: 0.962 tcra: 0.991 tcrb: 0.982  TRAV21*01 TRAJ6*01 CAVRPTSGGSYIPTF TRBV6-5*01 TRBJ2-2*01 CASSYVGNTGELFF
identities: 3 0.971 pmhc: 0.962 tcra: 0.974 tcrb: 0.982  TRAV21*01 TRAJ6*01 CAVRPTSGGSYIPTF TRBV6-5*01 TRBJ2-2*01 CASSYVGNTGELFF
START 54 200 T00054_A0201_VVTVWIKLC
mhc max_idents: 0.967 A*02:01 VVTVWIKLC A*02:01 SLLMWITQC
GXGs? GRG GT
identities: 0 0.978 pmhc: 0.967 tcra: 0.991 tcrb: 0.982  TRAV21*01 TRAJ6*01 CAVRPTSGGSYIPTF TRBV6-5*01 TRBJ2-2*01 CASSYVGNTGELFF
identities: 1 0.978 pmhc: 0.967 tcra: 0.991 tcrb: 0.982  TRAV21*01 TRAJ6*01 CAVRPTSGGSYIPTF TRBV6-5*01 TRBJ2-2*01 CASSYVGNTGELFF
identities: 2 0.978 pmhc: 0.967 tcra: 0.991 tcrb: 0.982  TRAV21*01 TRAJ6*01 CAVRPTSGGSYIPTF TRBV6-5*01 TRBJ2-2*01 CASSYVGNTGELFF
identities: 3 0.973 pmhc: 0.967 tcra: 0.974 tcrb: 0.982  TRAV21*01 TRAJ6*01 CAVRPTSGGSYIPTF TRBV6-5*01 TRBJ2-2*01 CASSYVGNTGELFF
START 55 200 T00055_A0201_IIYLWQGHI
mhc max_idents: 0.962 A*02:01 IIYLWQGHI A*02:01 ALNTPKDHI
GXGs? GRG GT
identities: 0 0.976 pmhc: 0.962 tcra: 0.991 tcrb: 0.982  TRAV21*01 TRAJ6*01 CAVRPTSGGSYIPTF TRBV6-5*01 TRBJ2-2*01 CASSYVGNTGELFF
identities: 1 0.976 pmhc: 0.962 tcra: 0.991 tcrb: 0.982  TRAV21*01 TRAJ6*01 CAVRPTSGGSYIPTF TRBV6-5*01 TRBJ2-2*01 CASSYVGNTGELFF
identities: 2 0.976 pmhc: 0.962 tcra: 0.991 tcrb: 0.982  TRAV21*01 TRAJ6*01 CAVRPTSGGSYIPTF TRBV6-5*01 TRBJ2-2*01 CASSYVGNTGELFF
identities: 3 0.971 pmhc: 0.962 tcra: 0.974 tcrb: 0.982  TRAV21*01 TRAJ6*01 CAVRPTSGGSYIPTF TRBV6-5*01 TRBJ2-2*01 CASSYVGNTGELFF
START 56 200 T00056_A0201_GYWIWVWNC
mhc max_idents: 0.967 A*02:01 GYWIWVWNC A*02:01 GVWIRTPTA
GXGs? GRG GT
identities: 0 0.978 pmhc: 0.967 tcra: 0.991 tcrb: 0.982  TRAV21*01 TRAJ6*01 CAVRPTSGGSYIPTF TRBV6-5*01 TRBJ2-2*01 CASSYVGNTGELFF
identities: 1 0.978 pmhc: 0.967 tcra: 0.991 tcrb: 0.982  TRAV21*01 TRAJ6*01 CAVRPTSGGSYIPTF TRBV6-5*01 TRBJ2-2*01 CASSYVGNTGELFF
identities: 2 0.978 pmhc: 0.967 tcra: 0.991 tcrb: 0.982  TRAV21*01 TRAJ6*01 CAVRPTSGGSYIPTF TRBV6-5*01 TRBJ2-2*01 CASSYVGNTGELFF
identities: 3 0.971 pmhc: 0.962 tcra: 0.974 tcrb: 0.982  TRAV21*01 TRAJ6*01 CAVRPTSGGSYIPTF TRBV6-5*01 TRBJ2-2*01 CASSYVGNTGELFF
START 57 200 T00057_A0201_TVNCWVTPI
mhc max_idents: 0.967 A*02:01 TVNCWVTPI A*02:01 ILNAMITKI
GXGs? GRG GT
identities: 0 0.978 pmhc: 0.967 tcra: 0.991 tcrb: 0.982  TRAV21*01 TRAJ6*01 CAVRPTSGGSYIPTF TRBV6-5*01 TRBJ2-2*01 CASSYVGNTGELFF
identities: 1 0.976 pmhc: 0.962 tcra: 0.991 tcrb: 0.982  TRAV21*01 TRAJ6*01 CAVRPTSGGSYIPTF TRBV6-5*01 TRBJ2-2*01 CASSYVGNTGELFF
identities: 2 0.976 pmhc: 0.962 tcra: 0.991 tcrb: 0.982  TRAV21*01 TRAJ6*01 CAVRPTSGGSYIPTF TRBV6-5*01 TRBJ2-2*01 CASSYVGNTGELFF
identities: 3 0.971 pmhc: 0.962 tcra: 0.974 tcrb: 0.982  TRAV21*01 TRAJ6*01 CAVRPTSGGSYIPTF TRBV6-5*01 TRBJ2-2*01 CASSYVGNTGELFF
START 58 200 T00058_A0201_RHICWMTQC
mhc max_idents: 0.973 A*02:01 RHICWMTQC A*02:01 SLLMWITQC
GXGs? GRG GT
identities: 0 0.981 pmhc: 0.973 tcra: 0.991 tcrb: 0.982  TRAV21*01 TRAJ6*01 CAVRPTSGGSYIPTF TRBV6-5*01 TRBJ2-2*01 CASSYVGNTGELFF
identities: 1 0.981 pmhc: 0.973 tcra: 0.991 tcrb: 0.982  TRAV21*01 TRAJ6*01 CAVRPTSGGSYIPTF TRBV6-5*01 TRBJ2-2*01 CASSYVGNTGELFF
identities: 2 0.981 pmhc: 0.973 tcra: 0.991 tcrb: 0.982  TRAV21*01 TRAJ6*01 CAVRPTSGGSYIPTF TRBV6-5*01 TRBJ2-2*01 CASSYVGNTGELFF
identities: 3 0.976 pmhc: 0.973 tcra: 0.974 tcrb: 0.982  TRAV21*01 TRAJ6*01 CAVRPTSGGSYIPTF TRBV6-5*01 TRBJ2-2*01 CASSYVGNTGELFF
START 59 200 T00059_A0201_PMMIWVGRN
mhc max_idents: 0.967 A*02:01 PMMIWVGRN A*02:01 HMTEVVRRC
GXGs? GRG GT
identities: 0 0.978 pmhc: 0.967 tcra: 0.991 tcrb: 0.982  TRAV21*01 TRAJ6*01 CAVRPTSGGSYIPTF TRBV6-5*01 TRBJ2-2*01 CASSYVGNTGELFF
identities: 1 0.976 pmhc: 0.962 tcra: 0.991 tcrb: 0.982  TRAV21*01 TRAJ6*01 CAVRPTSGGSYIPTF TRBV6-5*01 TRBJ2-2*01 CASSYVGNTGELFF
identities: 2 0.976 pmhc: 0.962 tcra: 0.991 tcrb: 0.982  TRAV21*01 TRAJ6*01 CAVRPTSGGSYIPTF TRBV6-5*01 TRBJ2-2*01 CASSYVGNTGELFF
identities: 3 0.971 pmhc: 0.962 tcra: 0.974 tcrb: 0.982  TRAV21*01 TRAJ6*01 CAVRPTSGGSYIPTF TRBV6-5*01 TRBJ2-2*01 CASSYVGNTGELFF
START 60 200 T00060_A0201_VPWMWCTEC
mhc max_idents: 0.973 A*02:01 VPWMWCTEC A*02:01 SLLMWITQC
GXGs? GRG GT
identities: 0 0.981 pmhc: 0.973 tcra: 0.991 tcrb: 0.982  TRAV21*01 TRAJ6*01 CAVRPTSGGSYIPTF TRBV6-5*01 TRBJ2-2*01 CASSYVGNTGELFF
identities: 1 0.981 pmhc: 0.973 tcra: 0.991 tcrb: 0.982  TRAV21*01 TRAJ6*01 CAVRPTSGGSYIPTF TRBV6-5*01 TRBJ2-2*01 CASSYVGNTGELFF
identities: 2 0.981 pmhc: 0.973 tcra: 0.991 tcrb: 0.982  TRAV21*01 TRAJ6*01 CAVRPTSGGSYIPTF TRBV6-5*01 TRBJ2-2*01 CASSYVGNTGELFF
identities: 3 0.976 pmhc: 0.973 tcra: 0.974 tcrb: 0.982  TRAV21*01 TRAJ6*01 CAVRPTSGGSYIPTF TRBV6-5*01 TRBJ2-2*01 CASSYVGNTGELFF
START 61 200 T00061_A0201_FTATWIEWC
mhc max_idents: 0.967 A*02:01 FTATWIEWC A*02:01 SLLMWITQC
GXGs? GRG GT
identities: 0 0.978 pmhc: 0.967 tcra: 0.991 tcrb: 0.982  TRAV21*01 TRAJ6*01 CAVRPTSGGSYIPTF TRBV6-5*01 TRBJ2-2*01 CASSYVGNTGELFF
identities: 1 0.978 pmhc: 0.967 tcra: 0.991 tcrb: 0.982  TRAV21*01 TRAJ6*01 CAVRPTSGGSYIPTF TRBV6-5*01 TRBJ2-2*01 CASSYVGNTGELFF
identities: 2 0.978 pmhc: 0.967 tcra: 0.991 tcrb: 0.982  TRAV21*01 TRAJ6*01 CAVRPTSGGSYIPTF TRBV6-5*01 TRBJ2-2*01 CASSYVGNTGELFF
identities: 3 0.973 pmhc: 0.967 tcra: 0.974 tcrb: 0.982  TRAV21*01 TRAJ6*01 CAVRPTSGGSYIPTF TRBV6-5*01 TRBJ2-2*01 CASSYVGNTGELFF
START 62 200 T00062_A0201_PLEFWIAQA
mhc max_idents: 0.978 A*02:01 PLEFWIAQA A*02:01 SLLMWITQA
GXGs? GRG GT
identities: 0 0.983 pmhc: 0.978 tcra: 0.991 tcrb: 0.982  TRAV21*01 TRAJ6*01 CAVRPTSGGSYIPTF TRBV6-5*01 TRBJ2-2*01 CASSYVGNTGELFF
identities: 1 0.981 pmhc: 0.973 tcra: 0.991 tcrb: 0.982  TRAV21*01 TRAJ6*01 CAVRPTSGGSYIPTF TRBV6-5*01 TRBJ2-2*01 CASSYVGNTGELFF
identities: 2 0.981 pmhc: 0.973 tcra: 0.991 tcrb: 0.982  TRAV21*01 TRAJ6*01 CAVRPTSGGSYIPTF TRBV6-5*01 TRBJ2-2*01 CASSYVGNTGELFF
identities: 3 0.976 pmhc: 0.973 tcra: 0.974 tcrb: 0.982  TRAV21*01 TRAJ6*01 CAVRPTSGGSYIPTF TRBV6-5*01 TRBJ2-2*01 CASSYVGNTGELFF
START 63 200 T00063_A0201_EMIQWPSTC
mhc max_idents: 0.967 A*02:01 EMIQWPSTC A*02:01 IMDQVPFSV
GXGs? GRG GT
identities: 0 0.978 pmhc: 0.967 tcra: 0.991 tcrb: 0.982  TRAV21*01 TRAJ6*01 CAVRPTSGGSYIPTF TRBV6-5*01 TRBJ2-2*01 CASSYVGNTGELFF
identities: 1 0.978 pmhc: 0.967 tcra: 0.991 tcrb: 0.982  TRAV21*01 TRAJ6*01 CAVRPTSGGSYIPTF TRBV6-5*01 TRBJ2-2*01 CASSYVGNTGELFF
identities: 2 0.978 pmhc: 0.967 tcra: 0.991 tcrb: 0.982  TRAV21*01 TRAJ6*01 CAVRPTSGGSYIPTF TRBV6-5*01 TRBJ2-2*01 CASSYVGNTGELFF
identities: 3 0.971 pmhc: 0.962 tcra: 0.974 tcrb: 0.982  TRAV21*01 TRAJ6*01 CAVRPTSGGSYIPTF TRBV6-5*01 TRBJ2-2*01 CASSYVGNTGELFF
START 64 200 T00064_A0201_RPILPPAQP
mhc max_idents: 0.962 A*02:01 RPILPPAQP A*02:01 LLGWVFAQV
GXGs? GRG GT
identities: 0 0.976 pmhc: 0.962 tcra: 0.991 tcrb: 0.982  TRAV21*01 TRAJ6*01 CAVRPTSGGSYIPTF TRBV6-5*01 TRBJ2-2*01 CASSYVGNTGELFF
identities: 1 0.976 pmhc: 0.962 tcra: 0.991 tcrb: 0.982  TRAV21*01 TRAJ6*01 CAVRPTSGGSYIPTF TRBV6-5*01 TRBJ2-2*01 CASSYVGNTGELFF
identities: 2 0.976 pmhc: 0.962 tcra: 0.991 tcrb: 0.982  TRAV21*01 TRAJ6*01 CAVRPTSGGSYIPTF TRBV6-5*01 TRBJ2-2*01 CASSYVGNTGELFF
identities: 3 0.971 pmhc: 0.962 tcra: 0.974 tcrb: 0.982  TRAV21*01 TRAJ6*01 CAVRPTSGGSYIPTF TRBV6-5*01 TRBJ2-2*01 CASSYVGNTGELFF
START 65 200 T00065_A0201_ALTPWCNNT
mhc max_idents: 0.973 A*02:01 ALTPWCNNT A*02:01 KLTPLCVTL
GXGs? GRG GT
identities: 0 0.981 pmhc: 0.973 tcra: 0.991 tcrb: 0.982  TRAV21*01 TRAJ6*01 CAVRPTSGGSYIPTF TRBV6-5*01 TRBJ2-2*01 CASSYVGNTGELFF
identities: 1 0.978 pmhc: 0.967 tcra: 0.991 tcrb: 0.982  TRAV21*01 TRAJ6*01 CAVRPTSGGSYIPTF TRBV6-5*01 TRBJ2-2*01 CASSYVGNTGELFF
identities: 2 0.976 pmhc: 0.962 tcra: 0.991 tcrb: 0.982  TRAV21*01 TRAJ6*01 CAVRPTSGGSYIPTF TRBV6-5*01 TRBJ2-2*01 CASSYVGNTGELFF
identities: 3 0.971 pmhc: 0.962 tcra: 0.974 tcrb: 0.982  TRAV21*01 TRAJ6*01 CAVRPTSGGSYIPTF TRBV6-5*01 TRBJ2-2*01 CASSYVGNTGELFF
START 66 200 T00066_A0201_DMIFWMTKL
mhc max_idents: 0.967 A*02:01 DMIFWMTKL A*02:01 RQISQDVKL
GXGs? GRG GT
identities: 0 0.978 pmhc: 0.967 tcra: 0.991 tcrb: 0.982  TRAV21*01 TRAJ6*01 CAVRPTSGGSYIPTF TRBV6-5*01 TRBJ2-2*01 CASSYVGNTGELFF
identities: 1 0.978 pmhc: 0.967 tcra: 0.991 tcrb: 0.982  TRAV21*01 TRAJ6*01 CAVRPTSGGSYIPTF TRBV6-5*01 TRBJ2-2*01 CASSYVGNTGELFF
identities: 2 0.976 pmhc: 0.962 tcra: 0.991 tcrb: 0.982  TRAV21*01 TRAJ6*01 CAVRPTSGGSYIPTF TRBV6-5*01 TRBJ2-2*01 CASSYVGNTGELFF
identities: 3 0.971 pmhc: 0.962 tcra: 0.974 tcrb: 0.982  TRAV21*01 TRAJ6*01 CAVRPTSGGSYIPTF TRBV6-5*01 TRBJ2-2*01 CASSYVGNTGELFF
START 67 200 T00067_A0201_NRCMNACRC
mhc max_idents: 0.962 A*02:01 NRCMNACRC A*02:01 HMTEVVRRC
GXGs? GRG GT
identities: 0 0.976 pmhc: 0.962 tcra: 0.991 tcrb: 0.982  TRAV21*01 TRAJ6*01 CAVRPTSGGSYIPTF TRBV6-5*01 TRBJ2-2*01 CASSYVGNTGELFF
identities: 1 0.976 pmhc: 0.962 tcra: 0.991 tcrb: 0.982  TRAV21*01 TRAJ6*01 CAVRPTSGGSYIPTF TRBV6-5*01 TRBJ2-2*01 CASSYVGNTGELFF
identities: 2 0.976 pmhc: 0.962 tcra: 0.991 tcrb: 0.982  TRAV21*01 TRAJ6*01 CAVRPTSGGSYIPTF TRBV6-5*01 TRBJ2-2*01 CASSYVGNTGELFF
identities: 3 0.971 pmhc: 0.962 tcra: 0.974 tcrb: 0.982  TRAV21*01 TRAJ6*01 CAVRPTSGGSYIPTF TRBV6-5*01 TRBJ2-2*01 CASSYVGNTGELFF
START 68 200 T00068_A0201_SMQRYMLQC
mhc max_idents: 0.967 A*02:01 SMQRYMLQC A*02:01 SLLMWITQC
GXGs? GRG GT
identities: 0 0.978 pmhc: 0.967 tcra: 0.991 tcrb: 0.982  TRAV21*01 TRAJ6*01 CAVRPTSGGSYIPTF TRBV6-5*01 TRBJ2-2*01 CASSYVGNTGELFF
identities: 1 0.978 pmhc: 0.967 tcra: 0.991 tcrb: 0.982  TRAV21*01 TRAJ6*01 CAVRPTSGGSYIPTF TRBV6-5*01 TRBJ2-2*01 CASSYVGNTGELFF
identities: 2 0.978 pmhc: 0.967 tcra: 0.991 tcrb: 0.982  TRAV21*01 TRAJ6*01 CAVRPTSGGSYIPTF TRBV6-5*01 TRBJ2-2*01 CASSYVGNTGELFF
identities: 3 0.973 pmhc: 0.967 tcra: 0.974 tcrb: 0.982  TRAV21*01 TRAJ6*01 CAVRPTSGGSYIPTF TRBV6-5*01 TRBJ2-2*01 CASSYVGNTGELFF
START 69 200 T00069_A0201_APAMWQTKL
mhc max_idents: 0.973 A*02:01 APAMWQTKL A*02:01 SLLMWITQL
GXGs? GRG GT
identities: 0 0.981 pmhc: 0.973 tcra: 0.991 tcrb: 0.982  TRAV21*01 TRAJ6*01 CAVRPTSGGSYIPTF TRBV6-5*01 TRBJ2-2*01 CASSYVGNTGELFF
identities: 1 0.978 pmhc: 0.967 tcra: 0.991 tcrb: 0.982  TRAV21*01 TRAJ6*01 CAVRPTSGGSYIPTF TRBV6-5*01 TRBJ2-2*01 CASSYVGNTGELFF
identities: 2 0.978 pmhc: 0.967 tcra: 0.991 tcrb: 0.982  TRAV21*01 TRAJ6*01 CAVRPTSGGSYIPTF TRBV6-5*01 TRBJ2-2*01 CASSYVGNTGELFF
identities: 3 0.973 pmhc: 0.967 tcra: 0.974 tcrb: 0.982  TRAV21*01 TRAJ6*01 CAVRPTSGGSYIPTF TRBV6-5*01 TRBJ2-2*01 CASSYVGNTGELFF
START 70 200 T00070_A0201_NLMLTLTQI
mhc max_idents: 0.967 A*02:01 NLMLTLTQI A*02:01 LLLDRLNQL
GXGs? GRG GT
identities: 0 0.978 pmhc: 0.967 tcra: 0.991 tcrb: 0.982  TRAV21*01 TRAJ6*01 CAVRPTSGGSYIPTF TRBV6-5*01 TRBJ2-2*01 CASSYVGNTGELFF
identities: 1 0.978 pmhc: 0.967 tcra: 0.991 tcrb: 0.982  TRAV21*01 TRAJ6*01 CAVRPTSGGSYIPTF TRBV6-5*01 TRBJ2-2*01 CASSYVGNTGELFF
identities: 2 0.978 pmhc: 0.967 tcra: 0.991 tcrb: 0.982  TRAV21*01 TRAJ6*01 CAVRPTSGGSYIPTF TRBV6-5*01 TRBJ2-2*01 CASSYVGNTGELFF
identities: 3 0.973 pmhc: 0.967 tcra: 0.974 tcrb: 0.982  TRAV21*01 TRAJ6*01 CAVRPTSGGSYIPTF TRBV6-5*01 TRBJ2-2*01 CASSYVGNTGELFF
START 71 200 T00071_A0201_WLLLWMTRC
mhc max_idents: 0.978 A*02:01 WLLLWMTRC A*02:01 SLLMWITQC
GXGs? GRG GT
identities: 0 0.983 pmhc: 0.978 tcra: 0.991 tcrb: 0.982  TRAV21*01 TRAJ6*01 CAVRPTSGGSYIPTF TRBV6-5*01 TRBJ2-2*01 CASSYVGNTGELFF
identities: 1 0.983 pmhc: 0.978 tcra: 0.991 tcrb: 0.982  TRAV21*01 TRAJ6*01 CAVRPTSGGSYIPTF TRBV6-5*01 TRBJ2-2*01 CASSYVGNTGELFF
identities: 2 0.983 pmhc: 0.978 tcra: 0.991 tcrb: 0.982  TRAV21*01 TRAJ6*01 CAVRPTSGGSYIPTF TRBV6-5*01 TRBJ2-2*01 CASSYVGNTGELFF
identities: 3 0.978 pmhc: 0.978 tcra: 0.974 tcrb: 0.982  TRAV21*01 TRAJ6*01 CAVRPTSGGSYIPTF TRBV6-5*01 TRBJ2-2*01 CASSYVGNTGELFF
START 72 200 T00072_A0201_SMHIWVNHV
mhc max_idents: 0.967 A*02:01 SMHIWVNHV A*02:01 HMTEVVRHC
GXGs? GRG GT
identities: 0 0.978 pmhc: 0.967 tcra: 0.991 tcrb: 0.982  TRAV21*01 TRAJ6*01 CAVRPTSGGSYIPTF TRBV6-5*01 TRBJ2-2*01 CASSYVGNTGELFF
identities: 1 0.978 pmhc: 0.967 tcra: 0.991 tcrb: 0.982  TRAV21*01 TRAJ6*01 CAVRPTSGGSYIPTF TRBV6-5*01 TRBJ2-2*01 CASSYVGNTGELFF
identities: 2 0.978 pmhc: 0.967 tcra: 0.991 tcrb: 0.982  TRAV21*01 TRAJ6*01 CAVRPTSGGSYIPTF TRBV6-5*01 TRBJ2-2*01 CASSYVGNTGELFF
identities: 3 0.973 pmhc: 0.967 tcra: 0.974 tcrb: 0.982  TRAV21*01 TRAJ6*01 CAVRPTSGGSYIPTF TRBV6-5*01 TRBJ2-2*01 CASSYVGNTGELFF
START 73 200 T00073_A0201_SLMVWFMSR
mhc max_idents: 0.967 A*02:01 SLMVWFMSR A*02:01 SLLMWITQV
GXGs? GRG GT
identities: 0 0.978 pmhc: 0.967 tcra: 0.991 tcrb: 0.982  TRAV21*01 TRAJ6*01 CAVRPTSGGSYIPTF TRBV6-5*01 TRBJ2-2*01 CASSYVGNTGELFF
identities: 1 0.978 pmhc: 0.967 tcra: 0.991 tcrb: 0.982  TRAV21*01 TRAJ6*01 CAVRPTSGGSYIPTF TRBV6-5*01 TRBJ2-2*01 CASSYVGNTGELFF
identities: 2 0.978 pmhc: 0.967 tcra: 0.991 tcrb: 0.982  TRAV21*01 TRAJ6*01 CAVRPTSGGSYIPTF TRBV6-5*01 TRBJ2-2*01 CASSYVGNTGELFF
identities: 3 0.973 pmhc: 0.967 tcra: 0.974 tcrb: 0.982  TRAV21*01 TRAJ6*01 CAVRPTSGGSYIPTF TRBV6-5*01 TRBJ2-2*01 CASSYVGNTGELFF
START 74 200 T00074_A0201_SLHKWLHYE
mhc max_idents: 0.973 A*02:01 SLHKWLHYE A*02:01 SLSKILDTV
GXGs? GRG GT
identities: 0 0.981 pmhc: 0.973 tcra: 0.991 tcrb: 0.982  TRAV21*01 TRAJ6*01 CAVRPTSGGSYIPTF TRBV6-5*01 TRBJ2-2*01 CASSYVGNTGELFF
identities: 1 0.981 pmhc: 0.973 tcra: 0.991 tcrb: 0.982  TRAV21*01 TRAJ6*01 CAVRPTSGGSYIPTF TRBV6-5*01 TRBJ2-2*01 CASSYVGNTGELFF
identities: 2 0.981 pmhc: 0.973 tcra: 0.991 tcrb: 0.982  TRAV21*01 TRAJ6*01 CAVRPTSGGSYIPTF TRBV6-5*01 TRBJ2-2*01 CASSYVGNTGELFF
identities: 3 0.976 pmhc: 0.973 tcra: 0.974 tcrb: 0.982  TRAV21*01 TRAJ6*01 CAVRPTSGGSYIPTF TRBV6-5*01 TRBJ2-2*01 CASSYVGNTGELFF
START 75 200 T00075_A0201_TMPIWAMQF
mhc max_idents: 0.962 A*02:01 TMPIWAMQF A*02:01 GMSRIGMEV
GXGs? GRG GT
identities: 0 0.976 pmhc: 0.962 tcra: 0.991 tcrb: 0.982  TRAV21*01 TRAJ6*01 CAVRPTSGGSYIPTF TRBV6-5*01 TRBJ2-2*01 CASSYVGNTGELFF
identities: 1 0.976 pmhc: 0.962 tcra: 0.991 tcrb: 0.982  TRAV21*01 TRAJ6*01 CAVRPTSGGSYIPTF TRBV6-5*01 TRBJ2-2*01 CASSYVGNTGELFF
identities: 2 0.976 pmhc: 0.962 tcra: 0.991 tcrb: 0.982  TRAV21*01 TRAJ6*01 CAVRPTSGGSYIPTF TRBV6-5*01 TRBJ2-2*01 CASSYVGNTGELFF
identities: 3 0.971 pmhc: 0.962 tcra: 0.974 tcrb: 0.982  TRAV21*01 TRAJ6*01 CAVRPTSGGSYIPTF TRBV6-5*01 TRBJ2-2*01 CASSYVGNTGELFF
START 76 200 T00076_A0201_ELFFWVWQG
mhc max_idents: 0.967 A*02:01 ELFFWVWQG A*02:01 SLLMWITQV
GXGs? GRG GT
identities: 0 0.978 pmhc: 0.967 tcra: 0.991 tcrb: 0.982  TRAV21*01 TRAJ6*01 CAVRPTSGGSYIPTF TRBV6-5*01 TRBJ2-2*01 CASSYVGNTGELFF
identities: 1 0.978 pmhc: 0.967 tcra: 0.991 tcrb: 0.982  TRAV21*01 TRAJ6*01 CAVRPTSGGSYIPTF TRBV6-5*01 TRBJ2-2*01 CASSYVGNTGELFF
identities: 2 0.978 pmhc: 0.967 tcra: 0.991 tcrb: 0.982  TRAV21*01 TRAJ6*01 CAVRPTSGGSYIPTF TRBV6-5*01 TRBJ2-2*01 CASSYVGNTGELFF
identities: 3 0.973 pmhc: 0.967 tcra: 0.974 tcrb: 0.982  TRAV21*01 TRAJ6*01 CAVRPTSGGSYIPTF TRBV6-5*01 TRBJ2-2*01 CASSYVGNTGELFF
START 77 200 T00077_A0201_KVLIWPYHS
mhc max_idents: 0.967 A*02:01 KVLIWPYHS A*02:01 SLLMWITQS
GXGs? GRG GT
identities: 0 0.978 pmhc: 0.967 tcra: 0.991 tcrb: 0.982  TRAV21*01 TRAJ6*01 CAVRPTSGGSYIPTF TRBV6-5*01 TRBJ2-2*01 CASSYVGNTGELFF
identities: 1 0.976 pmhc: 0.962 tcra: 0.991 tcrb: 0.982  TRAV21*01 TRAJ6*01 CAVRPTSGGSYIPTF TRBV6-5*01 TRBJ2-2*01 CASSYVGNTGELFF
identities: 2 0.976 pmhc: 0.962 tcra: 0.991 tcrb: 0.982  TRAV21*01 TRAJ6*01 CAVRPTSGGSYIPTF TRBV6-5*01 TRBJ2-2*01 CASSYVGNTGELFF
identities: 3 0.971 pmhc: 0.962 tcra: 0.974 tcrb: 0.982  TRAV21*01 TRAJ6*01 CAVRPTSGGSYIPTF TRBV6-5*01 TRBJ2-2*01 CASSYVGNTGELFF
START 78 200 T00078_A0201_SLSMWISQL
mhc max_idents: 0.989 A*02:01 SLSMWISQL A*02:01 SLLMWITQL
GXGs? GRG GT
identities: 0 0.988 pmhc: 0.989 tcra: 0.991 tcrb: 0.982  TRAV21*01 TRAJ6*01 CAVRPTSGGSYIPTF TRBV6-5*01 TRBJ2-2*01 CASSYVGNTGELFF
identities: 1 0.985 pmhc: 0.984 tcra: 0.991 tcrb: 0.982  TRAV21*01 TRAJ6*01 CAVRPTSGGSYIPTF TRBV6-5*01 TRBJ2-2*01 CASSYVGNTGELFF
identities: 2 0.985 pmhc: 0.984 tcra: 0.991 tcrb: 0.982  TRAV21*01 TRAJ6*01 CAVRPTSGGSYIPTF TRBV6-5*01 TRBJ2-2*01 CASSYVGNTGELFF
identities: 3 0.981 pmhc: 0.984 tcra: 0.974 tcrb: 0.982  TRAV21*01 TRAJ6*01 CAVRPTSGGSYIPTF TRBV6-5*01 TRBJ2-2*01 CASSYVGNTGELFF
START 79 200 T00079_A0201_NIFLWIYPC
mhc max_idents: 0.967 A*02:01 NIFLWIYPC A*02:01 SLLMWITQC
GXGs? GRG GT
identities: 0 0.978 pmhc: 0.967 tcra: 0.991 tcrb: 0.982  TRAV21*01 TRAJ6*01 CAVRPTSGGSYIPTF TRBV6-5*01 TRBJ2-2*01 CASSYVGNTGELFF
identities: 1 0.978 pmhc: 0.967 tcra: 0.991 tcrb: 0.982  TRAV21*01 TRAJ6*01 CAVRPTSGGSYIPTF TRBV6-5*01 TRBJ2-2*01 CASSYVGNTGELFF
identities: 2 0.978 pmhc: 0.967 tcra: 0.991 tcrb: 0.982  TRAV21*01 TRAJ6*01 CAVRPTSGGSYIPTF TRBV6-5*01 TRBJ2-2*01 CASSYVGNTGELFF
identities: 3 0.973 pmhc: 0.967 tcra: 0.974 tcrb: 0.982  TRAV21*01 TRAJ6*01 CAVRPTSGGSYIPTF TRBV6-5*01 TRBJ2-2*01 CASSYVGNTGELFF
START 80 200 T00080_A0201_NILTWGEII
mhc max_idents: 0.962 A*02:01 NILTWGEII A*02:01 ALNTPKDHI
GXGs? GRG GT
identities: 0 0.976 pmhc: 0.962 tcra: 0.991 tcrb: 0.982  TRAV21*01 TRAJ6*01 CAVRPTSGGSYIPTF TRBV6-5*01 TRBJ2-2*01 CASSYVGNTGELFF
identities: 1 0.976 pmhc: 0.962 tcra: 0.991 tcrb: 0.982  TRAV21*01 TRAJ6*01 CAVRPTSGGSYIPTF TRBV6-5*01 TRBJ2-2*01 CASSYVGNTGELFF
identities: 2 0.976 pmhc: 0.962 tcra: 0.991 tcrb: 0.982  TRAV21*01 TRAJ6*01 CAVRPTSGGSYIPTF TRBV6-5*01 TRBJ2-2*01 CASSYVGNTGELFF
identities: 3 0.971 pmhc: 0.962 tcra: 0.974 tcrb: 0.982  TRAV21*01 TRAJ6*01 CAVRPTSGGSYIPTF TRBV6-5*01 TRBJ2-2*01 CASSYVGNTGELFF
START 81 200 T00081_A0201_TCIMWSVMC
mhc max_idents: 0.967 A*02:01 TCIMWSVMC A*02:01 SLLMWITQC
GXGs? GRG GT
identities: 0 0.978 pmhc: 0.967 tcra: 0.991 tcrb: 0.982  TRAV21*01 TRAJ6*01 CAVRPTSGGSYIPTF TRBV6-5*01 TRBJ2-2*01 CASSYVGNTGELFF
identities: 1 0.978 pmhc: 0.967 tcra: 0.991 tcrb: 0.982  TRAV21*01 TRAJ6*01 CAVRPTSGGSYIPTF TRBV6-5*01 TRBJ2-2*01 CASSYVGNTGELFF
identities: 2 0.978 pmhc: 0.967 tcra: 0.991 tcrb: 0.982  TRAV21*01 TRAJ6*01 CAVRPTSGGSYIPTF TRBV6-5*01 TRBJ2-2*01 CASSYVGNTGELFF
identities: 3 0.973 pmhc: 0.967 tcra: 0.974 tcrb: 0.982  TRAV21*01 TRAJ6*01 CAVRPTSGGSYIPTF TRBV6-5*01 TRBJ2-2*01 CASSYVGNTGELFF
START 82 200 T00082_A0201_PLEAYISDC
mhc max_idents: 0.967 A*02:01 PLEAYISDC A*02:01 ILNAMITKI
GXGs? GRG GT
identities: 0 0.978 pmhc: 0.967 tcra: 0.991 tcrb: 0.982  TRAV21*01 TRAJ6*01 CAVRPTSGGSYIPTF TRBV6-5*01 TRBJ2-2*01 CASSYVGNTGELFF
identities: 1 0.978 pmhc: 0.967 tcra: 0.991 tcrb: 0.982  TRAV21*01 TRAJ6*01 CAVRPTSGGSYIPTF TRBV6-5*01 TRBJ2-2*01 CASSYVGNTGELFF
identities: 2 0.978 pmhc: 0.967 tcra: 0.991 tcrb: 0.982  TRAV21*01 TRAJ6*01 CAVRPTSGGSYIPTF TRBV6-5*01 TRBJ2-2*01 CASSYVGNTGELFF
identities: 3 0.973 pmhc: 0.967 tcra: 0.974 tcrb: 0.982  TRAV21*01 TRAJ6*01 CAVRPTSGGSYIPTF TRBV6-5*01 TRBJ2-2*01 CASSYVGNTGELFF
START 83 200 T00083_A0201_ESPDWFLAL
mhc max_idents: 0.967 A*02:01 ESPDWFLAL A*02:01 FAPGFFPYL
GXGs? GRG GT
identities: 0 0.978 pmhc: 0.967 tcra: 0.991 tcrb: 0.982  TRAV21*01 TRAJ6*01 CAVRPTSGGSYIPTF TRBV6-5*01 TRBJ2-2*01 CASSYVGNTGELFF
identities: 1 0.976 pmhc: 0.962 tcra: 0.991 tcrb: 0.982  TRAV21*01 TRAJ6*01 CAVRPTSGGSYIPTF TRBV6-5*01 TRBJ2-2*01 CASSYVGNTGELFF
identities: 2 0.976 pmhc: 0.962 tcra: 0.991 tcrb: 0.982  TRAV21*01 TRAJ6*01 CAVRPTSGGSYIPTF TRBV6-5*01 TRBJ2-2*01 CASSYVGNTGELFF
identities: 3 0.971 pmhc: 0.962 tcra: 0.974 tcrb: 0.982  TRAV21*01 TRAJ6*01 CAVRPTSGGSYIPTF TRBV6-5*01 TRBJ2-2*01 CASSYVGNTGELFF
START 84 200 T00084_A0201_QYLVWCGMC
mhc max_idents: 0.967 A*02:01 QYLVWCGMC A*02:01 SLLMWITQC
GXGs? GRG GT
identities: 0 0.978 pmhc: 0.967 tcra: 0.991 tcrb: 0.982  TRAV21*01 TRAJ6*01 CAVRPTSGGSYIPTF TRBV6-5*01 TRBJ2-2*01 CASSYVGNTGELFF
identities: 1 0.978 pmhc: 0.967 tcra: 0.991 tcrb: 0.982  TRAV21*01 TRAJ6*01 CAVRPTSGGSYIPTF TRBV6-5*01 TRBJ2-2*01 CASSYVGNTGELFF
identities: 2 0.978 pmhc: 0.967 tcra: 0.991 tcrb: 0.982  TRAV21*01 TRAJ6*01 CAVRPTSGGSYIPTF TRBV6-5*01 TRBJ2-2*01 CASSYVGNTGELFF
identities: 3 0.973 pmhc: 0.967 tcra: 0.974 tcrb: 0.982  TRAV21*01 TRAJ6*01 CAVRPTSGGSYIPTF TRBV6-5*01 TRBJ2-2*01 CASSYVGNTGELFF
START 85 200 T00085_A0201_LLDYWISEY
mhc max_idents: 0.967 A*02:01 LLDYWISEY A*02:01 SLLMWITQV
GXGs? GRG GT
identities: 0 0.978 pmhc: 0.967 tcra: 0.991 tcrb: 0.982  TRAV21*01 TRAJ6*01 CAVRPTSGGSYIPTF TRBV6-5*01 TRBJ2-2*01 CASSYVGNTGELFF
identities: 1 0.978 pmhc: 0.967 tcra: 0.991 tcrb: 0.982  TRAV21*01 TRAJ6*01 CAVRPTSGGSYIPTF TRBV6-5*01 TRBJ2-2*01 CASSYVGNTGELFF
identities: 2 0.978 pmhc: 0.967 tcra: 0.991 tcrb: 0.982  TRAV21*01 TRAJ6*01 CAVRPTSGGSYIPTF TRBV6-5*01 TRBJ2-2*01 CASSYVGNTGELFF
