check genes for modeling 200
START 0 200 T00000_A0201_GLLIWMTQI
mhc max_idents: 0.978 A*02:01 GLLIWMTQI A*02:01 SLLMWITQV
setting up cache for align_tcr_info_pdb_chain_to_structure_msa function
DONE setting up cache for align_tcr_info_pdb_chain_to_structure_msa function
GXGs? GRG GT
identities: 0 0.983 pmhc: 0.978 tcra: 0.991 tcrb: 0.982  TRAV21*01 TRAJ6*01 CAVRPTSGGSYIPTF TRBV6-5*01 TRBJ2-2*01 CASSYVGNTGELFF
identities: 1 0.983 pmhc: 0.978 tcra: 0.991 tcrb: 0.982  TRAV21*01 TRAJ6*01 CAVRPTSGGSYIPTF TRBV6-5*01 TRBJ2-2*01 CASSYVGNTGELFF
identities: 2 0.983 pmhc: 0.978 tcra: 0.991 tcrb: 0.982  TRAV21*01 TRAJ6*01 CAVRPTSGGSYIPTF TRBV6-5*01 TRBJ2-2*01 CASSYVGNTGELFF
identities: 3 0.978 pmhc: 0.978 tcra: 0.974 tcrb: 0.982  TRAV21*01 TRAJ6*01 CAVRPTSGGSYIPTF TRBV6-5*01 TRBJ2-2*01 CASSYVGNTGELFF
START 1 200 T00001_A0201_MMLMWLTEM
mhc max_idents: 0.973 A*02:01 MMLMWLTEM A*02:01 SLLMWITQV
GXGs? GRG GT
identities: 0 0.981 pmhc: 0.973 tcra: 0.991 tcrb: 0.982  TRAV21*01 TRAJ6*01 CAVRPTSGGSYIPTF TRBV6-5*01 TRBJ2-2*01 CASSYVGNTGELFF
identities: 1 0.981 pmhc: 0.973 tcra: 0.991 tcrb: 0.982  TRAV21*01 TRAJ6*01 CAVRPTSGGSYIPTF TRBV6-5*01 TRBJ2-2*01 CASSYVGNTGELFF
identities: 2 0.981 pmhc: 0.973 tcra: 0.991 tcrb: 0.982  TRAV21*01 TRAJ6*01 CAVRPTSGGSYIPTF TRBV6-5*01 TRBJ2-2*01 CASSYVGNTGELFF
identities: 3 0.976 pmhc: 0.973 tcra: 0.974 tcrb: 0.982  TRAV21*01 TRAJ6*01 CAVRPTSGGSYIPTF TRBV6-5*01 TRBJ2-2*01 CASSYVGNTGELFF
START 2 200 T00002_A0201_CLQVWETPC
mhc max_idents: 0.973 A*02:01 CLQVWETPC A*02:01 SLLMWITQC
GXGs? GRG GT
identities: 0 0.981 pmhc: 0.973 tcra: 0.991 tcrb: 0.982  TRAV21*01 TRAJ6*01 CAVRPTSGGSYIPTF TRBV6-5*01 TRBJ2-2*01 CASSYVGNTGELFF
identities: 1 0.981 pmhc: 0.973 tcra: 0.991 tcrb: 0.982  TRAV21*01 TRAJ6*01 CAVRPTSGGSYIPTF TRBV6-5*01 TRBJ2-2*01 CASSYVGNTGELFF
identities: 2 0.981 pmhc: 0.973 tcra: 0.991 tcrb: 0.982  TRAV21*01 TRAJ6*01 CAVRPTSGGSYIPTF TRBV6-5*01 TRBJ2-2*01 CASSYVGNTGELFF
identities: 3 0.976 pmhc: 0.973 tcra: 0.974 tcrb: 0.982  TRAV21*01 TRAJ6*01 CAVRPTSGGSYIPTF TRBV6-5*01 TRBJ2-2*01 CASSYVGNTGELFF
START 3 200 T00003_A0201_STLMWMTQL
mhc max_idents: 0.989 A*02:01 STLMWMTQL A*02:01 SLLMWITQL
GXGs? GRG GT
identities: 0 0.988 pmhc: 0.989 tcra: 0.991 tcrb: 0.982  TRAV21*01 TRAJ6*01 CAVRPTSGGSYIPTF TRBV6-5*01 TRBJ2-2*01 CASSYVGNTGELFF
identities: 1 0.985 pmhc: 0.984 tcra: 0.991 tcrb: 0.982  TRAV21*01 TRAJ6*01 CAVRPTSGGSYIPTF TRBV6-5*01 TRBJ2-2*01 CASSYVGNTGELFF
identities: 2 0.985 pmhc: 0.984 tcra: 0.991 tcrb: 0.982  TRAV21*01 TRAJ6*01 CAVRPTSGGSYIPTF TRBV6-5*01 TRBJ2-2*01 CASSYVGNTGELFF
identities: 3 0.981 pmhc: 0.984 tcra: 0.974 tcrb: 0.982  TRAV21*01 TRAJ6*01 CAVRPTSGGSYIPTF TRBV6-5*01 TRBJ2-2*01 CASSYVGNTGELFF
START 4 200 T00004_A0201_TLLEWFMMV
mhc max_idents: 0.973 A*02:01 TLLEWFMMV A*02:01 SLLMWITQV
GXGs? GRG GT
identities: 0 0.981 pmhc: 0.973 tcra: 0.991 tcrb: 0.982  TRAV21*01 TRAJ6*01 CAVRPTSGGSYIPTF TRBV6-5*01 TRBJ2-2*01 CASSYVGNTGELFF
identities: 1 0.981 pmhc: 0.973 tcra: 0.991 tcrb: 0.982  TRAV21*01 TRAJ6*01 CAVRPTSGGSYIPTF TRBV6-5*01 TRBJ2-2*01 CASSYVGNTGELFF
identities: 2 0.981 pmhc: 0.973 tcra: 0.991 tcrb: 0.982  TRAV21*01 TRAJ6*01 CAVRPTSGGSYIPTF TRBV6-5*01 TRBJ2-2*01 CASSYVGNTGELFF
identities: 3 0.976 pmhc: 0.973 tcra: 0.974 tcrb: 0.982  TRAV21*01 TRAJ6*01 CAVRPTSGGSYIPTF TRBV6-5*01 TRBJ2-2*01 CASSYVGNTGELFF
START 5 200 T00005_A0201_SILMWMTKL
mhc max_idents: 0.984 A*02:01 SILMWMTKL A*02:01 SLLMWITQL
GXGs? GRG GT
identities: 0 0.985 pmhc: 0.984 tcra: 0.991 tcrb: 0.982  TRAV21*01 TRAJ6*01 CAVRPTSGGSYIPTF TRBV6-5*01 TRBJ2-2*01 CASSYVGNTGELFF
identities: 1 0.983 pmhc: 0.978 tcra: 0.991 tcrb: 0.982  TRAV21*01 TRAJ6*01 CAVRPTSGGSYIPTF TRBV6-5*01 TRBJ2-2*01 CASSYVGNTGELFF
identities: 2 0.983 pmhc: 0.978 tcra: 0.991 tcrb: 0.982  TRAV21*01 TRAJ6*01 CAVRPTSGGSYIPTF TRBV6-5*01 TRBJ2-2*01 CASSYVGNTGELFF
identities: 3 0.978 pmhc: 0.978 tcra: 0.974 tcrb: 0.982  TRAV21*01 TRAJ6*01 CAVRPTSGGSYIPTF TRBV6-5*01 TRBJ2-2*01 CASSYVGNTGELFF
START 6 200 T00006_A0201_SMFMWIVQC
mhc max_idents: 0.984 A*02:01 SMFMWIVQC A*02:01 SLLMWITQC
GXGs? GRG GT
identities: 0 0.985 pmhc: 0.984 tcra: 0.991 tcrb: 0.982  TRAV21*01 TRAJ6*01 CAVRPTSGGSYIPTF TRBV6-5*01 TRBJ2-2*01 CASSYVGNTGELFF
identities: 1 0.985 pmhc: 0.984 tcra: 0.991 tcrb: 0.982  TRAV21*01 TRAJ6*01 CAVRPTSGGSYIPTF TRBV6-5*01 TRBJ2-2*01 CASSYVGNTGELFF
identities: 2 0.985 pmhc: 0.984 tcra: 0.991 tcrb: 0.982  TRAV21*01 TRAJ6*01 CAVRPTSGGSYIPTF TRBV6-5*01 TRBJ2-2*01 CASSYVGNTGELFF
identities: 3 0.981 pmhc: 0.984 tcra: 0.974 tcrb: 0.982  TRAV21*01 TRAJ6*01 CAVRPTSGGSYIPTF TRBV6-5*01 TRBJ2-2*01 CASSYVGNTGELFF
START 7 200 T00007_A0201_TMRMWATDV
mhc max_idents: 0.973 A*02:01 TMRMWATDV A*02:01 SLLMWITQV
GXGs? GRG GT
identities: 0 0.981 pmhc: 0.973 tcra: 0.991 tcrb: 0.982  TRAV21*01 TRAJ6*01 CAVRPTSGGSYIPTF TRBV6-5*01 TRBJ2-2*01 CASSYVGNTGELFF
identities: 1 0.981 pmhc: 0.973 tcra: 0.991 tcrb: 0.982  TRAV21*01 TRAJ6*01 CAVRPTSGGSYIPTF TRBV6-5*01 TRBJ2-2*01 CASSYVGNTGELFF
identities: 2 0.981 pmhc: 0.973 tcra: 0.991 tcrb: 0.982  TRAV21*01 TRAJ6*01 CAVRPTSGGSYIPTF TRBV6-5*01 TRBJ2-2*01 CASSYVGNTGELFF
identities: 3 0.976 pmhc: 0.973 tcra: 0.974 tcrb: 0.982  TRAV21*01 TRAJ6*01 CAVRPTSGGSYIPTF TRBV6-5*01 TRBJ2-2*01 CASSYVGNTGELFF
START 8 200 T00008_A0201_YVLKWTTQC
mhc max_idents: 0.978 A*02:01 YVLKWTTQC A*02:01 YLLMWITQV
GXGs? GRG GT
identities: 0 0.983 pmhc: 0.978 tcra: 0.991 tcrb: 0.982  TRAV21*01 TRAJ6*01 CAVRPTSGGSYIPTF TRBV6-5*01 TRBJ2-2*01 CASSYVGNTGELFF
identities: 1 0.983 pmhc: 0.978 tcra: 0.991 tcrb: 0.982  TRAV21*01 TRAJ6*01 CAVRPTSGGSYIPTF TRBV6-5*01 TRBJ2-2*01 CASSYVGNTGELFF
identities: 2 0.983 pmhc: 0.978 tcra: 0.991 tcrb: 0.982  TRAV21*01 TRAJ6*01 CAVRPTSGGSYIPTF TRBV6-5*01 TRBJ2-2*01 CASSYVGNTGELFF
identities: 3 0.978 pmhc: 0.978 tcra: 0.974 tcrb: 0.982  TRAV21*01 TRAJ6*01 CAVRPTSGGSYIPTF TRBV6-5*01 TRBJ2-2*01 CASSYVGNTGELFF
START 9 200 T00009_A0201_KNMMWIGQV
mhc max_idents: 0.978 A*02:01 KNMMWIGQV A*02:01 SLLMWITQV
GXGs? GRG GT
identities: 0 0.983 pmhc: 0.978 tcra: 0.991 tcrb: 0.982  TRAV21*01 TRAJ6*01 CAVRPTSGGSYIPTF TRBV6-5*01 TRBJ2-2*01 CASSYVGNTGELFF
identities: 1 0.983 pmhc: 0.978 tcra: 0.991 tcrb: 0.982  TRAV21*01 TRAJ6*01 CAVRPTSGGSYIPTF TRBV6-5*01 TRBJ2-2*01 CASSYVGNTGELFF
identities: 2 0.983 pmhc: 0.978 tcra: 0.991 tcrb: 0.982  TRAV21*01 TRAJ6*01 CAVRPTSGGSYIPTF TRBV6-5*01 TRBJ2-2*01 CASSYVGNTGELFF
identities: 3 0.978 pmhc: 0.978 tcra: 0.974 tcrb: 0.982  TRAV21*01 TRAJ6*01 CAVRPTSGGSYIPTF TRBV6-5*01 TRBJ2-2*01 CASSYVGNTGELFF
START 10 200 T00010_A0201_SLVMWVNQC
mhc max_idents: 0.984 A*02:01 SLVMWVNQC A*02:01 SLLMWITQC
GXGs? GRG GT
identities: 0 0.985 pmhc: 0.984 tcra: 0.991 tcrb: 0.982  TRAV21*01 TRAJ6*01 CAVRPTSGGSYIPTF TRBV6-5*01 TRBJ2-2*01 CASSYVGNTGELFF
identities: 1 0.985 pmhc: 0.984 tcra: 0.991 tcrb: 0.982  TRAV21*01 TRAJ6*01 CAVRPTSGGSYIPTF TRBV6-5*01 TRBJ2-2*01 CASSYVGNTGELFF
identities: 2 0.985 pmhc: 0.984 tcra: 0.991 tcrb: 0.982  TRAV21*01 TRAJ6*01 CAVRPTSGGSYIPTF TRBV6-5*01 TRBJ2-2*01 CASSYVGNTGELFF
identities: 3 0.981 pmhc: 0.984 tcra: 0.974 tcrb: 0.982  TRAV21*01 TRAJ6*01 CAVRPTSGGSYIPTF TRBV6-5*01 TRBJ2-2*01 CASSYVGNTGELFF
START 11 200 T00011_A0201_SAMMWVAEV
mhc max_idents: 0.973 A*02:01 SAMMWVAEV A*02:01 SLLMWITQV
GXGs? GRG GT
identities: 0 0.981 pmhc: 0.973 tcra: 0.991 tcrb: 0.982  TRAV21*01 TRAJ6*01 CAVRPTSGGSYIPTF TRBV6-5*01 TRBJ2-2*01 CASSYVGNTGELFF
identities: 1 0.981 pmhc: 0.973 tcra: 0.991 tcrb: 0.982  TRAV21*01 TRAJ6*01 CAVRPTSGGSYIPTF TRBV6-5*01 TRBJ2-2*01 CASSYVGNTGELFF
identities: 2 0.981 pmhc: 0.973 tcra: 0.991 tcrb: 0.982  TRAV21*01 TRAJ6*01 CAVRPTSGGSYIPTF TRBV6-5*01 TRBJ2-2*01 CASSYVGNTGELFF
identities: 3 0.976 pmhc: 0.973 tcra: 0.974 tcrb: 0.982  TRAV21*01 TRAJ6*01 CAVRPTSGGSYIPTF TRBV6-5*01 TRBJ2-2*01 CASSYVGNTGELFF
START 12 200 T00012_A0201_HMIMWMTHC
mhc max_idents: 0.973 A*02:01 HMIMWMTHC A*02:01 HMTEVVRHC
GXGs? GRG GT
identities: 0 0.981 pmhc: 0.973 tcra: 0.991 tcrb: 0.982  TRAV21*01 TRAJ6*01 CAVRPTSGGSYIPTF TRBV6-5*01 TRBJ2-2*01 CASSYVGNTGELFF
identities: 1 0.981 pmhc: 0.973 tcra: 0.991 tcrb: 0.982  TRAV21*01 TRAJ6*01 CAVRPTSGGSYIPTF TRBV6-5*01 TRBJ2-2*01 CASSYVGNTGELFF
identities: 2 0.981 pmhc: 0.973 tcra: 0.991 tcrb: 0.982  TRAV21*01 TRAJ6*01 CAVRPTSGGSYIPTF TRBV6-5*01 TRBJ2-2*01 CASSYVGNTGELFF
identities: 3 0.976 pmhc: 0.973 tcra: 0.974 tcrb: 0.982  TRAV21*01 TRAJ6*01 CAVRPTSGGSYIPTF TRBV6-5*01 TRBJ2-2*01 CASSYVGNTGELFF
START 13 200 T00013_A0201_SIALWMTHF
mhc max_idents: 0.967 A*02:01 SIALWMTHF A*02:01 SLLMWITQV
GXGs? GRG GT
identities: 0 0.978 pmhc: 0.967 tcra: 0.991 tcrb: 0.982  TRAV21*01 TRAJ6*01 CAVRPTSGGSYIPTF TRBV6-5*01 TRBJ2-2*01 CASSYVGNTGELFF
identities: 1 0.978 pmhc: 0.967 tcra: 0.991 tcrb: 0.982  TRAV21*01 TRAJ6*01 CAVRPTSGGSYIPTF TRBV6-5*01 TRBJ2-2*01 CASSYVGNTGELFF
identities: 2 0.978 pmhc: 0.967 tcra: 0.991 tcrb: 0.982  TRAV21*01 TRAJ6*01 CAVRPTSGGSYIPTF TRBV6-5*01 TRBJ2-2*01 CASSYVGNTGELFF
identities: 3 0.973 pmhc: 0.967 tcra: 0.974 tcrb: 0.982  TRAV21*01 TRAJ6*01 CAVRPTSGGSYIPTF TRBV6-5*01 TRBJ2-2*01 CASSYVGNTGELFF
START 14 200 T00014_A0201_KLLIWVTEI
mhc max_idents: 0.973 A*02:01 KLLIWVTEI A*02:01 SLLMWITQV
GXGs? GRG GT
identities: 0 0.981 pmhc: 0.973 tcra: 0.991 tcrb: 0.982  TRAV21*01 TRAJ6*01 CAVRPTSGGSYIPTF TRBV6-5*01 TRBJ2-2*01 CASSYVGNTGELFF
identities: 1 0.981 pmhc: 0.973 tcra: 0.991 tcrb: 0.982  TRAV21*01 TRAJ6*01 CAVRPTSGGSYIPTF TRBV6-5*01 TRBJ2-2*01 CASSYVGNTGELFF
identities: 2 0.981 pmhc: 0.973 tcra: 0.991 tcrb: 0.982  TRAV21*01 TRAJ6*01 CAVRPTSGGSYIPTF TRBV6-5*01 TRBJ2-2*01 CASSYVGNTGELFF
identities: 3 0.976 pmhc: 0.973 tcra: 0.974 tcrb: 0.982  TRAV21*01 TRAJ6*01 CAVRPTSGGSYIPTF TRBV6-5*01 TRBJ2-2*01 CASSYVGNTGELFF
START 15 200 T00015_A0201_SIVVWISKV
mhc max_idents: 0.973 A*02:01 SIVVWISKV A*02:01 SLLMWITQV
GXGs? GRG GT
identities: 0 0.981 pmhc: 0.973 tcra: 0.991 tcrb: 0.982  TRAV21*01 TRAJ6*01 CAVRPTSGGSYIPTF TRBV6-5*01 TRBJ2-2*01 CASSYVGNTGELFF
identities: 1 0.981 pmhc: 0.973 tcra: 0.991 tcrb: 0.982  TRAV21*01 TRAJ6*01 CAVRPTSGGSYIPTF TRBV6-5*01 TRBJ2-2*01 CASSYVGNTGELFF
identities: 2 0.981 pmhc: 0.973 tcra: 0.991 tcrb: 0.982  TRAV21*01 TRAJ6*01 CAVRPTSGGSYIPTF TRBV6-5*01 TRBJ2-2*01 CASSYVGNTGELFF
identities: 3 0.976 pmhc: 0.973 tcra: 0.974 tcrb: 0.982  TRAV21*01 TRAJ6*01 CAVRPTSGGSYIPTF TRBV6-5*01 TRBJ2-2*01 CASSYVGNTGELFF
START 16 200 T00016_A0201_VLKQWIMEC
mhc max_idents: 0.973 A*02:01 VLKQWIMEC A*02:01 SLLMWITQC
GXGs? GRG GT
identities: 0 0.981 pmhc: 0.973 tcra: 0.991 tcrb: 0.982  TRAV21*01 TRAJ6*01 CAVRPTSGGSYIPTF TRBV6-5*01 TRBJ2-2*01 CASSYVGNTGELFF
identities: 1 0.981 pmhc: 0.973 tcra: 0.991 tcrb: 0.982  TRAV21*01 TRAJ6*01 CAVRPTSGGSYIPTF TRBV6-5*01 TRBJ2-2*01 CASSYVGNTGELFF
identities: 2 0.981 pmhc: 0.973 tcra: 0.991 tcrb: 0.982  TRAV21*01 TRAJ6*01 CAVRPTSGGSYIPTF TRBV6-5*01 TRBJ2-2*01 CASSYVGNTGELFF
identities: 3 0.976 pmhc: 0.973 tcra: 0.974 tcrb: 0.982  TRAV21*01 TRAJ6*01 CAVRPTSGGSYIPTF TRBV6-5*01 TRBJ2-2*01 CASSYVGNTGELFF
START 17 200 T00017_A0201_ALVMWMKQC
mhc max_idents: 0.978 A*02:01 ALVMWMKQC A*02:01 SLLMWITQC
GXGs? GRG GT
identities: 0 0.983 pmhc: 0.978 tcra: 0.991 tcrb: 0.982  TRAV21*01 TRAJ6*01 CAVRPTSGGSYIPTF TRBV6-5*01 TRBJ2-2*01 CASSYVGNTGELFF
identities: 1 0.983 pmhc: 0.978 tcra: 0.991 tcrb: 0.982  TRAV21*01 TRAJ6*01 CAVRPTSGGSYIPTF TRBV6-5*01 TRBJ2-2*01 CASSYVGNTGELFF
identities: 2 0.983 pmhc: 0.978 tcra: 0.991 tcrb: 0.982  TRAV21*01 TRAJ6*01 CAVRPTSGGSYIPTF TRBV6-5*01 TRBJ2-2*01 CASSYVGNTGELFF
identities: 3 0.978 pmhc: 0.978 tcra: 0.974 tcrb: 0.982  TRAV21*01 TRAJ6*01 CAVRPTSGGSYIPTF TRBV6-5*01 TRBJ2-2*01 CASSYVGNTGELFF
START 18 200 T00018_A0201_TCLKWVTQC
mhc max_idents: 0.978 A*02:01 TCLKWVTQC A*02:01 SLLMWITQC
GXGs? GRG GT
identities: 0 0.983 pmhc: 0.978 tcra: 0.991 tcrb: 0.982  TRAV21*01 TRAJ6*01 CAVRPTSGGSYIPTF TRBV6-5*01 TRBJ2-2*01 CASSYVGNTGELFF
identities: 1 0.983 pmhc: 0.978 tcra: 0.991 tcrb: 0.982  TRAV21*01 TRAJ6*01 CAVRPTSGGSYIPTF TRBV6-5*01 TRBJ2-2*01 CASSYVGNTGELFF
identities: 2 0.983 pmhc: 0.978 tcra: 0.991 tcrb: 0.982  TRAV21*01 TRAJ6*01 CAVRPTSGGSYIPTF TRBV6-5*01 TRBJ2-2*01 CASSYVGNTGELFF
identities: 3 0.978 pmhc: 0.978 tcra: 0.974 tcrb: 0.982  TRAV21*01 TRAJ6*01 CAVRPTSGGSYIPTF TRBV6-5*01 TRBJ2-2*01 CASSYVGNTGELFF
START 19 200 T00019_A0201_FATMWLTQV
mhc max_idents: 0.978 A*02:01 FATMWLTQV A*02:01 SLLMWITQV
GXGs? GRG GT
identities: 0 0.983 pmhc: 0.978 tcra: 0.991 tcrb: 0.982  TRAV21*01 TRAJ6*01 CAVRPTSGGSYIPTF TRBV6-5*01 TRBJ2-2*01 CASSYVGNTGELFF
identities: 1 0.983 pmhc: 0.978 tcra: 0.991 tcrb: 0.982  TRAV21*01 TRAJ6*01 CAVRPTSGGSYIPTF TRBV6-5*01 TRBJ2-2*01 CASSYVGNTGELFF
identities: 2 0.983 pmhc: 0.978 tcra: 0.991 tcrb: 0.982  TRAV21*01 TRAJ6*01 CAVRPTSGGSYIPTF TRBV6-5*01 TRBJ2-2*01 CASSYVGNTGELFF
identities: 3 0.978 pmhc: 0.978 tcra: 0.974 tcrb: 0.982  TRAV21*01 TRAJ6*01 CAVRPTSGGSYIPTF TRBV6-5*01 TRBJ2-2*01 CASSYVGNTGELFF
START 20 200 T00020_A0201_KEYQWVDPC
mhc max_idents: 0.962 A*02:01 KEYQWVDPC A*02:01 HMTEVVRHC
GXGs? GRG GT
identities: 0 0.976 pmhc: 0.962 tcra: 0.991 tcrb: 0.982  TRAV21*01 TRAJ6*01 CAVRPTSGGSYIPTF TRBV6-5*01 TRBJ2-2*01 CASSYVGNTGELFF
identities: 1 0.976 pmhc: 0.962 tcra: 0.991 tcrb: 0.982  TRAV21*01 TRAJ6*01 CAVRPTSGGSYIPTF TRBV6-5*01 TRBJ2-2*01 CASSYVGNTGELFF
identities: 2 0.976 pmhc: 0.962 tcra: 0.991 tcrb: 0.982  TRAV21*01 TRAJ6*01 CAVRPTSGGSYIPTF TRBV6-5*01 TRBJ2-2*01 CASSYVGNTGELFF
identities: 3 0.971 pmhc: 0.962 tcra: 0.974 tcrb: 0.982  TRAV21*01 TRAJ6*01 CAVRPTSGGSYIPTF TRBV6-5*01 TRBJ2-2*01 CASSYVGNTGELFF
START 21 200 T00021_A0201_DNIMWVSEC
mhc max_idents: 0.967 A*02:01 DNIMWVSEC A*02:01 SLLMWITQC
GXGs? GRG GT
identities: 0 0.978 pmhc: 0.967 tcra: 0.991 tcrb: 0.982  TRAV21*01 TRAJ6*01 CAVRPTSGGSYIPTF TRBV6-5*01 TRBJ2-2*01 CASSYVGNTGELFF
identities: 1 0.978 pmhc: 0.967 tcra: 0.991 tcrb: 0.982  TRAV21*01 TRAJ6*01 CAVRPTSGGSYIPTF TRBV6-5*01 TRBJ2-2*01 CASSYVGNTGELFF
identities: 2 0.978 pmhc: 0.967 tcra: 0.991 tcrb: 0.982  TRAV21*01 TRAJ6*01 CAVRPTSGGSYIPTF TRBV6-5*01 TRBJ2-2*01 CASSYVGNTGELFF
identities: 3 0.973 pmhc: 0.967 tcra: 0.974 tcrb: 0.982  TRAV21*01 TRAJ6*01 CAVRPTSGGSYIPTF TRBV6-5*01 TRBJ2-2*01 CASSYVGNTGELFF
START 22 200 T00022_A0201_SFLLWITPC
mhc max_idents: 0.984 A*02:01 SFLLWITPC A*02:01 SLLMWITQC
GXGs? GRG GT
identities: 0 0.985 pmhc: 0.984 tcra: 0.991 tcrb: 0.982  TRAV21*01 TRAJ6*01 CAVRPTSGGSYIPTF TRBV6-5*01 TRBJ2-2*01 CASSYVGNTGELFF
identities: 1 0.985 pmhc: 0.984 tcra: 0.991 tcrb: 0.982  TRAV21*01 TRAJ6*01 CAVRPTSGGSYIPTF TRBV6-5*01 TRBJ2-2*01 CASSYVGNTGELFF
identities: 2 0.985 pmhc: 0.984 tcra: 0.991 tcrb: 0.982  TRAV21*01 TRAJ6*01 CAVRPTSGGSYIPTF TRBV6-5*01 TRBJ2-2*01 CASSYVGNTGELFF
identities: 3 0.981 pmhc: 0.984 tcra: 0.974 tcrb: 0.982  TRAV21*01 TRAJ6*01 CAVRPTSGGSYIPTF TRBV6-5*01 TRBJ2-2*01 CASSYVGNTGELFF
START 23 200 T00023_A0201_EQMMWVDKK
mhc max_idents: 0.962 A*02:01 EQMMWVDKK A*02:01 SLLMWITQV
GXGs? GRG GT
identities: 0 0.976 pmhc: 0.962 tcra: 0.991 tcrb: 0.982  TRAV21*01 TRAJ6*01 CAVRPTSGGSYIPTF TRBV6-5*01 TRBJ2-2*01 CASSYVGNTGELFF
identities: 1 0.976 pmhc: 0.962 tcra: 0.991 tcrb: 0.982  TRAV21*01 TRAJ6*01 CAVRPTSGGSYIPTF TRBV6-5*01 TRBJ2-2*01 CASSYVGNTGELFF
identities: 2 0.976 pmhc: 0.962 tcra: 0.991 tcrb: 0.982  TRAV21*01 TRAJ6*01 CAVRPTSGGSYIPTF TRBV6-5*01 TRBJ2-2*01 CASSYVGNTGELFF
identities: 3 0.971 pmhc: 0.962 tcra: 0.974 tcrb: 0.982  TRAV21*01 TRAJ6*01 CAVRPTSGGSYIPTF TRBV6-5*01 TRBJ2-2*01 CASSYVGNTGELFF
START 24 200 T00024_A0201_ALIMWITHC
mhc max_idents: 0.984 A*02:01 ALIMWITHC A*02:01 SLLMWITQC
GXGs? GRG GT
identities: 0 0.985 pmhc: 0.984 tcra: 0.991 tcrb: 0.982  TRAV21*01 TRAJ6*01 CAVRPTSGGSYIPTF TRBV6-5*01 TRBJ2-2*01 CASSYVGNTGELFF
identities: 1 0.985 pmhc: 0.984 tcra: 0.991 tcrb: 0.982  TRAV21*01 TRAJ6*01 CAVRPTSGGSYIPTF TRBV6-5*01 TRBJ2-2*01 CASSYVGNTGELFF
identities: 2 0.985 pmhc: 0.984 tcra: 0.991 tcrb: 0.982  TRAV21*01 TRAJ6*01 CAVRPTSGGSYIPTF TRBV6-5*01 TRBJ2-2*01 CASSYVGNTGELFF
identities: 3 0.981 pmhc: 0.984 tcra: 0.974 tcrb: 0.982  TRAV21*01 TRAJ6*01 CAVRPTSGGSYIPTF TRBV6-5*01 TRBJ2-2*01 CASSYVGNTGELFF
START 25 200 T00025_A0201_TAMDWIPNC
mhc max_idents: 0.967 A*02:01 TAMDWIPNC A*02:01 SLLMWITQC
GXGs? GRG GT
identities: 0 0.978 pmhc: 0.967 tcra: 0.991 tcrb: 0.982  TRAV21*01 TRAJ6*01 CAVRPTSGGSYIPTF TRBV6-5*01 TRBJ2-2*01 CASSYVGNTGELFF
identities: 1 0.978 pmhc: 0.967 tcra: 0.991 tcrb: 0.982  TRAV21*01 TRAJ6*01 CAVRPTSGGSYIPTF TRBV6-5*01 TRBJ2-2*01 CASSYVGNTGELFF
identities: 2 0.978 pmhc: 0.967 tcra: 0.991 tcrb: 0.982  TRAV21*01 TRAJ6*01 CAVRPTSGGSYIPTF TRBV6-5*01 TRBJ2-2*01 CASSYVGNTGELFF
identities: 3 0.973 pmhc: 0.967 tcra: 0.974 tcrb: 0.982  TRAV21*01 TRAJ6*01 CAVRPTSGGSYIPTF TRBV6-5*01 TRBJ2-2*01 CASSYVGNTGELFF
START 26 200 T00026_A0201_ELLVWYNWC
mhc max_idents: 0.973 A*02:01 ELLVWYNWC A*02:01 SLLMWITQC
GXGs? GRG GT
identities: 0 0.981 pmhc: 0.973 tcra: 0.991 tcrb: 0.982  TRAV21*01 TRAJ6*01 CAVRPTSGGSYIPTF TRBV6-5*01 TRBJ2-2*01 CASSYVGNTGELFF
identities: 1 0.981 pmhc: 0.973 tcra: 0.991 tcrb: 0.982  TRAV21*01 TRAJ6*01 CAVRPTSGGSYIPTF TRBV6-5*01 TRBJ2-2*01 CASSYVGNTGELFF
identities: 2 0.981 pmhc: 0.973 tcra: 0.991 tcrb: 0.982  TRAV21*01 TRAJ6*01 CAVRPTSGGSYIPTF TRBV6-5*01 TRBJ2-2*01 CASSYVGNTGELFF
identities: 3 0.976 pmhc: 0.973 tcra: 0.974 tcrb: 0.982  TRAV21*01 TRAJ6*01 CAVRPTSGGSYIPTF TRBV6-5*01 TRBJ2-2*01 CASSYVGNTGELFF
START 27 200 T00027_A0201_NLLHWISQM
mhc max_idents: 0.978 A*02:01 NLLHWISQM A*02:01 SLLMWITQV
GXGs? GRG GT
identities: 0 0.983 pmhc: 0.978 tcra: 0.991 tcrb: 0.982  TRAV21*01 TRAJ6*01 CAVRPTSGGSYIPTF TRBV6-5*01 TRBJ2-2*01 CASSYVGNTGELFF
identities: 1 0.983 pmhc: 0.978 tcra: 0.991 tcrb: 0.982  TRAV21*01 TRAJ6*01 CAVRPTSGGSYIPTF TRBV6-5*01 TRBJ2-2*01 CASSYVGNTGELFF
identities: 2 0.983 pmhc: 0.978 tcra: 0.991 tcrb: 0.982  TRAV21*01 TRAJ6*01 CAVRPTSGGSYIPTF TRBV6-5*01 TRBJ2-2*01 CASSYVGNTGELFF
identities: 3 0.978 pmhc: 0.978 tcra: 0.974 tcrb: 0.982  TRAV21*01 TRAJ6*01 CAVRPTSGGSYIPTF TRBV6-5*01 TRBJ2-2*01 CASSYVGNTGELFF
START 28 200 T00028_A0201_SINMWCNQC
mhc max_idents: 0.978 A*02:01 SINMWCNQC A*02:01 CINMWCWTV
GXGs? GRG GT
identities: 0 0.983 pmhc: 0.978 tcra: 0.991 tcrb: 0.982  TRAV21*01 TRAJ6*01 CAVRPTSGGSYIPTF TRBV6-5*01 TRBJ2-2*01 CASSYVGNTGELFF
identities: 1 0.983 pmhc: 0.978 tcra: 0.991 tcrb: 0.982  TRAV21*01 TRAJ6*01 CAVRPTSGGSYIPTF TRBV6-5*01 TRBJ2-2*01 CASSYVGNTGELFF
identities: 2 0.983 pmhc: 0.978 tcra: 0.991 tcrb: 0.982  TRAV21*01 TRAJ6*01 CAVRPTSGGSYIPTF TRBV6-5*01 TRBJ2-2*01 CASSYVGNTGELFF
identities: 3 0.978 pmhc: 0.978 tcra: 0.974 tcrb: 0.982  TRAV21*01 TRAJ6*01 CAVRPTSGGSYIPTF TRBV6-5*01 TRBJ2-2*01 CASSYVGNTGELFF
START 29 200 T00029_A0201_SRLPWIVQT
mhc max_idents: 0.978 A*02:01 SRLPWIVQT A*02:01 SLLMWITQV
GXGs? GRG GT
identities: 0 0.983 pmhc: 0.978 tcra: 0.991 tcrb: 0.982  TRAV21*01 TRAJ6*01 CAVRPTSGGSYIPTF TRBV6-5*01 TRBJ2-2*01 CASSYVGNTGELFF
identities: 1 0.983 pmhc: 0.978 tcra: 0.991 tcrb: 0.982  TRAV21*01 TRAJ6*01 CAVRPTSGGSYIPTF TRBV6-5*01 TRBJ2-2*01 CASSYVGNTGELFF
identities: 2 0.983 pmhc: 0.978 tcra: 0.991 tcrb: 0.982  TRAV21*01 TRAJ6*01 CAVRPTSGGSYIPTF TRBV6-5*01 TRBJ2-2*01 CASSYVGNTGELFF
identities: 3 0.978 pmhc: 0.978 tcra: 0.974 tcrb: 0.982  TRAV21*01 TRAJ6*01 CAVRPTSGGSYIPTF TRBV6-5*01 TRBJ2-2*01 CASSYVGNTGELFF
START 30 200 T00030_A0201_PMLMWVTQC
mhc max_idents: 0.984 A*02:01 PMLMWVTQC A*02:01 SLLMWITQC
GXGs? GRG GT
identities: 0 0.985 pmhc: 0.984 tcra: 0.991 tcrb: 0.982  TRAV21*01 TRAJ6*01 CAVRPTSGGSYIPTF TRBV6-5*01 TRBJ2-2*01 CASSYVGNTGELFF
identities: 1 0.985 pmhc: 0.984 tcra: 0.991 tcrb: 0.982  TRAV21*01 TRAJ6*01 CAVRPTSGGSYIPTF TRBV6-5*01 TRBJ2-2*01 CASSYVGNTGELFF
identities: 2 0.985 pmhc: 0.984 tcra: 0.991 tcrb: 0.982  TRAV21*01 TRAJ6*01 CAVRPTSGGSYIPTF TRBV6-5*01 TRBJ2-2*01 CASSYVGNTGELFF
identities: 3 0.981 pmhc: 0.984 tcra: 0.974 tcrb: 0.982  TRAV21*01 TRAJ6*01 CAVRPTSGGSYIPTF TRBV6-5*01 TRBJ2-2*01 CASSYVGNTGELFF
START 31 200 T00031_A0201_VEMFWVSYC
mhc max_idents: 0.962 A*02:01 VEMFWVSYC A*02:01 HMTEVVRHC
GXGs? GRG GT
identities: 0 0.976 pmhc: 0.962 tcra: 0.991 tcrb: 0.982  TRAV21*01 TRAJ6*01 CAVRPTSGGSYIPTF TRBV6-5*01 TRBJ2-2*01 CASSYVGNTGELFF
identities: 1 0.976 pmhc: 0.962 tcra: 0.991 tcrb: 0.982  TRAV21*01 TRAJ6*01 CAVRPTSGGSYIPTF TRBV6-5*01 TRBJ2-2*01 CASSYVGNTGELFF
identities: 2 0.976 pmhc: 0.962 tcra: 0.991 tcrb: 0.982  TRAV21*01 TRAJ6*01 CAVRPTSGGSYIPTF TRBV6-5*01 TRBJ2-2*01 CASSYVGNTGELFF
identities: 3 0.971 pmhc: 0.962 tcra: 0.974 tcrb: 0.982  TRAV21*01 TRAJ6*01 CAVRPTSGGSYIPTF TRBV6-5*01 TRBJ2-2*01 CASSYVGNTGELFF
START 32 200 T00032_A0201_SLSMWVMRM
mhc max_idents: 0.973 A*02:01 SLSMWVMRM A*02:01 SLLMWITQV
GXGs? GRG GT
identities: 0 0.981 pmhc: 0.973 tcra: 0.991 tcrb: 0.982  TRAV21*01 TRAJ6*01 CAVRPTSGGSYIPTF TRBV6-5*01 TRBJ2-2*01 CASSYVGNTGELFF
identities: 1 0.981 pmhc: 0.973 tcra: 0.991 tcrb: 0.982  TRAV21*01 TRAJ6*01 CAVRPTSGGSYIPTF TRBV6-5*01 TRBJ2-2*01 CASSYVGNTGELFF
identities: 2 0.981 pmhc: 0.973 tcra: 0.991 tcrb: 0.982  TRAV21*01 TRAJ6*01 CAVRPTSGGSYIPTF TRBV6-5*01 TRBJ2-2*01 CASSYVGNTGELFF
identities: 3 0.976 pmhc: 0.973 tcra: 0.974 tcrb: 0.982  TRAV21*01 TRAJ6*01 CAVRPTSGGSYIPTF TRBV6-5*01 TRBJ2-2*01 CASSYVGNTGELFF
START 33 200 T00033_A0201_TLMMWVPRG
mhc max_idents: 0.967 A*02:01 TLMMWVPRG A*02:01 SLLMWITQV
GXGs? GRG GT
identities: 0 0.978 pmhc: 0.967 tcra: 0.991 tcrb: 0.982  TRAV21*01 TRAJ6*01 CAVRPTSGGSYIPTF TRBV6-5*01 TRBJ2-2*01 CASSYVGNTGELFF
identities: 1 0.978 pmhc: 0.967 tcra: 0.991 tcrb: 0.982  TRAV21*01 TRAJ6*01 CAVRPTSGGSYIPTF TRBV6-5*01 TRBJ2-2*01 CASSYVGNTGELFF
identities: 2 0.978 pmhc: 0.967 tcra: 0.991 tcrb: 0.982  TRAV21*01 TRAJ6*01 CAVRPTSGGSYIPTF TRBV6-5*01 TRBJ2-2*01 CASSYVGNTGELFF
identities: 3 0.973 pmhc: 0.967 tcra: 0.974 tcrb: 0.982  TRAV21*01 TRAJ6*01 CAVRPTSGGSYIPTF TRBV6-5*01 TRBJ2-2*01 CASSYVGNTGELFF
START 34 200 T00034_A0201_GILLWIHWC
mhc max_idents: 0.973 A*02:01 GILLWIHWC A*02:01 SLLMWITQC
GXGs? GRG GT
identities: 0 0.981 pmhc: 0.973 tcra: 0.991 tcrb: 0.982  TRAV21*01 TRAJ6*01 CAVRPTSGGSYIPTF TRBV6-5*01 TRBJ2-2*01 CASSYVGNTGELFF
identities: 1 0.981 pmhc: 0.973 tcra: 0.991 tcrb: 0.982  TRAV21*01 TRAJ6*01 CAVRPTSGGSYIPTF TRBV6-5*01 TRBJ2-2*01 CASSYVGNTGELFF
identities: 2 0.981 pmhc: 0.973 tcra: 0.991 tcrb: 0.982  TRAV21*01 TRAJ6*01 CAVRPTSGGSYIPTF TRBV6-5*01 TRBJ2-2*01 CASSYVGNTGELFF
identities: 3 0.976 pmhc: 0.973 tcra: 0.974 tcrb: 0.982  TRAV21*01 TRAJ6*01 CAVRPTSGGSYIPTF TRBV6-5*01 TRBJ2-2*01 CASSYVGNTGELFF
START 35 200 T00035_A0201_VLIMWIDQC
mhc max_idents: 0.984 A*02:01 VLIMWIDQC A*02:01 SLLMWITQC
GXGs? GRG GT
identities: 0 0.985 pmhc: 0.984 tcra: 0.991 tcrb: 0.982  TRAV21*01 TRAJ6*01 CAVRPTSGGSYIPTF TRBV6-5*01 TRBJ2-2*01 CASSYVGNTGELFF
identities: 1 0.985 pmhc: 0.984 tcra: 0.991 tcrb: 0.982  TRAV21*01 TRAJ6*01 CAVRPTSGGSYIPTF TRBV6-5*01 TRBJ2-2*01 CASSYVGNTGELFF
identities: 2 0.985 pmhc: 0.984 tcra: 0.991 tcrb: 0.982  TRAV21*01 TRAJ6*01 CAVRPTSGGSYIPTF TRBV6-5*01 TRBJ2-2*01 CASSYVGNTGELFF
identities: 3 0.981 pmhc: 0.984 tcra: 0.974 tcrb: 0.982  TRAV21*01 TRAJ6*01 CAVRPTSGGSYIPTF TRBV6-5*01 TRBJ2-2*01 CASSYVGNTGELFF
START 36 200 T00036_A0201_KIIMWLKEC
mhc max_idents: 0.967 A*02:01 KIIMWLKEC A*02:01 CINMWCWTV
GXGs? GRG GT
identities: 0 0.978 pmhc: 0.967 tcra: 0.991 tcrb: 0.982  TRAV21*01 TRAJ6*01 CAVRPTSGGSYIPTF TRBV6-5*01 TRBJ2-2*01 CASSYVGNTGELFF
identities: 1 0.978 pmhc: 0.967 tcra: 0.991 tcrb: 0.982  TRAV21*01 TRAJ6*01 CAVRPTSGGSYIPTF TRBV6-5*01 TRBJ2-2*01 CASSYVGNTGELFF
identities: 2 0.978 pmhc: 0.967 tcra: 0.991 tcrb: 0.982  TRAV21*01 TRAJ6*01 CAVRPTSGGSYIPTF TRBV6-5*01 TRBJ2-2*01 CASSYVGNTGELFF
identities: 3 0.973 pmhc: 0.967 tcra: 0.974 tcrb: 0.982  TRAV21*01 TRAJ6*01 CAVRPTSGGSYIPTF TRBV6-5*01 TRBJ2-2*01 CASSYVGNTGELFF
START 37 200 T00037_A0201_KIIMWLNQC
mhc max_idents: 0.973 A*02:01 KIIMWLNQC A*02:01 SLLMWITQC
GXGs? GRG GT
identities: 0 0.981 pmhc: 0.973 tcra: 0.991 tcrb: 0.982  TRAV21*01 TRAJ6*01 CAVRPTSGGSYIPTF TRBV6-5*01 TRBJ2-2*01 CASSYVGNTGELFF
identities: 1 0.981 pmhc: 0.973 tcra: 0.991 tcrb: 0.982  TRAV21*01 TRAJ6*01 CAVRPTSGGSYIPTF TRBV6-5*01 TRBJ2-2*01 CASSYVGNTGELFF
identities: 2 0.981 pmhc: 0.973 tcra: 0.991 tcrb: 0.982  TRAV21*01 TRAJ6*01 CAVRPTSGGSYIPTF TRBV6-5*01 TRBJ2-2*01 CASSYVGNTGELFF
identities: 3 0.976 pmhc: 0.973 tcra: 0.974 tcrb: 0.982  TRAV21*01 TRAJ6*01 CAVRPTSGGSYIPTF TRBV6-5*01 TRBJ2-2*01 CASSYVGNTGELFF
START 38 200 T00038_A0201_SLFMWIGQC
mhc max_idents: 0.989 A*02:01 SLFMWIGQC A*02:01 SLLMWITQC
GXGs? GRG GT
identities: 0 0.988 pmhc: 0.989 tcra: 0.991 tcrb: 0.982  TRAV21*01 TRAJ6*01 CAVRPTSGGSYIPTF TRBV6-5*01 TRBJ2-2*01 CASSYVGNTGELFF
identities: 1 0.988 pmhc: 0.989 tcra: 0.991 tcrb: 0.982  TRAV21*01 TRAJ6*01 CAVRPTSGGSYIPTF TRBV6-5*01 TRBJ2-2*01 CASSYVGNTGELFF
identities: 2 0.988 pmhc: 0.989 tcra: 0.991 tcrb: 0.982  TRAV21*01 TRAJ6*01 CAVRPTSGGSYIPTF TRBV6-5*01 TRBJ2-2*01 CASSYVGNTGELFF
identities: 3 0.983 pmhc: 0.989 tcra: 0.974 tcrb: 0.982  TRAV21*01 TRAJ6*01 CAVRPTSGGSYIPTF TRBV6-5*01 TRBJ2-2*01 CASSYVGNTGELFF
START 39 200 T00039_A0201_CLLMWITQC
mhc max_idents: 0.995 A*02:01 CLLMWITQC A*02:01 SLLMWITQC
GXGs? GRG GT
identities: 0 0.990 pmhc: 0.995 tcra: 0.991 tcrb: 0.982  TRAV21*01 TRAJ6*01 CAVRPTSGGSYIPTF TRBV6-5*01 TRBJ2-2*01 CASSYVGNTGELFF
identities: 1 0.990 pmhc: 0.995 tcra: 0.991 tcrb: 0.982  TRAV21*01 TRAJ6*01 CAVRPTSGGSYIPTF TRBV6-5*01 TRBJ2-2*01 CASSYVGNTGELFF
identities: 2 0.990 pmhc: 0.995 tcra: 0.991 tcrb: 0.982  TRAV21*01 TRAJ6*01 CAVRPTSGGSYIPTF TRBV6-5*01 TRBJ2-2*01 CASSYVGNTGELFF
identities: 3 0.985 pmhc: 0.995 tcra: 0.974 tcrb: 0.982  TRAV21*01 TRAJ6*01 CAVRPTSGGSYIPTF TRBV6-5*01 TRBJ2-2*01 CASSYVGNTGELFF
START 40 200 T00040_A0201_KILMWITQC
mhc max_idents: 0.989 A*02:01 KILMWITQC A*02:01 SLLMWITQC
GXGs? GRG GT
identities: 0 0.988 pmhc: 0.989 tcra: 0.991 tcrb: 0.982  TRAV21*01 TRAJ6*01 CAVRPTSGGSYIPTF TRBV6-5*01 TRBJ2-2*01 CASSYVGNTGELFF
identities: 1 0.988 pmhc: 0.989 tcra: 0.991 tcrb: 0.982  TRAV21*01 TRAJ6*01 CAVRPTSGGSYIPTF TRBV6-5*01 TRBJ2-2*01 CASSYVGNTGELFF
identities: 2 0.988 pmhc: 0.989 tcra: 0.991 tcrb: 0.982  TRAV21*01 TRAJ6*01 CAVRPTSGGSYIPTF TRBV6-5*01 TRBJ2-2*01 CASSYVGNTGELFF
identities: 3 0.983 pmhc: 0.989 tcra: 0.974 tcrb: 0.982  TRAV21*01 TRAJ6*01 CAVRPTSGGSYIPTF TRBV6-5*01 TRBJ2-2*01 CASSYVGNTGELFF
START 41 200 T00041_A0201_CAITWIEIC
mhc max_idents: 0.967 A*02:01 CAITWIEIC A*02:01 SLLMWITQC
GXGs? GRG GT
identities: 0 0.978 pmhc: 0.967 tcra: 0.991 tcrb: 0.982  TRAV21*01 TRAJ6*01 CAVRPTSGGSYIPTF TRBV6-5*01 TRBJ2-2*01 CASSYVGNTGELFF
identities: 1 0.978 pmhc: 0.967 tcra: 0.991 tcrb: 0.982  TRAV21*01 TRAJ6*01 CAVRPTSGGSYIPTF TRBV6-5*01 TRBJ2-2*01 CASSYVGNTGELFF
identities: 2 0.978 pmhc: 0.967 tcra: 0.991 tcrb: 0.982  TRAV21*01 TRAJ6*01 CAVRPTSGGSYIPTF TRBV6-5*01 TRBJ2-2*01 CASSYVGNTGELFF
identities: 3 0.973 pmhc: 0.967 tcra: 0.974 tcrb: 0.982  TRAV21*01 TRAJ6*01 CAVRPTSGGSYIPTF TRBV6-5*01 TRBJ2-2*01 CASSYVGNTGELFF
START 42 200 T00042_A0201_TILFWLSQV
mhc max_idents: 0.973 A*02:01 TILFWLSQV A*02:01 SLLMWITQV
GXGs? GRG GT
identities: 0 0.981 pmhc: 0.973 tcra: 0.991 tcrb: 0.982  TRAV21*01 TRAJ6*01 CAVRPTSGGSYIPTF TRBV6-5*01 TRBJ2-2*01 CASSYVGNTGELFF
identities: 1 0.981 pmhc: 0.973 tcra: 0.991 tcrb: 0.982  TRAV21*01 TRAJ6*01 CAVRPTSGGSYIPTF TRBV6-5*01 TRBJ2-2*01 CASSYVGNTGELFF
identities: 2 0.981 pmhc: 0.973 tcra: 0.991 tcrb: 0.982  TRAV21*01 TRAJ6*01 CAVRPTSGGSYIPTF TRBV6-5*01 TRBJ2-2*01 CASSYVGNTGELFF
identities: 3 0.976 pmhc: 0.973 tcra: 0.974 tcrb: 0.982  TRAV21*01 TRAJ6*01 CAVRPTSGGSYIPTF TRBV6-5*01 TRBJ2-2*01 CASSYVGNTGELFF
START 43 200 T00043_A0201_SGLMWTTQV
mhc max_idents: 0.989 A*02:01 SGLMWTTQV A*02:01 SLLMWITQV
GXGs? GRG GT
identities: 0 0.988 pmhc: 0.989 tcra: 0.991 tcrb: 0.982  TRAV21*01 TRAJ6*01 CAVRPTSGGSYIPTF TRBV6-5*01 TRBJ2-2*01 CASSYVGNTGELFF
identities: 1 0.988 pmhc: 0.989 tcra: 0.991 tcrb: 0.982  TRAV21*01 TRAJ6*01 CAVRPTSGGSYIPTF TRBV6-5*01 TRBJ2-2*01 CASSYVGNTGELFF
identities: 2 0.988 pmhc: 0.989 tcra: 0.991 tcrb: 0.982  TRAV21*01 TRAJ6*01 CAVRPTSGGSYIPTF TRBV6-5*01 TRBJ2-2*01 CASSYVGNTGELFF
identities: 3 0.983 pmhc: 0.989 tcra: 0.974 tcrb: 0.982  TRAV21*01 TRAJ6*01 CAVRPTSGGSYIPTF TRBV6-5*01 TRBJ2-2*01 CASSYVGNTGELFF
START 44 200 T00044_A0201_SLSFWMTQI
mhc max_idents: 0.978 A*02:01 SLSFWMTQI A*02:01 SLLMWITQV
GXGs? GRG GT
identities: 0 0.983 pmhc: 0.978 tcra: 0.991 tcrb: 0.982  TRAV21*01 TRAJ6*01 CAVRPTSGGSYIPTF TRBV6-5*01 TRBJ2-2*01 CASSYVGNTGELFF
identities: 1 0.983 pmhc: 0.978 tcra: 0.991 tcrb: 0.982  TRAV21*01 TRAJ6*01 CAVRPTSGGSYIPTF TRBV6-5*01 TRBJ2-2*01 CASSYVGNTGELFF
identities: 2 0.983 pmhc: 0.978 tcra: 0.991 tcrb: 0.982  TRAV21*01 TRAJ6*01 CAVRPTSGGSYIPTF TRBV6-5*01 TRBJ2-2*01 CASSYVGNTGELFF
identities: 3 0.978 pmhc: 0.978 tcra: 0.974 tcrb: 0.982  TRAV21*01 TRAJ6*01 CAVRPTSGGSYIPTF TRBV6-5*01 TRBJ2-2*01 CASSYVGNTGELFF
START 45 200 T00045_A0201_PSSMWVTQK
mhc max_idents: 0.973 A*02:01 PSSMWVTQK A*02:01 SLLMWITQV
GXGs? GRG GT
identities: 0 0.981 pmhc: 0.973 tcra: 0.991 tcrb: 0.982  TRAV21*01 TRAJ6*01 CAVRPTSGGSYIPTF TRBV6-5*01 TRBJ2-2*01 CASSYVGNTGELFF
identities: 1 0.981 pmhc: 0.973 tcra: 0.991 tcrb: 0.982  TRAV21*01 TRAJ6*01 CAVRPTSGGSYIPTF TRBV6-5*01 TRBJ2-2*01 CASSYVGNTGELFF
identities: 2 0.981 pmhc: 0.973 tcra: 0.991 tcrb: 0.982  TRAV21*01 TRAJ6*01 CAVRPTSGGSYIPTF TRBV6-5*01 TRBJ2-2*01 CASSYVGNTGELFF
identities: 3 0.976 pmhc: 0.973 tcra: 0.974 tcrb: 0.982  TRAV21*01 TRAJ6*01 CAVRPTSGGSYIPTF TRBV6-5*01 TRBJ2-2*01 CASSYVGNTGELFF
START 46 200 T00046_A0201_RILQWLTKI
mhc max_idents: 0.967 A*02:01 RILQWLTKI A*02:01 SLLMWITQV
GXGs? GRG GT
identities: 0 0.978 pmhc: 0.967 tcra: 0.991 tcrb: 0.982  TRAV21*01 TRAJ6*01 CAVRPTSGGSYIPTF TRBV6-5*01 TRBJ2-2*01 CASSYVGNTGELFF
identities: 1 0.978 pmhc: 0.967 tcra: 0.991 tcrb: 0.982  TRAV21*01 TRAJ6*01 CAVRPTSGGSYIPTF TRBV6-5*01 TRBJ2-2*01 CASSYVGNTGELFF
identities: 2 0.978 pmhc: 0.967 tcra: 0.991 tcrb: 0.982  TRAV21*01 TRAJ6*01 CAVRPTSGGSYIPTF TRBV6-5*01 TRBJ2-2*01 CASSYVGNTGELFF
identities: 3 0.973 pmhc: 0.967 tcra: 0.974 tcrb: 0.982  TRAV21*01 TRAJ6*01 CAVRPTSGGSYIPTF TRBV6-5*01 TRBJ2-2*01 CASSYVGNTGELFF
START 47 200 T00047_A0201_RLTMWVTER
mhc max_idents: 0.973 A*02:01 RLTMWVTER A*02:01 SLLMWITQV
GXGs? GRG GT
identities: 0 0.981 pmhc: 0.973 tcra: 0.991 tcrb: 0.982  TRAV21*01 TRAJ6*01 CAVRPTSGGSYIPTF TRBV6-5*01 TRBJ2-2*01 CASSYVGNTGELFF
identities: 1 0.981 pmhc: 0.973 tcra: 0.991 tcrb: 0.982  TRAV21*01 TRAJ6*01 CAVRPTSGGSYIPTF TRBV6-5*01 TRBJ2-2*01 CASSYVGNTGELFF
identities: 2 0.981 pmhc: 0.973 tcra: 0.991 tcrb: 0.982  TRAV21*01 TRAJ6*01 CAVRPTSGGSYIPTF TRBV6-5*01 TRBJ2-2*01 CASSYVGNTGELFF
identities: 3 0.976 pmhc: 0.973 tcra: 0.974 tcrb: 0.982  TRAV21*01 TRAJ6*01 CAVRPTSGGSYIPTF TRBV6-5*01 TRBJ2-2*01 CASSYVGNTGELFF
START 48 200 T00048_A0201_GLLMWISQV
mhc max_idents: 0.989 A*02:01 GLLMWISQV A*02:01 SLLMWITQV
GXGs? GRG GT
identities: 0 0.988 pmhc: 0.989 tcra: 0.991 tcrb: 0.982  TRAV21*01 TRAJ6*01 CAVRPTSGGSYIPTF TRBV6-5*01 TRBJ2-2*01 CASSYVGNTGELFF
identities: 1 0.988 pmhc: 0.989 tcra: 0.991 tcrb: 0.982  TRAV21*01 TRAJ6*01 CAVRPTSGGSYIPTF TRBV6-5*01 TRBJ2-2*01 CASSYVGNTGELFF
identities: 2 0.988 pmhc: 0.989 tcra: 0.991 tcrb: 0.982  TRAV21*01 TRAJ6*01 CAVRPTSGGSYIPTF TRBV6-5*01 TRBJ2-2*01 CASSYVGNTGELFF
identities: 3 0.983 pmhc: 0.989 tcra: 0.974 tcrb: 0.982  TRAV21*01 TRAJ6*01 CAVRPTSGGSYIPTF TRBV6-5*01 TRBJ2-2*01 CASSYVGNTGELFF
START 49 200 T00049_A0201_SICMWIVQC
mhc max_idents: 0.984 A*02:01 SICMWIVQC A*02:01 SLLMWITQC
GXGs? GRG GT
identities: 0 0.985 pmhc: 0.984 tcra: 0.991 tcrb: 0.982  TRAV21*01 TRAJ6*01 CAVRPTSGGSYIPTF TRBV6-5*01 TRBJ2-2*01 CASSYVGNTGELFF
identities: 1 0.985 pmhc: 0.984 tcra: 0.991 tcrb: 0.982  TRAV21*01 TRAJ6*01 CAVRPTSGGSYIPTF TRBV6-5*01 TRBJ2-2*01 CASSYVGNTGELFF
identities: 2 0.985 pmhc: 0.984 tcra: 0.991 tcrb: 0.982  TRAV21*01 TRAJ6*01 CAVRPTSGGSYIPTF TRBV6-5*01 TRBJ2-2*01 CASSYVGNTGELFF
identities: 3 0.981 pmhc: 0.984 tcra: 0.974 tcrb: 0.982  TRAV21*01 TRAJ6*01 CAVRPTSGGSYIPTF TRBV6-5*01 TRBJ2-2*01 CASSYVGNTGELFF
START 50 200 T00050_A0201_SVMLWVKQC
mhc max_idents: 0.973 A*02:01 SVMLWVKQC A*02:01 SLLMWITQC
GXGs? GRG GT
identities: 0 0.981 pmhc: 0.973 tcra: 0.991 tcrb: 0.982  TRAV21*01 TRAJ6*01 CAVRPTSGGSYIPTF TRBV6-5*01 TRBJ2-2*01 CASSYVGNTGELFF
identities: 1 0.981 pmhc: 0.973 tcra: 0.991 tcrb: 0.982  TRAV21*01 TRAJ6*01 CAVRPTSGGSYIPTF TRBV6-5*01 TRBJ2-2*01 CASSYVGNTGELFF
identities: 2 0.981 pmhc: 0.973 tcra: 0.991 tcrb: 0.982  TRAV21*01 TRAJ6*01 CAVRPTSGGSYIPTF TRBV6-5*01 TRBJ2-2*01 CASSYVGNTGELFF
identities: 3 0.976 pmhc: 0.973 tcra: 0.974 tcrb: 0.982  TRAV21*01 TRAJ6*01 CAVRPTSGGSYIPTF TRBV6-5*01 TRBJ2-2*01 CASSYVGNTGELFF
START 51 200 T00051_A0201_SYHLWVSDA
mhc max_idents: 0.967 A*02:01 SYHLWVSDA A*02:01 SLYLTVATL
GXGs? GRG GT
identities: 0 0.978 pmhc: 0.967 tcra: 0.991 tcrb: 0.982  TRAV21*01 TRAJ6*01 CAVRPTSGGSYIPTF TRBV6-5*01 TRBJ2-2*01 CASSYVGNTGELFF
identities: 1 0.978 pmhc: 0.967 tcra: 0.991 tcrb: 0.982  TRAV21*01 TRAJ6*01 CAVRPTSGGSYIPTF TRBV6-5*01 TRBJ2-2*01 CASSYVGNTGELFF
identities: 2 0.976 pmhc: 0.962 tcra: 0.991 tcrb: 0.982  TRAV21*01 TRAJ6*01 CAVRPTSGGSYIPTF TRBV6-5*01 TRBJ2-2*01 CASSYVGNTGELFF
identities: 3 0.971 pmhc: 0.962 tcra: 0.974 tcrb: 0.982  TRAV21*01 TRAJ6*01 CAVRPTSGGSYIPTF TRBV6-5*01 TRBJ2-2*01 CASSYVGNTGELFF
START 52 200 T00052_A0201_GMMMWIWQV
mhc max_idents: 0.978 A*02:01 GMMMWIWQV A*02:01 SLLMWITQV
GXGs? GRG GT
identities: 0 0.983 pmhc: 0.978 tcra: 0.991 tcrb: 0.982  TRAV21*01 TRAJ6*01 CAVRPTSGGSYIPTF TRBV6-5*01 TRBJ2-2*01 CASSYVGNTGELFF
identities: 1 0.983 pmhc: 0.978 tcra: 0.991 tcrb: 0.982  TRAV21*01 TRAJ6*01 CAVRPTSGGSYIPTF TRBV6-5*01 TRBJ2-2*01 CASSYVGNTGELFF
identities: 2 0.983 pmhc: 0.978 tcra: 0.991 tcrb: 0.982  TRAV21*01 TRAJ6*01 CAVRPTSGGSYIPTF TRBV6-5*01 TRBJ2-2*01 CASSYVGNTGELFF
identities: 3 0.978 pmhc: 0.978 tcra: 0.974 tcrb: 0.982  TRAV21*01 TRAJ6*01 CAVRPTSGGSYIPTF TRBV6-5*01 TRBJ2-2*01 CASSYVGNTGELFF
START 53 200 T00053_A0201_AFIMWWTQC
mhc max_idents: 0.978 A*02:01 AFIMWWTQC A*02:01 SLLMWITQC
GXGs? GRG GT
identities: 0 0.983 pmhc: 0.978 tcra: 0.991 tcrb: 0.982  TRAV21*01 TRAJ6*01 CAVRPTSGGSYIPTF TRBV6-5*01 TRBJ2-2*01 CASSYVGNTGELFF
identities: 1 0.983 pmhc: 0.978 tcra: 0.991 tcrb: 0.982  TRAV21*01 TRAJ6*01 CAVRPTSGGSYIPTF TRBV6-5*01 TRBJ2-2*01 CASSYVGNTGELFF
identities: 2 0.983 pmhc: 0.978 tcra: 0.991 tcrb: 0.982  TRAV21*01 TRAJ6*01 CAVRPTSGGSYIPTF TRBV6-5*01 TRBJ2-2*01 CASSYVGNTGELFF
identities: 3 0.978 pmhc: 0.978 tcra: 0.974 tcrb: 0.982  TRAV21*01 TRAJ6*01 CAVRPTSGGSYIPTF TRBV6-5*01 TRBJ2-2*01 CASSYVGNTGELFF
START 54 200 T00054_A0201_MLSPWVVMC
mhc max_idents: 0.973 A*02:01 MLSPWVVMC A*02:01 GLCPLVAML
GXGs? GRG GT
identities: 0 0.981 pmhc: 0.973 tcra: 0.991 tcrb: 0.982  TRAV21*01 TRAJ6*01 CAVRPTSGGSYIPTF TRBV6-5*01 TRBJ2-2*01 CASSYVGNTGELFF
identities: 1 0.978 pmhc: 0.967 tcra: 0.991 tcrb: 0.982  TRAV21*01 TRAJ6*01 CAVRPTSGGSYIPTF TRBV6-5*01 TRBJ2-2*01 CASSYVGNTGELFF
identities: 2 0.978 pmhc: 0.967 tcra: 0.991 tcrb: 0.982  TRAV21*01 TRAJ6*01 CAVRPTSGGSYIPTF TRBV6-5*01 TRBJ2-2*01 CASSYVGNTGELFF
identities: 3 0.973 pmhc: 0.967 tcra: 0.974 tcrb: 0.982  TRAV21*01 TRAJ6*01 CAVRPTSGGSYIPTF TRBV6-5*01 TRBJ2-2*01 CASSYVGNTGELFF
START 55 200 T00055_A0201_ILLMWITRI
mhc max_idents: 0.984 A*02:01 ILLMWITRI A*02:01 SLLMWITQV
GXGs? GRG GT
identities: 0 0.985 pmhc: 0.984 tcra: 0.991 tcrb: 0.982  TRAV21*01 TRAJ6*01 CAVRPTSGGSYIPTF TRBV6-5*01 TRBJ2-2*01 CASSYVGNTGELFF
identities: 1 0.985 pmhc: 0.984 tcra: 0.991 tcrb: 0.982  TRAV21*01 TRAJ6*01 CAVRPTSGGSYIPTF TRBV6-5*01 TRBJ2-2*01 CASSYVGNTGELFF
identities: 2 0.985 pmhc: 0.984 tcra: 0.991 tcrb: 0.982  TRAV21*01 TRAJ6*01 CAVRPTSGGSYIPTF TRBV6-5*01 TRBJ2-2*01 CASSYVGNTGELFF
identities: 3 0.981 pmhc: 0.984 tcra: 0.974 tcrb: 0.982  TRAV21*01 TRAJ6*01 CAVRPTSGGSYIPTF TRBV6-5*01 TRBJ2-2*01 CASSYVGNTGELFF
START 56 200 T00056_A0201_SLLVQICQV
mhc max_idents: 0.984 A*02:01 SLLVQICQV A*02:01 SLLMWITQV
GXGs? GRG GT
identities: 0 0.985 pmhc: 0.984 tcra: 0.991 tcrb: 0.982  TRAV21*01 TRAJ6*01 CAVRPTSGGSYIPTF TRBV6-5*01 TRBJ2-2*01 CASSYVGNTGELFF
identities: 1 0.985 pmhc: 0.984 tcra: 0.991 tcrb: 0.982  TRAV21*01 TRAJ6*01 CAVRPTSGGSYIPTF TRBV6-5*01 TRBJ2-2*01 CASSYVGNTGELFF
identities: 2 0.985 pmhc: 0.984 tcra: 0.991 tcrb: 0.982  TRAV21*01 TRAJ6*01 CAVRPTSGGSYIPTF TRBV6-5*01 TRBJ2-2*01 CASSYVGNTGELFF
identities: 3 0.981 pmhc: 0.984 tcra: 0.974 tcrb: 0.982  TRAV21*01 TRAJ6*01 CAVRPTSGGSYIPTF TRBV6-5*01 TRBJ2-2*01 CASSYVGNTGELFF
START 57 200 T00057_A0201_SMIFWISDC
mhc max_idents: 0.973 A*02:01 SMIFWISDC A*02:01 SLLMWITQC
GXGs? GRG GT
identities: 0 0.981 pmhc: 0.973 tcra: 0.991 tcrb: 0.982  TRAV21*01 TRAJ6*01 CAVRPTSGGSYIPTF TRBV6-5*01 TRBJ2-2*01 CASSYVGNTGELFF
identities: 1 0.981 pmhc: 0.973 tcra: 0.991 tcrb: 0.982  TRAV21*01 TRAJ6*01 CAVRPTSGGSYIPTF TRBV6-5*01 TRBJ2-2*01 CASSYVGNTGELFF
identities: 2 0.981 pmhc: 0.973 tcra: 0.991 tcrb: 0.982  TRAV21*01 TRAJ6*01 CAVRPTSGGSYIPTF TRBV6-5*01 TRBJ2-2*01 CASSYVGNTGELFF
identities: 3 0.976 pmhc: 0.973 tcra: 0.974 tcrb: 0.982  TRAV21*01 TRAJ6*01 CAVRPTSGGSYIPTF TRBV6-5*01 TRBJ2-2*01 CASSYVGNTGELFF
START 58 200 T00058_A0201_TLIMWTTEC
mhc max_idents: 0.978 A*02:01 TLIMWTTEC A*02:01 SLLMWITQC
GXGs? GRG GT
identities: 0 0.983 pmhc: 0.978 tcra: 0.991 tcrb: 0.982  TRAV21*01 TRAJ6*01 CAVRPTSGGSYIPTF TRBV6-5*01 TRBJ2-2*01 CASSYVGNTGELFF
identities: 1 0.983 pmhc: 0.978 tcra: 0.991 tcrb: 0.982  TRAV21*01 TRAJ6*01 CAVRPTSGGSYIPTF TRBV6-5*01 TRBJ2-2*01 CASSYVGNTGELFF
identities: 2 0.983 pmhc: 0.978 tcra: 0.991 tcrb: 0.982  TRAV21*01 TRAJ6*01 CAVRPTSGGSYIPTF TRBV6-5*01 TRBJ2-2*01 CASSYVGNTGELFF
identities: 3 0.978 pmhc: 0.978 tcra: 0.974 tcrb: 0.982  TRAV21*01 TRAJ6*01 CAVRPTSGGSYIPTF TRBV6-5*01 TRBJ2-2*01 CASSYVGNTGELFF
START 59 200 T00059_A0201_VFLMWFCET
mhc max_idents: 0.967 A*02:01 VFLMWFCET A*02:01 SLLMWITQV
GXGs? GRG GT
identities: 0 0.978 pmhc: 0.967 tcra: 0.991 tcrb: 0.982  TRAV21*01 TRAJ6*01 CAVRPTSGGSYIPTF TRBV6-5*01 TRBJ2-2*01 CASSYVGNTGELFF
identities: 1 0.978 pmhc: 0.967 tcra: 0.991 tcrb: 0.982  TRAV21*01 TRAJ6*01 CAVRPTSGGSYIPTF TRBV6-5*01 TRBJ2-2*01 CASSYVGNTGELFF
identities: 2 0.978 pmhc: 0.967 tcra: 0.991 tcrb: 0.982  TRAV21*01 TRAJ6*01 CAVRPTSGGSYIPTF TRBV6-5*01 TRBJ2-2*01 CASSYVGNTGELFF
identities: 3 0.973 pmhc: 0.967 tcra: 0.974 tcrb: 0.982  TRAV21*01 TRAJ6*01 CAVRPTSGGSYIPTF TRBV6-5*01 TRBJ2-2*01 CASSYVGNTGELFF
START 60 200 T00060_A0201_SVPMWVNAI
mhc max_idents: 0.967 A*02:01 SVPMWVNAI A*02:01 SLLMWITQV
GXGs? GRG GT
identities: 0 0.978 pmhc: 0.967 tcra: 0.991 tcrb: 0.982  TRAV21*01 TRAJ6*01 CAVRPTSGGSYIPTF TRBV6-5*01 TRBJ2-2*01 CASSYVGNTGELFF
identities: 1 0.978 pmhc: 0.967 tcra: 0.991 tcrb: 0.982  TRAV21*01 TRAJ6*01 CAVRPTSGGSYIPTF TRBV6-5*01 TRBJ2-2*01 CASSYVGNTGELFF
identities: 2 0.978 pmhc: 0.967 tcra: 0.991 tcrb: 0.982  TRAV21*01 TRAJ6*01 CAVRPTSGGSYIPTF TRBV6-5*01 TRBJ2-2*01 CASSYVGNTGELFF
identities: 3 0.973 pmhc: 0.967 tcra: 0.974 tcrb: 0.982  TRAV21*01 TRAJ6*01 CAVRPTSGGSYIPTF TRBV6-5*01 TRBJ2-2*01 CASSYVGNTGELFF
START 61 200 T00061_A0201_NMAMWMMQC
mhc max_idents: 0.973 A*02:01 NMAMWMMQC A*02:01 SLLMWITQC
GXGs? GRG GT
identities: 0 0.981 pmhc: 0.973 tcra: 0.991 tcrb: 0.982  TRAV21*01 TRAJ6*01 CAVRPTSGGSYIPTF TRBV6-5*01 TRBJ2-2*01 CASSYVGNTGELFF
identities: 1 0.981 pmhc: 0.973 tcra: 0.991 tcrb: 0.982  TRAV21*01 TRAJ6*01 CAVRPTSGGSYIPTF TRBV6-5*01 TRBJ2-2*01 CASSYVGNTGELFF
identities: 2 0.981 pmhc: 0.973 tcra: 0.991 tcrb: 0.982  TRAV21*01 TRAJ6*01 CAVRPTSGGSYIPTF TRBV6-5*01 TRBJ2-2*01 CASSYVGNTGELFF
identities: 3 0.976 pmhc: 0.973 tcra: 0.974 tcrb: 0.982  TRAV21*01 TRAJ6*01 CAVRPTSGGSYIPTF TRBV6-5*01 TRBJ2-2*01 CASSYVGNTGELFF
START 62 200 T00062_A0201_CLFIWITRY
mhc max_idents: 0.973 A*02:01 CLFIWITRY A*02:01 SLLMWITQV
GXGs? GRG GT
identities: 0 0.981 pmhc: 0.973 tcra: 0.991 tcrb: 0.982  TRAV21*01 TRAJ6*01 CAVRPTSGGSYIPTF TRBV6-5*01 TRBJ2-2*01 CASSYVGNTGELFF
identities: 1 0.981 pmhc: 0.973 tcra: 0.991 tcrb: 0.982  TRAV21*01 TRAJ6*01 CAVRPTSGGSYIPTF TRBV6-5*01 TRBJ2-2*01 CASSYVGNTGELFF
identities: 2 0.981 pmhc: 0.973 tcra: 0.991 tcrb: 0.982  TRAV21*01 TRAJ6*01 CAVRPTSGGSYIPTF TRBV6-5*01 TRBJ2-2*01 CASSYVGNTGELFF
identities: 3 0.976 pmhc: 0.973 tcra: 0.974 tcrb: 0.982  TRAV21*01 TRAJ6*01 CAVRPTSGGSYIPTF TRBV6-5*01 TRBJ2-2*01 CASSYVGNTGELFF
START 63 200 T00063_A0201_CLLVWITLP
mhc max_idents: 0.978 A*02:01 CLLVWITLP A*02:01 SLLMWITQV
GXGs? GRG GT
identities: 0 0.983 pmhc: 0.978 tcra: 0.991 tcrb: 0.982  TRAV21*01 TRAJ6*01 CAVRPTSGGSYIPTF TRBV6-5*01 TRBJ2-2*01 CASSYVGNTGELFF
identities: 1 0.983 pmhc: 0.978 tcra: 0.991 tcrb: 0.982  TRAV21*01 TRAJ6*01 CAVRPTSGGSYIPTF TRBV6-5*01 TRBJ2-2*01 CASSYVGNTGELFF
identities: 2 0.983 pmhc: 0.978 tcra: 0.991 tcrb: 0.982  TRAV21*01 TRAJ6*01 CAVRPTSGGSYIPTF TRBV6-5*01 TRBJ2-2*01 CASSYVGNTGELFF
identities: 3 0.978 pmhc: 0.978 tcra: 0.974 tcrb: 0.982  TRAV21*01 TRAJ6*01 CAVRPTSGGSYIPTF TRBV6-5*01 TRBJ2-2*01 CASSYVGNTGELFF
START 64 200 T00064_A0201_HIPVWTTRI
mhc max_idents: 0.962 A*02:01 HIPVWTTRI A*02:01 HMTEVVRRC
GXGs? GRG GT
identities: 0 0.976 pmhc: 0.962 tcra: 0.991 tcrb: 0.982  TRAV21*01 TRAJ6*01 CAVRPTSGGSYIPTF TRBV6-5*01 TRBJ2-2*01 CASSYVGNTGELFF
identities: 1 0.976 pmhc: 0.962 tcra: 0.991 tcrb: 0.982  TRAV21*01 TRAJ6*01 CAVRPTSGGSYIPTF TRBV6-5*01 TRBJ2-2*01 CASSYVGNTGELFF
identities: 2 0.976 pmhc: 0.962 tcra: 0.991 tcrb: 0.982  TRAV21*01 TRAJ6*01 CAVRPTSGGSYIPTF TRBV6-5*01 TRBJ2-2*01 CASSYVGNTGELFF
identities: 3 0.971 pmhc: 0.962 tcra: 0.974 tcrb: 0.982  TRAV21*01 TRAJ6*01 CAVRPTSGGSYIPTF TRBV6-5*01 TRBJ2-2*01 CASSYVGNTGELFF
START 65 200 T00065_A0201_NMLMWVSQI
mhc max_idents: 0.973 A*02:01 NMLMWVSQI A*02:01 SLLMWITQV
GXGs? GRG GT
identities: 0 0.981 pmhc: 0.973 tcra: 0.991 tcrb: 0.982  TRAV21*01 TRAJ6*01 CAVRPTSGGSYIPTF TRBV6-5*01 TRBJ2-2*01 CASSYVGNTGELFF
identities: 1 0.981 pmhc: 0.973 tcra: 0.991 tcrb: 0.982  TRAV21*01 TRAJ6*01 CAVRPTSGGSYIPTF TRBV6-5*01 TRBJ2-2*01 CASSYVGNTGELFF
identities: 2 0.981 pmhc: 0.973 tcra: 0.991 tcrb: 0.982  TRAV21*01 TRAJ6*01 CAVRPTSGGSYIPTF TRBV6-5*01 TRBJ2-2*01 CASSYVGNTGELFF
identities: 3 0.976 pmhc: 0.973 tcra: 0.974 tcrb: 0.982  TRAV21*01 TRAJ6*01 CAVRPTSGGSYIPTF TRBV6-5*01 TRBJ2-2*01 CASSYVGNTGELFF
START 66 200 T00066_A0201_SLLQWITRC
mhc max_idents: 0.989 A*02:01 SLLQWITRC A*02:01 SLLMWITQC
GXGs? GRG GT
identities: 0 0.988 pmhc: 0.989 tcra: 0.991 tcrb: 0.982  TRAV21*01 TRAJ6*01 CAVRPTSGGSYIPTF TRBV6-5*01 TRBJ2-2*01 CASSYVGNTGELFF
identities: 1 0.988 pmhc: 0.989 tcra: 0.991 tcrb: 0.982  TRAV21*01 TRAJ6*01 CAVRPTSGGSYIPTF TRBV6-5*01 TRBJ2-2*01 CASSYVGNTGELFF
identities: 2 0.988 pmhc: 0.989 tcra: 0.991 tcrb: 0.982  TRAV21*01 TRAJ6*01 CAVRPTSGGSYIPTF TRBV6-5*01 TRBJ2-2*01 CASSYVGNTGELFF
identities: 3 0.983 pmhc: 0.989 tcra: 0.974 tcrb: 0.982  TRAV21*01 TRAJ6*01 CAVRPTSGGSYIPTF TRBV6-5*01 TRBJ2-2*01 CASSYVGNTGELFF
START 67 200 T00067_A0201_AVIMWMQSC
mhc max_idents: 0.967 A*02:01 AVIMWMQSC A*02:01 SLLMWITQC
GXGs? GRG GT
identities: 0 0.978 pmhc: 0.967 tcra: 0.991 tcrb: 0.982  TRAV21*01 TRAJ6*01 CAVRPTSGGSYIPTF TRBV6-5*01 TRBJ2-2*01 CASSYVGNTGELFF
identities: 1 0.978 pmhc: 0.967 tcra: 0.991 tcrb: 0.982  TRAV21*01 TRAJ6*01 CAVRPTSGGSYIPTF TRBV6-5*01 TRBJ2-2*01 CASSYVGNTGELFF
identities: 2 0.978 pmhc: 0.967 tcra: 0.991 tcrb: 0.982  TRAV21*01 TRAJ6*01 CAVRPTSGGSYIPTF TRBV6-5*01 TRBJ2-2*01 CASSYVGNTGELFF
identities: 3 0.973 pmhc: 0.967 tcra: 0.974 tcrb: 0.982  TRAV21*01 TRAJ6*01 CAVRPTSGGSYIPTF TRBV6-5*01 TRBJ2-2*01 CASSYVGNTGELFF
START 68 200 T00068_A0201_CLIMWVKNC
mhc max_idents: 0.973 A*02:01 CLIMWVKNC A*02:01 SLLMWITQC
GXGs? GRG GT
identities: 0 0.981 pmhc: 0.973 tcra: 0.991 tcrb: 0.982  TRAV21*01 TRAJ6*01 CAVRPTSGGSYIPTF TRBV6-5*01 TRBJ2-2*01 CASSYVGNTGELFF
identities: 1 0.981 pmhc: 0.973 tcra: 0.991 tcrb: 0.982  TRAV21*01 TRAJ6*01 CAVRPTSGGSYIPTF TRBV6-5*01 TRBJ2-2*01 CASSYVGNTGELFF
identities: 2 0.981 pmhc: 0.973 tcra: 0.991 tcrb: 0.982  TRAV21*01 TRAJ6*01 CAVRPTSGGSYIPTF TRBV6-5*01 TRBJ2-2*01 CASSYVGNTGELFF
identities: 3 0.976 pmhc: 0.973 tcra: 0.974 tcrb: 0.982  TRAV21*01 TRAJ6*01 CAVRPTSGGSYIPTF TRBV6-5*01 TRBJ2-2*01 CASSYVGNTGELFF
START 69 200 T00069_A0201_AIVLWITQV
mhc max_idents: 0.978 A*02:01 AIVLWITQV A*02:01 SLLMWITQV
GXGs? GRG GT
identities: 0 0.983 pmhc: 0.978 tcra: 0.991 tcrb: 0.982  TRAV21*01 TRAJ6*01 CAVRPTSGGSYIPTF TRBV6-5*01 TRBJ2-2*01 CASSYVGNTGELFF
identities: 1 0.983 pmhc: 0.978 tcra: 0.991 tcrb: 0.982  TRAV21*01 TRAJ6*01 CAVRPTSGGSYIPTF TRBV6-5*01 TRBJ2-2*01 CASSYVGNTGELFF
identities: 2 0.983 pmhc: 0.978 tcra: 0.991 tcrb: 0.982  TRAV21*01 TRAJ6*01 CAVRPTSGGSYIPTF TRBV6-5*01 TRBJ2-2*01 CASSYVGNTGELFF
identities: 3 0.978 pmhc: 0.978 tcra: 0.974 tcrb: 0.982  TRAV21*01 TRAJ6*01 CAVRPTSGGSYIPTF TRBV6-5*01 TRBJ2-2*01 CASSYVGNTGELFF
START 70 200 T00070_A0201_WLLMWITQM
mhc max_idents: 0.989 A*02:01 WLLMWITQM A*02:01 SLLMWITQV
GXGs? GRG GT
identities: 0 0.988 pmhc: 0.989 tcra: 0.991 tcrb: 0.982  TRAV21*01 TRAJ6*01 CAVRPTSGGSYIPTF TRBV6-5*01 TRBJ2-2*01 CASSYVGNTGELFF
identities: 1 0.988 pmhc: 0.989 tcra: 0.991 tcrb: 0.982  TRAV21*01 TRAJ6*01 CAVRPTSGGSYIPTF TRBV6-5*01 TRBJ2-2*01 CASSYVGNTGELFF
identities: 2 0.988 pmhc: 0.989 tcra: 0.991 tcrb: 0.982  TRAV21*01 TRAJ6*01 CAVRPTSGGSYIPTF TRBV6-5*01 TRBJ2-2*01 CASSYVGNTGELFF
identities: 3 0.983 pmhc: 0.989 tcra: 0.974 tcrb: 0.982  TRAV21*01 TRAJ6*01 CAVRPTSGGSYIPTF TRBV6-5*01 TRBJ2-2*01 CASSYVGNTGELFF
START 71 200 T00071_A0201_NLARWFTQC
mhc max_idents: 0.978 A*02:01 NLARWFTQC A*02:01 SLLMWITQC
GXGs? GRG GT
identities: 0 0.983 pmhc: 0.978 tcra: 0.991 tcrb: 0.982  TRAV21*01 TRAJ6*01 CAVRPTSGGSYIPTF TRBV6-5*01 TRBJ2-2*01 CASSYVGNTGELFF
identities: 1 0.983 pmhc: 0.978 tcra: 0.991 tcrb: 0.982  TRAV21*01 TRAJ6*01 CAVRPTSGGSYIPTF TRBV6-5*01 TRBJ2-2*01 CASSYVGNTGELFF
identities: 2 0.983 pmhc: 0.978 tcra: 0.991 tcrb: 0.982  TRAV21*01 TRAJ6*01 CAVRPTSGGSYIPTF TRBV6-5*01 TRBJ2-2*01 CASSYVGNTGELFF
identities: 3 0.978 pmhc: 0.978 tcra: 0.974 tcrb: 0.982  TRAV21*01 TRAJ6*01 CAVRPTSGGSYIPTF TRBV6-5*01 TRBJ2-2*01 CASSYVGNTGELFF
START 72 200 T00072_A0201_QMMMWITQC
mhc max_idents: 0.984 A*02:01 QMMMWITQC A*02:01 SLLMWITQC
GXGs? GRG GT
identities: 0 0.985 pmhc: 0.984 tcra: 0.991 tcrb: 0.982  TRAV21*01 TRAJ6*01 CAVRPTSGGSYIPTF TRBV6-5*01 TRBJ2-2*01 CASSYVGNTGELFF
identities: 1 0.985 pmhc: 0.984 tcra: 0.991 tcrb: 0.982  TRAV21*01 TRAJ6*01 CAVRPTSGGSYIPTF TRBV6-5*01 TRBJ2-2*01 CASSYVGNTGELFF
identities: 2 0.985 pmhc: 0.984 tcra: 0.991 tcrb: 0.982  TRAV21*01 TRAJ6*01 CAVRPTSGGSYIPTF TRBV6-5*01 TRBJ2-2*01 CASSYVGNTGELFF
identities: 3 0.981 pmhc: 0.984 tcra: 0.974 tcrb: 0.982  TRAV21*01 TRAJ6*01 CAVRPTSGGSYIPTF TRBV6-5*01 TRBJ2-2*01 CASSYVGNTGELFF
START 73 200 T00073_A0201_LHFRWMEQV
mhc max_idents: 0.967 A*02:01 LHFRWMEQV A*02:01 LLGWVFAQV
GXGs? GRG GT
identities: 0 0.978 pmhc: 0.967 tcra: 0.991 tcrb: 0.982  TRAV21*01 TRAJ6*01 CAVRPTSGGSYIPTF TRBV6-5*01 TRBJ2-2*01 CASSYVGNTGELFF
identities: 1 0.978 pmhc: 0.967 tcra: 0.991 tcrb: 0.982  TRAV21*01 TRAJ6*01 CAVRPTSGGSYIPTF TRBV6-5*01 TRBJ2-2*01 CASSYVGNTGELFF
identities: 2 0.978 pmhc: 0.967 tcra: 0.991 tcrb: 0.982  TRAV21*01 TRAJ6*01 CAVRPTSGGSYIPTF TRBV6-5*01 TRBJ2-2*01 CASSYVGNTGELFF
identities: 3 0.973 pmhc: 0.967 tcra: 0.974 tcrb: 0.982  TRAV21*01 TRAJ6*01 CAVRPTSGGSYIPTF TRBV6-5*01 TRBJ2-2*01 CASSYVGNTGELFF
START 74 200 T00074_A0201_NLTFWTCQM
mhc max_idents: 0.967 A*02:01 NLTFWTCQM A*02:01 SLLMWITQV
GXGs? GRG GT
identities: 0 0.978 pmhc: 0.967 tcra: 0.991 tcrb: 0.982  TRAV21*01 TRAJ6*01 CAVRPTSGGSYIPTF TRBV6-5*01 TRBJ2-2*01 CASSYVGNTGELFF
identities: 1 0.978 pmhc: 0.967 tcra: 0.991 tcrb: 0.982  TRAV21*01 TRAJ6*01 CAVRPTSGGSYIPTF TRBV6-5*01 TRBJ2-2*01 CASSYVGNTGELFF
identities: 2 0.978 pmhc: 0.967 tcra: 0.991 tcrb: 0.982  TRAV21*01 TRAJ6*01 CAVRPTSGGSYIPTF TRBV6-5*01 TRBJ2-2*01 CASSYVGNTGELFF
identities: 3 0.973 pmhc: 0.967 tcra: 0.974 tcrb: 0.982  TRAV21*01 TRAJ6*01 CAVRPTSGGSYIPTF TRBV6-5*01 TRBJ2-2*01 CASSYVGNTGELFF
START 75 200 T00075_A0201_AMHMWITYG
mhc max_idents: 0.973 A*02:01 AMHMWITYG A*02:01 SLLMWITQV
GXGs? GRG GT
identities: 0 0.981 pmhc: 0.973 tcra: 0.991 tcrb: 0.982  TRAV21*01 TRAJ6*01 CAVRPTSGGSYIPTF TRBV6-5*01 TRBJ2-2*01 CASSYVGNTGELFF
identities: 1 0.981 pmhc: 0.973 tcra: 0.991 tcrb: 0.982  TRAV21*01 TRAJ6*01 CAVRPTSGGSYIPTF TRBV6-5*01 TRBJ2-2*01 CASSYVGNTGELFF
identities: 2 0.981 pmhc: 0.973 tcra: 0.991 tcrb: 0.982  TRAV21*01 TRAJ6*01 CAVRPTSGGSYIPTF TRBV6-5*01 TRBJ2-2*01 CASSYVGNTGELFF
identities: 3 0.976 pmhc: 0.973 tcra: 0.974 tcrb: 0.982  TRAV21*01 TRAJ6*01 CAVRPTSGGSYIPTF TRBV6-5*01 TRBJ2-2*01 CASSYVGNTGELFF
START 76 200 T00076_A0201_PLMMWYTKV
mhc max_idents: 0.978 A*02:01 PLMMWYTKV A*02:01 SLLMWITQV
GXGs? GRG GT
identities: 0 0.983 pmhc: 0.978 tcra: 0.991 tcrb: 0.982  TRAV21*01 TRAJ6*01 CAVRPTSGGSYIPTF TRBV6-5*01 TRBJ2-2*01 CASSYVGNTGELFF
identities: 1 0.983 pmhc: 0.978 tcra: 0.991 tcrb: 0.982  TRAV21*01 TRAJ6*01 CAVRPTSGGSYIPTF TRBV6-5*01 TRBJ2-2*01 CASSYVGNTGELFF
identities: 2 0.983 pmhc: 0.978 tcra: 0.991 tcrb: 0.982  TRAV21*01 TRAJ6*01 CAVRPTSGGSYIPTF TRBV6-5*01 TRBJ2-2*01 CASSYVGNTGELFF
identities: 3 0.978 pmhc: 0.978 tcra: 0.974 tcrb: 0.982  TRAV21*01 TRAJ6*01 CAVRPTSGGSYIPTF TRBV6-5*01 TRBJ2-2*01 CASSYVGNTGELFF
START 77 200 T00077_A0201_SYITWISQY
mhc max_idents: 0.973 A*02:01 SYITWISQY A*02:01 SLLMWITQV
GXGs? GRG GT
identities: 0 0.981 pmhc: 0.973 tcra: 0.991 tcrb: 0.982  TRAV21*01 TRAJ6*01 CAVRPTSGGSYIPTF TRBV6-5*01 TRBJ2-2*01 CASSYVGNTGELFF
identities: 1 0.981 pmhc: 0.973 tcra: 0.991 tcrb: 0.982  TRAV21*01 TRAJ6*01 CAVRPTSGGSYIPTF TRBV6-5*01 TRBJ2-2*01 CASSYVGNTGELFF
identities: 2 0.981 pmhc: 0.973 tcra: 0.991 tcrb: 0.982  TRAV21*01 TRAJ6*01 CAVRPTSGGSYIPTF TRBV6-5*01 TRBJ2-2*01 CASSYVGNTGELFF
identities: 3 0.976 pmhc: 0.973 tcra: 0.974 tcrb: 0.982  TRAV21*01 TRAJ6*01 CAVRPTSGGSYIPTF TRBV6-5*01 TRBJ2-2*01 CASSYVGNTGELFF
START 78 200 T00078_A0201_NIIRWIIRQ
mhc max_idents: 0.962 A*02:01 NIIRWIIRQ A*02:01 IIGWMWIPV
GXGs? GRG GT
identities: 0 0.976 pmhc: 0.962 tcra: 0.991 tcrb: 0.982  TRAV21*01 TRAJ6*01 CAVRPTSGGSYIPTF TRBV6-5*01 TRBJ2-2*01 CASSYVGNTGELFF
identities: 1 0.976 pmhc: 0.962 tcra: 0.991 tcrb: 0.982  TRAV21*01 TRAJ6*01 CAVRPTSGGSYIPTF TRBV6-5*01 TRBJ2-2*01 CASSYVGNTGELFF
identities: 2 0.976 pmhc: 0.962 tcra: 0.991 tcrb: 0.982  TRAV21*01 TRAJ6*01 CAVRPTSGGSYIPTF TRBV6-5*01 TRBJ2-2*01 CASSYVGNTGELFF
identities: 3 0.971 pmhc: 0.962 tcra: 0.974 tcrb: 0.982  TRAV21*01 TRAJ6*01 CAVRPTSGGSYIPTF TRBV6-5*01 TRBJ2-2*01 CASSYVGNTGELFF
START 79 200 T00079_A0201_KFLMWIAWC
mhc max_idents: 0.978 A*02:01 KFLMWIAWC A*02:01 SLLMWITQC
GXGs? GRG GT
identities: 0 0.983 pmhc: 0.978 tcra: 0.991 tcrb: 0.982  TRAV21*01 TRAJ6*01 CAVRPTSGGSYIPTF TRBV6-5*01 TRBJ2-2*01 CASSYVGNTGELFF
identities: 1 0.983 pmhc: 0.978 tcra: 0.991 tcrb: 0.982  TRAV21*01 TRAJ6*01 CAVRPTSGGSYIPTF TRBV6-5*01 TRBJ2-2*01 CASSYVGNTGELFF
identities: 2 0.983 pmhc: 0.978 tcra: 0.991 tcrb: 0.982  TRAV21*01 TRAJ6*01 CAVRPTSGGSYIPTF TRBV6-5*01 TRBJ2-2*01 CASSYVGNTGELFF
identities: 3 0.978 pmhc: 0.978 tcra: 0.974 tcrb: 0.982  TRAV21*01 TRAJ6*01 CAVRPTSGGSYIPTF TRBV6-5*01 TRBJ2-2*01 CASSYVGNTGELFF
START 80 200 T00080_A0201_SVLMWKTKC
mhc max_idents: 0.984 A*02:01 SVLMWKTKC A*02:01 SLLMWITQC
GXGs? GRG GT
identities: 0 0.985 pmhc: 0.984 tcra: 0.991 tcrb: 0.982  TRAV21*01 TRAJ6*01 CAVRPTSGGSYIPTF TRBV6-5*01 TRBJ2-2*01 CASSYVGNTGELFF
identities: 1 0.985 pmhc: 0.984 tcra: 0.991 tcrb: 0.982  TRAV21*01 TRAJ6*01 CAVRPTSGGSYIPTF TRBV6-5*01 TRBJ2-2*01 CASSYVGNTGELFF
identities: 2 0.985 pmhc: 0.984 tcra: 0.991 tcrb: 0.982  TRAV21*01 TRAJ6*01 CAVRPTSGGSYIPTF TRBV6-5*01 TRBJ2-2*01 CASSYVGNTGELFF
identities: 3 0.981 pmhc: 0.984 tcra: 0.974 tcrb: 0.982  TRAV21*01 TRAJ6*01 CAVRPTSGGSYIPTF TRBV6-5*01 TRBJ2-2*01 CASSYVGNTGELFF
START 81 200 T00081_A0201_NILDWVTNV
mhc max_idents: 0.973 A*02:01 NILDWVTNV A*02:01 SLLMWITQV
GXGs? GRG GT
identities: 0 0.981 pmhc: 0.973 tcra: 0.991 tcrb: 0.982  TRAV21*01 TRAJ6*01 CAVRPTSGGSYIPTF TRBV6-5*01 TRBJ2-2*01 CASSYVGNTGELFF
identities: 1 0.981 pmhc: 0.973 tcra: 0.991 tcrb: 0.982  TRAV21*01 TRAJ6*01 CAVRPTSGGSYIPTF TRBV6-5*01 TRBJ2-2*01 CASSYVGNTGELFF
identities: 2 0.981 pmhc: 0.973 tcra: 0.991 tcrb: 0.982  TRAV21*01 TRAJ6*01 CAVRPTSGGSYIPTF TRBV6-5*01 TRBJ2-2*01 CASSYVGNTGELFF
identities: 3 0.976 pmhc: 0.973 tcra: 0.974 tcrb: 0.982  TRAV21*01 TRAJ6*01 CAVRPTSGGSYIPTF TRBV6-5*01 TRBJ2-2*01 CASSYVGNTGELFF
START 82 200 T00082_A0201_RLIMVITQI
mhc max_idents: 0.978 A*02:01 RLIMVITQI A*02:01 SLLMWITQV
GXGs? GRG GT
identities: 0 0.983 pmhc: 0.978 tcra: 0.991 tcrb: 0.982  TRAV21*01 TRAJ6*01 CAVRPTSGGSYIPTF TRBV6-5*01 TRBJ2-2*01 CASSYVGNTGELFF
identities: 1 0.983 pmhc: 0.978 tcra: 0.991 tcrb: 0.982  TRAV21*01 TRAJ6*01 CAVRPTSGGSYIPTF TRBV6-5*01 TRBJ2-2*01 CASSYVGNTGELFF
identities: 2 0.983 pmhc: 0.978 tcra: 0.991 tcrb: 0.982  TRAV21*01 TRAJ6*01 CAVRPTSGGSYIPTF TRBV6-5*01 TRBJ2-2*01 CASSYVGNTGELFF
identities: 3 0.978 pmhc: 0.978 tcra: 0.974 tcrb: 0.982  TRAV21*01 TRAJ6*01 CAVRPTSGGSYIPTF TRBV6-5*01 TRBJ2-2*01 CASSYVGNTGELFF
START 83 200 T00083_A0201_TVLMWYWQC
mhc max_idents: 0.978 A*02:01 TVLMWYWQC A*02:01 SLLMWITQC
GXGs? GRG GT
identities: 0 0.983 pmhc: 0.978 tcra: 0.991 tcrb: 0.982  TRAV21*01 TRAJ6*01 CAVRPTSGGSYIPTF TRBV6-5*01 TRBJ2-2*01 CASSYVGNTGELFF
identities: 1 0.983 pmhc: 0.978 tcra: 0.991 tcrb: 0.982  TRAV21*01 TRAJ6*01 CAVRPTSGGSYIPTF TRBV6-5*01 TRBJ2-2*01 CASSYVGNTGELFF
identities: 2 0.983 pmhc: 0.978 tcra: 0.991 tcrb: 0.982  TRAV21*01 TRAJ6*01 CAVRPTSGGSYIPTF TRBV6-5*01 TRBJ2-2*01 CASSYVGNTGELFF
identities: 3 0.978 pmhc: 0.978 tcra: 0.974 tcrb: 0.982  TRAV21*01 TRAJ6*01 CAVRPTSGGSYIPTF TRBV6-5*01 TRBJ2-2*01 CASSYVGNTGELFF
START 84 200 T00084_A0201_YLINWVEEY
mhc max_idents: 0.967 A*02:01 YLINWVEEY A*02:01 SLYNTVATL
GXGs? GRG GT
identities: 0 0.978 pmhc: 0.967 tcra: 0.991 tcrb: 0.982  TRAV21*01 TRAJ6*01 CAVRPTSGGSYIPTF TRBV6-5*01 TRBJ2-2*01 CASSYVGNTGELFF
identities: 1 0.978 pmhc: 0.967 tcra: 0.991 tcrb: 0.982  TRAV21*01 TRAJ6*01 CAVRPTSGGSYIPTF TRBV6-5*01 TRBJ2-2*01 CASSYVGNTGELFF
