check genes for modeling 200
START 0 200 T00000_A0201_ALLIWITQV
mhc max_idents: 0.989 A*02:01 ALLIWITQV A*02:01 SLLMWITQV
setting up cache for align_tcr_info_pdb_chain_to_structure_msa function
DONE setting up cache for align_tcr_info_pdb_chain_to_structure_msa function
GXGs? GRG GT
identities: 0 0.988 pmhc: 0.989 tcra: 0.991 tcrb: 0.982  TRAV21*01 TRAJ6*01 CAVRPTSGGSYIPTF TRBV6-5*01 TRBJ2-2*01 CASSYVGNTGELFF
identities: 1 0.988 pmhc: 0.989 tcra: 0.991 tcrb: 0.982  TRAV21*01 TRAJ6*01 CAVRPTSGGSYIPTF TRBV6-5*01 TRBJ2-2*01 CASSYVGNTGELFF
identities: 2 0.988 pmhc: 0.989 tcra: 0.991 tcrb: 0.982  TRAV21*01 TRAJ6*01 CAVRPTSGGSYIPTF TRBV6-5*01 TRBJ2-2*01 CASSYVGNTGELFF
identities: 3 0.983 pmhc: 0.989 tcra: 0.974 tcrb: 0.982  TRAV21*01 TRAJ6*01 CAVRPTSGGSYIPTF TRBV6-5*01 TRBJ2-2*01 CASSYVGNTGELFF
START 1 200 T00001_A0201_SLLMWLTQC
mhc max_idents: 0.995 A*02:01 SLLMWLTQC A*02:01 SLLMWITQC
GXGs? GRG GT
identities: 0 0.990 pmhc: 0.995 tcra: 0.991 tcrb: 0.982  TRAV21*01 TRAJ6*01 CAVRPTSGGSYIPTF TRBV6-5*01 TRBJ2-2*01 CASSYVGNTGELFF
identities: 1 0.990 pmhc: 0.995 tcra: 0.991 tcrb: 0.982  TRAV21*01 TRAJ6*01 CAVRPTSGGSYIPTF TRBV6-5*01 TRBJ2-2*01 CASSYVGNTGELFF
identities: 2 0.990 pmhc: 0.995 tcra: 0.991 tcrb: 0.982  TRAV21*01 TRAJ6*01 CAVRPTSGGSYIPTF TRBV6-5*01 TRBJ2-2*01 CASSYVGNTGELFF
identities: 3 0.985 pmhc: 0.995 tcra: 0.974 tcrb: 0.982  TRAV21*01 TRAJ6*01 CAVRPTSGGSYIPTF TRBV6-5*01 TRBJ2-2*01 CASSYVGNTGELFF
START 2 200 T00002_A0201_SVLMWITQC
mhc max_idents: 0.995 A*02:01 SVLMWITQC A*02:01 SLLMWITQC
GXGs? GRG GT
identities: 0 0.990 pmhc: 0.995 tcra: 0.991 tcrb: 0.982  TRAV21*01 TRAJ6*01 CAVRPTSGGSYIPTF TRBV6-5*01 TRBJ2-2*01 CASSYVGNTGELFF
identities: 1 0.990 pmhc: 0.995 tcra: 0.991 tcrb: 0.982  TRAV21*01 TRAJ6*01 CAVRPTSGGSYIPTF TRBV6-5*01 TRBJ2-2*01 CASSYVGNTGELFF
identities: 2 0.990 pmhc: 0.995 tcra: 0.991 tcrb: 0.982  TRAV21*01 TRAJ6*01 CAVRPTSGGSYIPTF TRBV6-5*01 TRBJ2-2*01 CASSYVGNTGELFF
identities: 3 0.985 pmhc: 0.995 tcra: 0.974 tcrb: 0.982  TRAV21*01 TRAJ6*01 CAVRPTSGGSYIPTF TRBV6-5*01 TRBJ2-2*01 CASSYVGNTGELFF
START 3 200 T00003_A0201_RLVMWITQC
mhc max_idents: 0.989 A*02:01 RLVMWITQC A*02:01 SLLMWITQC
GXGs? GRG GT
identities: 0 0.988 pmhc: 0.989 tcra: 0.991 tcrb: 0.982  TRAV21*01 TRAJ6*01 CAVRPTSGGSYIPTF TRBV6-5*01 TRBJ2-2*01 CASSYVGNTGELFF
identities: 1 0.988 pmhc: 0.989 tcra: 0.991 tcrb: 0.982  TRAV21*01 TRAJ6*01 CAVRPTSGGSYIPTF TRBV6-5*01 TRBJ2-2*01 CASSYVGNTGELFF
identities: 2 0.988 pmhc: 0.989 tcra: 0.991 tcrb: 0.982  TRAV21*01 TRAJ6*01 CAVRPTSGGSYIPTF TRBV6-5*01 TRBJ2-2*01 CASSYVGNTGELFF
identities: 3 0.983 pmhc: 0.989 tcra: 0.974 tcrb: 0.982  TRAV21*01 TRAJ6*01 CAVRPTSGGSYIPTF TRBV6-5*01 TRBJ2-2*01 CASSYVGNTGELFF
START 4 200 T00004_A0201_TLLVWITQV
mhc max_idents: 0.989 A*02:01 TLLVWITQV A*02:01 SLLMWITQV
GXGs? GRG GT
identities: 0 0.988 pmhc: 0.989 tcra: 0.991 tcrb: 0.982  TRAV21*01 TRAJ6*01 CAVRPTSGGSYIPTF TRBV6-5*01 TRBJ2-2*01 CASSYVGNTGELFF
identities: 1 0.988 pmhc: 0.989 tcra: 0.991 tcrb: 0.982  TRAV21*01 TRAJ6*01 CAVRPTSGGSYIPTF TRBV6-5*01 TRBJ2-2*01 CASSYVGNTGELFF
identities: 2 0.988 pmhc: 0.989 tcra: 0.991 tcrb: 0.982  TRAV21*01 TRAJ6*01 CAVRPTSGGSYIPTF TRBV6-5*01 TRBJ2-2*01 CASSYVGNTGELFF
identities: 3 0.983 pmhc: 0.989 tcra: 0.974 tcrb: 0.982  TRAV21*01 TRAJ6*01 CAVRPTSGGSYIPTF TRBV6-5*01 TRBJ2-2*01 CASSYVGNTGELFF
START 5 200 T00005_A0201_SLLMWNTQV
mhc max_idents: 0.995 A*02:01 SLLMWNTQV A*02:01 SLLMWITQV
GXGs? GRG GT
identities: 0 0.990 pmhc: 0.995 tcra: 0.991 tcrb: 0.982  TRAV21*01 TRAJ6*01 CAVRPTSGGSYIPTF TRBV6-5*01 TRBJ2-2*01 CASSYVGNTGELFF
identities: 1 0.990 pmhc: 0.995 tcra: 0.991 tcrb: 0.982  TRAV21*01 TRAJ6*01 CAVRPTSGGSYIPTF TRBV6-5*01 TRBJ2-2*01 CASSYVGNTGELFF
identities: 2 0.990 pmhc: 0.995 tcra: 0.991 tcrb: 0.982  TRAV21*01 TRAJ6*01 CAVRPTSGGSYIPTF TRBV6-5*01 TRBJ2-2*01 CASSYVGNTGELFF
identities: 3 0.985 pmhc: 0.995 tcra: 0.974 tcrb: 0.982  TRAV21*01 TRAJ6*01 CAVRPTSGGSYIPTF TRBV6-5*01 TRBJ2-2*01 CASSYVGNTGELFF
START 6 200 T00006_A0201_ALLMWIEQV
mhc max_idents: 0.989 A*02:01 ALLMWIEQV A*02:01 SLLMWITQV
GXGs? GRG GT
identities: 0 0.988 pmhc: 0.989 tcra: 0.991 tcrb: 0.982  TRAV21*01 TRAJ6*01 CAVRPTSGGSYIPTF TRBV6-5*01 TRBJ2-2*01 CASSYVGNTGELFF
identities: 1 0.988 pmhc: 0.989 tcra: 0.991 tcrb: 0.982  TRAV21*01 TRAJ6*01 CAVRPTSGGSYIPTF TRBV6-5*01 TRBJ2-2*01 CASSYVGNTGELFF
identities: 2 0.988 pmhc: 0.989 tcra: 0.991 tcrb: 0.982  TRAV21*01 TRAJ6*01 CAVRPTSGGSYIPTF TRBV6-5*01 TRBJ2-2*01 CASSYVGNTGELFF
identities: 3 0.983 pmhc: 0.989 tcra: 0.974 tcrb: 0.982  TRAV21*01 TRAJ6*01 CAVRPTSGGSYIPTF TRBV6-5*01 TRBJ2-2*01 CASSYVGNTGELFF
START 7 200 T00007_A0201_SLAMWITQC
mhc max_idents: 0.995 A*02:01 SLAMWITQC A*02:01 SLLMWITQC
GXGs? GRG GT
identities: 0 0.990 pmhc: 0.995 tcra: 0.991 tcrb: 0.982  TRAV21*01 TRAJ6*01 CAVRPTSGGSYIPTF TRBV6-5*01 TRBJ2-2*01 CASSYVGNTGELFF
identities: 1 0.990 pmhc: 0.995 tcra: 0.991 tcrb: 0.982  TRAV21*01 TRAJ6*01 CAVRPTSGGSYIPTF TRBV6-5*01 TRBJ2-2*01 CASSYVGNTGELFF
identities: 2 0.990 pmhc: 0.995 tcra: 0.991 tcrb: 0.982  TRAV21*01 TRAJ6*01 CAVRPTSGGSYIPTF TRBV6-5*01 TRBJ2-2*01 CASSYVGNTGELFF
identities: 3 0.985 pmhc: 0.995 tcra: 0.974 tcrb: 0.982  TRAV21*01 TRAJ6*01 CAVRPTSGGSYIPTF TRBV6-5*01 TRBJ2-2*01 CASSYVGNTGELFF
START 8 200 T00008_A0201_SILMWINQI
mhc max_idents: 0.984 A*02:01 SILMWINQI A*02:01 SLLMWITQV
GXGs? GRG GT
identities: 0 0.985 pmhc: 0.984 tcra: 0.991 tcrb: 0.982  TRAV21*01 TRAJ6*01 CAVRPTSGGSYIPTF TRBV6-5*01 TRBJ2-2*01 CASSYVGNTGELFF
identities: 1 0.985 pmhc: 0.984 tcra: 0.991 tcrb: 0.982  TRAV21*01 TRAJ6*01 CAVRPTSGGSYIPTF TRBV6-5*01 TRBJ2-2*01 CASSYVGNTGELFF
identities: 2 0.985 pmhc: 0.984 tcra: 0.991 tcrb: 0.982  TRAV21*01 TRAJ6*01 CAVRPTSGGSYIPTF TRBV6-5*01 TRBJ2-2*01 CASSYVGNTGELFF
identities: 3 0.981 pmhc: 0.984 tcra: 0.974 tcrb: 0.982  TRAV21*01 TRAJ6*01 CAVRPTSGGSYIPTF TRBV6-5*01 TRBJ2-2*01 CASSYVGNTGELFF
START 9 200 T00009_A0201_SIIMWVTMC
mhc max_idents: 0.978 A*02:01 SIIMWVTMC A*02:01 SLLMWITQC
GXGs? GRG GT
identities: 0 0.983 pmhc: 0.978 tcra: 0.991 tcrb: 0.982  TRAV21*01 TRAJ6*01 CAVRPTSGGSYIPTF TRBV6-5*01 TRBJ2-2*01 CASSYVGNTGELFF
identities: 1 0.983 pmhc: 0.978 tcra: 0.991 tcrb: 0.982  TRAV21*01 TRAJ6*01 CAVRPTSGGSYIPTF TRBV6-5*01 TRBJ2-2*01 CASSYVGNTGELFF
identities: 2 0.983 pmhc: 0.978 tcra: 0.991 tcrb: 0.982  TRAV21*01 TRAJ6*01 CAVRPTSGGSYIPTF TRBV6-5*01 TRBJ2-2*01 CASSYVGNTGELFF
identities: 3 0.978 pmhc: 0.978 tcra: 0.974 tcrb: 0.982  TRAV21*01 TRAJ6*01 CAVRPTSGGSYIPTF TRBV6-5*01 TRBJ2-2*01 CASSYVGNTGELFF
START 10 200 T00010_A0201_SLLMWVEQV
mhc max_idents: 0.989 A*02:01 SLLMWVEQV A*02:01 SLLMWITQV
GXGs? GRG GT
identities: 0 0.988 pmhc: 0.989 tcra: 0.991 tcrb: 0.982  TRAV21*01 TRAJ6*01 CAVRPTSGGSYIPTF TRBV6-5*01 TRBJ2-2*01 CASSYVGNTGELFF
identities: 1 0.988 pmhc: 0.989 tcra: 0.991 tcrb: 0.982  TRAV21*01 TRAJ6*01 CAVRPTSGGSYIPTF TRBV6-5*01 TRBJ2-2*01 CASSYVGNTGELFF
identities: 2 0.988 pmhc: 0.989 tcra: 0.991 tcrb: 0.982  TRAV21*01 TRAJ6*01 CAVRPTSGGSYIPTF TRBV6-5*01 TRBJ2-2*01 CASSYVGNTGELFF
identities: 3 0.983 pmhc: 0.989 tcra: 0.974 tcrb: 0.982  TRAV21*01 TRAJ6*01 CAVRPTSGGSYIPTF TRBV6-5*01 TRBJ2-2*01 CASSYVGNTGELFF
START 11 200 T00011_A0201_NLLMWITQV
mhc max_idents: 0.995 A*02:01 NLLMWITQV A*02:01 SLLMWITQV
GXGs? GRG GT
identities: 0 0.990 pmhc: 0.995 tcra: 0.991 tcrb: 0.982  TRAV21*01 TRAJ6*01 CAVRPTSGGSYIPTF TRBV6-5*01 TRBJ2-2*01 CASSYVGNTGELFF
identities: 1 0.990 pmhc: 0.995 tcra: 0.991 tcrb: 0.982  TRAV21*01 TRAJ6*01 CAVRPTSGGSYIPTF TRBV6-5*01 TRBJ2-2*01 CASSYVGNTGELFF
identities: 2 0.990 pmhc: 0.995 tcra: 0.991 tcrb: 0.982  TRAV21*01 TRAJ6*01 CAVRPTSGGSYIPTF TRBV6-5*01 TRBJ2-2*01 CASSYVGNTGELFF
identities: 3 0.985 pmhc: 0.995 tcra: 0.974 tcrb: 0.982  TRAV21*01 TRAJ6*01 CAVRPTSGGSYIPTF TRBV6-5*01 TRBJ2-2*01 CASSYVGNTGELFF
START 12 200 T00012_A0201_SIIMWLTQC
mhc max_idents: 0.984 A*02:01 SIIMWLTQC A*02:01 SLLMWITQC
GXGs? GRG GT
identities: 0 0.985 pmhc: 0.984 tcra: 0.991 tcrb: 0.982  TRAV21*01 TRAJ6*01 CAVRPTSGGSYIPTF TRBV6-5*01 TRBJ2-2*01 CASSYVGNTGELFF
identities: 1 0.985 pmhc: 0.984 tcra: 0.991 tcrb: 0.982  TRAV21*01 TRAJ6*01 CAVRPTSGGSYIPTF TRBV6-5*01 TRBJ2-2*01 CASSYVGNTGELFF
identities: 2 0.985 pmhc: 0.984 tcra: 0.991 tcrb: 0.982  TRAV21*01 TRAJ6*01 CAVRPTSGGSYIPTF TRBV6-5*01 TRBJ2-2*01 CASSYVGNTGELFF
identities: 3 0.981 pmhc: 0.984 tcra: 0.974 tcrb: 0.982  TRAV21*01 TRAJ6*01 CAVRPTSGGSYIPTF TRBV6-5*01 TRBJ2-2*01 CASSYVGNTGELFF
START 13 200 T00013_A0201_SMLMWITQV
mhc max_idents: 0.995 A*02:01 SMLMWITQV A*02:01 SLLMWITQV
GXGs? GRG GT
identities: 0 0.990 pmhc: 0.995 tcra: 0.991 tcrb: 0.982  TRAV21*01 TRAJ6*01 CAVRPTSGGSYIPTF TRBV6-5*01 TRBJ2-2*01 CASSYVGNTGELFF
identities: 1 0.990 pmhc: 0.995 tcra: 0.991 tcrb: 0.982  TRAV21*01 TRAJ6*01 CAVRPTSGGSYIPTF TRBV6-5*01 TRBJ2-2*01 CASSYVGNTGELFF
identities: 2 0.990 pmhc: 0.995 tcra: 0.991 tcrb: 0.982  TRAV21*01 TRAJ6*01 CAVRPTSGGSYIPTF TRBV6-5*01 TRBJ2-2*01 CASSYVGNTGELFF
identities: 3 0.985 pmhc: 0.995 tcra: 0.974 tcrb: 0.982  TRAV21*01 TRAJ6*01 CAVRPTSGGSYIPTF TRBV6-5*01 TRBJ2-2*01 CASSYVGNTGELFF
START 14 200 T00014_A0201_SVMLWITQI
mhc max_idents: 0.978 A*02:01 SVMLWITQI A*02:01 SLLMWITQV
GXGs? GRG GT
identities: 0 0.983 pmhc: 0.978 tcra: 0.991 tcrb: 0.982  TRAV21*01 TRAJ6*01 CAVRPTSGGSYIPTF TRBV6-5*01 TRBJ2-2*01 CASSYVGNTGELFF
identities: 1 0.983 pmhc: 0.978 tcra: 0.991 tcrb: 0.982  TRAV21*01 TRAJ6*01 CAVRPTSGGSYIPTF TRBV6-5*01 TRBJ2-2*01 CASSYVGNTGELFF
identities: 2 0.983 pmhc: 0.978 tcra: 0.991 tcrb: 0.982  TRAV21*01 TRAJ6*01 CAVRPTSGGSYIPTF TRBV6-5*01 TRBJ2-2*01 CASSYVGNTGELFF
identities: 3 0.978 pmhc: 0.978 tcra: 0.974 tcrb: 0.982  TRAV21*01 TRAJ6*01 CAVRPTSGGSYIPTF TRBV6-5*01 TRBJ2-2*01 CASSYVGNTGELFF
START 15 200 T00015_A0201_SIIMWITQV
mhc max_idents: 0.989 A*02:01 SIIMWITQV A*02:01 SLLMWITQV
GXGs? GRG GT
identities: 0 0.988 pmhc: 0.989 tcra: 0.991 tcrb: 0.982  TRAV21*01 TRAJ6*01 CAVRPTSGGSYIPTF TRBV6-5*01 TRBJ2-2*01 CASSYVGNTGELFF
identities: 1 0.988 pmhc: 0.989 tcra: 0.991 tcrb: 0.982  TRAV21*01 TRAJ6*01 CAVRPTSGGSYIPTF TRBV6-5*01 TRBJ2-2*01 CASSYVGNTGELFF
identities: 2 0.988 pmhc: 0.989 tcra: 0.991 tcrb: 0.982  TRAV21*01 TRAJ6*01 CAVRPTSGGSYIPTF TRBV6-5*01 TRBJ2-2*01 CASSYVGNTGELFF
identities: 3 0.983 pmhc: 0.989 tcra: 0.974 tcrb: 0.982  TRAV21*01 TRAJ6*01 CAVRPTSGGSYIPTF TRBV6-5*01 TRBJ2-2*01 CASSYVGNTGELFF
START 16 200 T00016_A0201_TLLMWLTQC
mhc max_idents: 0.989 A*02:01 TLLMWLTQC A*02:01 SLLMWITQC
GXGs? GRG GT
identities: 0 0.988 pmhc: 0.989 tcra: 0.991 tcrb: 0.982  TRAV21*01 TRAJ6*01 CAVRPTSGGSYIPTF TRBV6-5*01 TRBJ2-2*01 CASSYVGNTGELFF
identities: 1 0.988 pmhc: 0.989 tcra: 0.991 tcrb: 0.982  TRAV21*01 TRAJ6*01 CAVRPTSGGSYIPTF TRBV6-5*01 TRBJ2-2*01 CASSYVGNTGELFF
identities: 2 0.988 pmhc: 0.989 tcra: 0.991 tcrb: 0.982  TRAV21*01 TRAJ6*01 CAVRPTSGGSYIPTF TRBV6-5*01 TRBJ2-2*01 CASSYVGNTGELFF
identities: 3 0.983 pmhc: 0.989 tcra: 0.974 tcrb: 0.982  TRAV21*01 TRAJ6*01 CAVRPTSGGSYIPTF TRBV6-5*01 TRBJ2-2*01 CASSYVGNTGELFF
START 17 200 T00017_A0201_SLLVWITQC
mhc max_idents: 0.995 A*02:01 SLLVWITQC A*02:01 SLLMWITQC
GXGs? GRG GT
identities: 0 0.990 pmhc: 0.995 tcra: 0.991 tcrb: 0.982  TRAV21*01 TRAJ6*01 CAVRPTSGGSYIPTF TRBV6-5*01 TRBJ2-2*01 CASSYVGNTGELFF
identities: 1 0.990 pmhc: 0.995 tcra: 0.991 tcrb: 0.982  TRAV21*01 TRAJ6*01 CAVRPTSGGSYIPTF TRBV6-5*01 TRBJ2-2*01 CASSYVGNTGELFF
identities: 2 0.990 pmhc: 0.995 tcra: 0.991 tcrb: 0.982  TRAV21*01 TRAJ6*01 CAVRPTSGGSYIPTF TRBV6-5*01 TRBJ2-2*01 CASSYVGNTGELFF
identities: 3 0.985 pmhc: 0.995 tcra: 0.974 tcrb: 0.982  TRAV21*01 TRAJ6*01 CAVRPTSGGSYIPTF TRBV6-5*01 TRBJ2-2*01 CASSYVGNTGELFF
START 18 200 T00018_A0201_SLLMWITQM
mhc max_idents: 0.995 A*02:01 SLLMWITQM A*02:01 SLLMWITQV
GXGs? GRG GT
identities: 0 0.990 pmhc: 0.995 tcra: 0.991 tcrb: 0.982  TRAV21*01 TRAJ6*01 CAVRPTSGGSYIPTF TRBV6-5*01 TRBJ2-2*01 CASSYVGNTGELFF
identities: 1 0.990 pmhc: 0.995 tcra: 0.991 tcrb: 0.982  TRAV21*01 TRAJ6*01 CAVRPTSGGSYIPTF TRBV6-5*01 TRBJ2-2*01 CASSYVGNTGELFF
identities: 2 0.990 pmhc: 0.995 tcra: 0.991 tcrb: 0.982  TRAV21*01 TRAJ6*01 CAVRPTSGGSYIPTF TRBV6-5*01 TRBJ2-2*01 CASSYVGNTGELFF
identities: 3 0.985 pmhc: 0.995 tcra: 0.974 tcrb: 0.982  TRAV21*01 TRAJ6*01 CAVRPTSGGSYIPTF TRBV6-5*01 TRBJ2-2*01 CASSYVGNTGELFF
START 19 200 T00019_A0201_SDLMWLTQV
mhc max_idents: 0.989 A*02:01 SDLMWLTQV A*02:01 SLLMWITQV
GXGs? GRG GT
identities: 0 0.988 pmhc: 0.989 tcra: 0.991 tcrb: 0.982  TRAV21*01 TRAJ6*01 CAVRPTSGGSYIPTF TRBV6-5*01 TRBJ2-2*01 CASSYVGNTGELFF
identities: 1 0.988 pmhc: 0.989 tcra: 0.991 tcrb: 0.982  TRAV21*01 TRAJ6*01 CAVRPTSGGSYIPTF TRBV6-5*01 TRBJ2-2*01 CASSYVGNTGELFF
identities: 2 0.988 pmhc: 0.989 tcra: 0.991 tcrb: 0.982  TRAV21*01 TRAJ6*01 CAVRPTSGGSYIPTF TRBV6-5*01 TRBJ2-2*01 CASSYVGNTGELFF
identities: 3 0.983 pmhc: 0.989 tcra: 0.974 tcrb: 0.982  TRAV21*01 TRAJ6*01 CAVRPTSGGSYIPTF TRBV6-5*01 TRBJ2-2*01 CASSYVGNTGELFF
START 20 200 T00020_A0201_SSLMWITQC
mhc max_idents: 0.995 A*02:01 SSLMWITQC A*02:01 SLLMWITQC
GXGs? GRG GT
identities: 0 0.990 pmhc: 0.995 tcra: 0.991 tcrb: 0.982  TRAV21*01 TRAJ6*01 CAVRPTSGGSYIPTF TRBV6-5*01 TRBJ2-2*01 CASSYVGNTGELFF
identities: 1 0.990 pmhc: 0.995 tcra: 0.991 tcrb: 0.982  TRAV21*01 TRAJ6*01 CAVRPTSGGSYIPTF TRBV6-5*01 TRBJ2-2*01 CASSYVGNTGELFF
identities: 2 0.990 pmhc: 0.995 tcra: 0.991 tcrb: 0.982  TRAV21*01 TRAJ6*01 CAVRPTSGGSYIPTF TRBV6-5*01 TRBJ2-2*01 CASSYVGNTGELFF
identities: 3 0.985 pmhc: 0.995 tcra: 0.974 tcrb: 0.982  TRAV21*01 TRAJ6*01 CAVRPTSGGSYIPTF TRBV6-5*01 TRBJ2-2*01 CASSYVGNTGELFF
START 21 200 T00021_A0201_SLIMWITQV
mhc max_idents: 0.995 A*02:01 SLIMWITQV A*02:01 SLLMWITQV
GXGs? GRG GT
identities: 0 0.990 pmhc: 0.995 tcra: 0.991 tcrb: 0.982  TRAV21*01 TRAJ6*01 CAVRPTSGGSYIPTF TRBV6-5*01 TRBJ2-2*01 CASSYVGNTGELFF
identities: 1 0.990 pmhc: 0.995 tcra: 0.991 tcrb: 0.982  TRAV21*01 TRAJ6*01 CAVRPTSGGSYIPTF TRBV6-5*01 TRBJ2-2*01 CASSYVGNTGELFF
identities: 2 0.990 pmhc: 0.995 tcra: 0.991 tcrb: 0.982  TRAV21*01 TRAJ6*01 CAVRPTSGGSYIPTF TRBV6-5*01 TRBJ2-2*01 CASSYVGNTGELFF
identities: 3 0.985 pmhc: 0.995 tcra: 0.974 tcrb: 0.982  TRAV21*01 TRAJ6*01 CAVRPTSGGSYIPTF TRBV6-5*01 TRBJ2-2*01 CASSYVGNTGELFF
START 22 200 T00022_A0201_SFVMWITQC
mhc max_idents: 0.989 A*02:01 SFVMWITQC A*02:01 SLLMWITQC
GXGs? GRG GT
identities: 0 0.988 pmhc: 0.989 tcra: 0.991 tcrb: 0.982  TRAV21*01 TRAJ6*01 CAVRPTSGGSYIPTF TRBV6-5*01 TRBJ2-2*01 CASSYVGNTGELFF
identities: 1 0.988 pmhc: 0.989 tcra: 0.991 tcrb: 0.982  TRAV21*01 TRAJ6*01 CAVRPTSGGSYIPTF TRBV6-5*01 TRBJ2-2*01 CASSYVGNTGELFF
identities: 2 0.988 pmhc: 0.989 tcra: 0.991 tcrb: 0.982  TRAV21*01 TRAJ6*01 CAVRPTSGGSYIPTF TRBV6-5*01 TRBJ2-2*01 CASSYVGNTGELFF
identities: 3 0.983 pmhc: 0.989 tcra: 0.974 tcrb: 0.982  TRAV21*01 TRAJ6*01 CAVRPTSGGSYIPTF TRBV6-5*01 TRBJ2-2*01 CASSYVGNTGELFF
START 23 200 T00023_A0201_SLMMWVTQC
mhc max_idents: 0.989 A*02:01 SLMMWVTQC A*02:01 SLLMWITQC
GXGs? GRG GT
identities: 0 0.988 pmhc: 0.989 tcra: 0.991 tcrb: 0.982  TRAV21*01 TRAJ6*01 CAVRPTSGGSYIPTF TRBV6-5*01 TRBJ2-2*01 CASSYVGNTGELFF
identities: 1 0.988 pmhc: 0.989 tcra: 0.991 tcrb: 0.982  TRAV21*01 TRAJ6*01 CAVRPTSGGSYIPTF TRBV6-5*01 TRBJ2-2*01 CASSYVGNTGELFF
identities: 2 0.988 pmhc: 0.989 tcra: 0.991 tcrb: 0.982  TRAV21*01 TRAJ6*01 CAVRPTSGGSYIPTF TRBV6-5*01 TRBJ2-2*01 CASSYVGNTGELFF
identities: 3 0.983 pmhc: 0.989 tcra: 0.974 tcrb: 0.982  TRAV21*01 TRAJ6*01 CAVRPTSGGSYIPTF TRBV6-5*01 TRBJ2-2*01 CASSYVGNTGELFF
START 24 200 T00024_A0201_SLLMWFTQV
mhc max_idents: 0.995 A*02:01 SLLMWFTQV A*02:01 SLLMWITQV
GXGs? GRG GT
identities: 0 0.990 pmhc: 0.995 tcra: 0.991 tcrb: 0.982  TRAV21*01 TRAJ6*01 CAVRPTSGGSYIPTF TRBV6-5*01 TRBJ2-2*01 CASSYVGNTGELFF
identities: 1 0.990 pmhc: 0.995 tcra: 0.991 tcrb: 0.982  TRAV21*01 TRAJ6*01 CAVRPTSGGSYIPTF TRBV6-5*01 TRBJ2-2*01 CASSYVGNTGELFF
identities: 2 0.990 pmhc: 0.995 tcra: 0.991 tcrb: 0.982  TRAV21*01 TRAJ6*01 CAVRPTSGGSYIPTF TRBV6-5*01 TRBJ2-2*01 CASSYVGNTGELFF
identities: 3 0.985 pmhc: 0.995 tcra: 0.974 tcrb: 0.982  TRAV21*01 TRAJ6*01 CAVRPTSGGSYIPTF TRBV6-5*01 TRBJ2-2*01 CASSYVGNTGELFF
START 25 200 T00025_A0201_SLCMWMTQV
mhc max_idents: 0.989 A*02:01 SLCMWMTQV A*02:01 SLLMWITQV
GXGs? GRG GT
identities: 0 0.988 pmhc: 0.989 tcra: 0.991 tcrb: 0.982  TRAV21*01 TRAJ6*01 CAVRPTSGGSYIPTF TRBV6-5*01 TRBJ2-2*01 CASSYVGNTGELFF
identities: 1 0.988 pmhc: 0.989 tcra: 0.991 tcrb: 0.982  TRAV21*01 TRAJ6*01 CAVRPTSGGSYIPTF TRBV6-5*01 TRBJ2-2*01 CASSYVGNTGELFF
identities: 2 0.988 pmhc: 0.989 tcra: 0.991 tcrb: 0.982  TRAV21*01 TRAJ6*01 CAVRPTSGGSYIPTF TRBV6-5*01 TRBJ2-2*01 CASSYVGNTGELFF
identities: 3 0.983 pmhc: 0.989 tcra: 0.974 tcrb: 0.982  TRAV21*01 TRAJ6*01 CAVRPTSGGSYIPTF TRBV6-5*01 TRBJ2-2*01 CASSYVGNTGELFF
START 26 200 T00026_A0201_HMLMWVTQC
mhc max_idents: 0.984 A*02:01 HMLMWVTQC A*02:01 SLLMWITQC
GXGs? GRG GT
identities: 0 0.985 pmhc: 0.984 tcra: 0.991 tcrb: 0.982  TRAV21*01 TRAJ6*01 CAVRPTSGGSYIPTF TRBV6-5*01 TRBJ2-2*01 CASSYVGNTGELFF
identities: 1 0.985 pmhc: 0.984 tcra: 0.991 tcrb: 0.982  TRAV21*01 TRAJ6*01 CAVRPTSGGSYIPTF TRBV6-5*01 TRBJ2-2*01 CASSYVGNTGELFF
identities: 2 0.985 pmhc: 0.984 tcra: 0.991 tcrb: 0.982  TRAV21*01 TRAJ6*01 CAVRPTSGGSYIPTF TRBV6-5*01 TRBJ2-2*01 CASSYVGNTGELFF
identities: 3 0.981 pmhc: 0.984 tcra: 0.974 tcrb: 0.982  TRAV21*01 TRAJ6*01 CAVRPTSGGSYIPTF TRBV6-5*01 TRBJ2-2*01 CASSYVGNTGELFF
START 27 200 T00027_A0201_ALIMWVTQL
mhc max_idents: 0.984 A*02:01 ALIMWVTQL A*02:01 SLLMWITQL
GXGs? GRG GT
identities: 0 0.985 pmhc: 0.984 tcra: 0.991 tcrb: 0.982  TRAV21*01 TRAJ6*01 CAVRPTSGGSYIPTF TRBV6-5*01 TRBJ2-2*01 CASSYVGNTGELFF
identities: 1 0.983 pmhc: 0.978 tcra: 0.991 tcrb: 0.982  TRAV21*01 TRAJ6*01 CAVRPTSGGSYIPTF TRBV6-5*01 TRBJ2-2*01 CASSYVGNTGELFF
identities: 2 0.983 pmhc: 0.978 tcra: 0.991 tcrb: 0.982  TRAV21*01 TRAJ6*01 CAVRPTSGGSYIPTF TRBV6-5*01 TRBJ2-2*01 CASSYVGNTGELFF
identities: 3 0.978 pmhc: 0.978 tcra: 0.974 tcrb: 0.982  TRAV21*01 TRAJ6*01 CAVRPTSGGSYIPTF TRBV6-5*01 TRBJ2-2*01 CASSYVGNTGELFF
START 28 200 T00028_A0201_AILMWITQC
mhc max_idents: 0.989 A*02:01 AILMWITQC A*02:01 SLLMWITQC
GXGs? GRG GT
identities: 0 0.988 pmhc: 0.989 tcra: 0.991 tcrb: 0.982  TRAV21*01 TRAJ6*01 CAVRPTSGGSYIPTF TRBV6-5*01 TRBJ2-2*01 CASSYVGNTGELFF
identities: 1 0.988 pmhc: 0.989 tcra: 0.991 tcrb: 0.982  TRAV21*01 TRAJ6*01 CAVRPTSGGSYIPTF TRBV6-5*01 TRBJ2-2*01 CASSYVGNTGELFF
identities: 2 0.988 pmhc: 0.989 tcra: 0.991 tcrb: 0.982  TRAV21*01 TRAJ6*01 CAVRPTSGGSYIPTF TRBV6-5*01 TRBJ2-2*01 CASSYVGNTGELFF
identities: 3 0.983 pmhc: 0.989 tcra: 0.974 tcrb: 0.982  TRAV21*01 TRAJ6*01 CAVRPTSGGSYIPTF TRBV6-5*01 TRBJ2-2*01 CASSYVGNTGELFF
START 29 200 T00029_A0201_SLLMWITEI
mhc max_idents: 0.989 A*02:01 SLLMWITEI A*02:01 SLLMWITQV
GXGs? GRG GT
identities: 0 0.988 pmhc: 0.989 tcra: 0.991 tcrb: 0.982  TRAV21*01 TRAJ6*01 CAVRPTSGGSYIPTF TRBV6-5*01 TRBJ2-2*01 CASSYVGNTGELFF
identities: 1 0.988 pmhc: 0.989 tcra: 0.991 tcrb: 0.982  TRAV21*01 TRAJ6*01 CAVRPTSGGSYIPTF TRBV6-5*01 TRBJ2-2*01 CASSYVGNTGELFF
identities: 2 0.988 pmhc: 0.989 tcra: 0.991 tcrb: 0.982  TRAV21*01 TRAJ6*01 CAVRPTSGGSYIPTF TRBV6-5*01 TRBJ2-2*01 CASSYVGNTGELFF
identities: 3 0.983 pmhc: 0.989 tcra: 0.974 tcrb: 0.982  TRAV21*01 TRAJ6*01 CAVRPTSGGSYIPTF TRBV6-5*01 TRBJ2-2*01 CASSYVGNTGELFF
START 30 200 T00030_A0201_TLLMWITFV
mhc max_idents: 0.989 A*02:01 TLLMWITFV A*02:01 SLLMWITQV
GXGs? GRG GT
identities: 0 0.988 pmhc: 0.989 tcra: 0.991 tcrb: 0.982  TRAV21*01 TRAJ6*01 CAVRPTSGGSYIPTF TRBV6-5*01 TRBJ2-2*01 CASSYVGNTGELFF
identities: 1 0.988 pmhc: 0.989 tcra: 0.991 tcrb: 0.982  TRAV21*01 TRAJ6*01 CAVRPTSGGSYIPTF TRBV6-5*01 TRBJ2-2*01 CASSYVGNTGELFF
identities: 2 0.988 pmhc: 0.989 tcra: 0.991 tcrb: 0.982  TRAV21*01 TRAJ6*01 CAVRPTSGGSYIPTF TRBV6-5*01 TRBJ2-2*01 CASSYVGNTGELFF
identities: 3 0.983 pmhc: 0.989 tcra: 0.974 tcrb: 0.982  TRAV21*01 TRAJ6*01 CAVRPTSGGSYIPTF TRBV6-5*01 TRBJ2-2*01 CASSYVGNTGELFF
START 31 200 T00031_A0201_STLMWITQI
mhc max_idents: 0.989 A*02:01 STLMWITQI A*02:01 SLLMWITQV
GXGs? GRG GT
identities: 0 0.988 pmhc: 0.989 tcra: 0.991 tcrb: 0.982  TRAV21*01 TRAJ6*01 CAVRPTSGGSYIPTF TRBV6-5*01 TRBJ2-2*01 CASSYVGNTGELFF
identities: 1 0.988 pmhc: 0.989 tcra: 0.991 tcrb: 0.982  TRAV21*01 TRAJ6*01 CAVRPTSGGSYIPTF TRBV6-5*01 TRBJ2-2*01 CASSYVGNTGELFF
identities: 2 0.988 pmhc: 0.989 tcra: 0.991 tcrb: 0.982  TRAV21*01 TRAJ6*01 CAVRPTSGGSYIPTF TRBV6-5*01 TRBJ2-2*01 CASSYVGNTGELFF
identities: 3 0.983 pmhc: 0.989 tcra: 0.974 tcrb: 0.982  TRAV21*01 TRAJ6*01 CAVRPTSGGSYIPTF TRBV6-5*01 TRBJ2-2*01 CASSYVGNTGELFF
START 32 200 T00032_A0201_TLLMWVTQC
mhc max_idents: 0.989 A*02:01 TLLMWVTQC A*02:01 SLLMWITQC
GXGs? GRG GT
identities: 0 0.988 pmhc: 0.989 tcra: 0.991 tcrb: 0.982  TRAV21*01 TRAJ6*01 CAVRPTSGGSYIPTF TRBV6-5*01 TRBJ2-2*01 CASSYVGNTGELFF
identities: 1 0.988 pmhc: 0.989 tcra: 0.991 tcrb: 0.982  TRAV21*01 TRAJ6*01 CAVRPTSGGSYIPTF TRBV6-5*01 TRBJ2-2*01 CASSYVGNTGELFF
identities: 2 0.988 pmhc: 0.989 tcra: 0.991 tcrb: 0.982  TRAV21*01 TRAJ6*01 CAVRPTSGGSYIPTF TRBV6-5*01 TRBJ2-2*01 CASSYVGNTGELFF
identities: 3 0.983 pmhc: 0.989 tcra: 0.974 tcrb: 0.982  TRAV21*01 TRAJ6*01 CAVRPTSGGSYIPTF TRBV6-5*01 TRBJ2-2*01 CASSYVGNTGELFF
START 33 200 T00033_A0201_SIIMWITQC
mhc max_idents: 0.989 A*02:01 SIIMWITQC A*02:01 SLLMWITQC
GXGs? GRG GT
identities: 0 0.988 pmhc: 0.989 tcra: 0.991 tcrb: 0.982  TRAV21*01 TRAJ6*01 CAVRPTSGGSYIPTF TRBV6-5*01 TRBJ2-2*01 CASSYVGNTGELFF
identities: 1 0.988 pmhc: 0.989 tcra: 0.991 tcrb: 0.982  TRAV21*01 TRAJ6*01 CAVRPTSGGSYIPTF TRBV6-5*01 TRBJ2-2*01 CASSYVGNTGELFF
identities: 2 0.988 pmhc: 0.989 tcra: 0.991 tcrb: 0.982  TRAV21*01 TRAJ6*01 CAVRPTSGGSYIPTF TRBV6-5*01 TRBJ2-2*01 CASSYVGNTGELFF
identities: 3 0.983 pmhc: 0.989 tcra: 0.974 tcrb: 0.982  TRAV21*01 TRAJ6*01 CAVRPTSGGSYIPTF TRBV6-5*01 TRBJ2-2*01 CASSYVGNTGELFF
START 34 200 T00034_A0201_SLIMWISQL
mhc max_idents: 0.989 A*02:01 SLIMWISQL A*02:01 SLLMWITQL
GXGs? GRG GT
identities: 0 0.988 pmhc: 0.989 tcra: 0.991 tcrb: 0.982  TRAV21*01 TRAJ6*01 CAVRPTSGGSYIPTF TRBV6-5*01 TRBJ2-2*01 CASSYVGNTGELFF
identities: 1 0.985 pmhc: 0.984 tcra: 0.991 tcrb: 0.982  TRAV21*01 TRAJ6*01 CAVRPTSGGSYIPTF TRBV6-5*01 TRBJ2-2*01 CASSYVGNTGELFF
identities: 2 0.985 pmhc: 0.984 tcra: 0.991 tcrb: 0.982  TRAV21*01 TRAJ6*01 CAVRPTSGGSYIPTF TRBV6-5*01 TRBJ2-2*01 CASSYVGNTGELFF
identities: 3 0.981 pmhc: 0.984 tcra: 0.974 tcrb: 0.982  TRAV21*01 TRAJ6*01 CAVRPTSGGSYIPTF TRBV6-5*01 TRBJ2-2*01 CASSYVGNTGELFF
START 35 200 T00035_A0201_NLLMWITQI
mhc max_idents: 0.989 A*02:01 NLLMWITQI A*02:01 SLLMWITQV
GXGs? GRG GT
identities: 0 0.988 pmhc: 0.989 tcra: 0.991 tcrb: 0.982  TRAV21*01 TRAJ6*01 CAVRPTSGGSYIPTF TRBV6-5*01 TRBJ2-2*01 CASSYVGNTGELFF
identities: 1 0.988 pmhc: 0.989 tcra: 0.991 tcrb: 0.982  TRAV21*01 TRAJ6*01 CAVRPTSGGSYIPTF TRBV6-5*01 TRBJ2-2*01 CASSYVGNTGELFF
identities: 2 0.988 pmhc: 0.989 tcra: 0.991 tcrb: 0.982  TRAV21*01 TRAJ6*01 CAVRPTSGGSYIPTF TRBV6-5*01 TRBJ2-2*01 CASSYVGNTGELFF
identities: 3 0.983 pmhc: 0.989 tcra: 0.974 tcrb: 0.982  TRAV21*01 TRAJ6*01 CAVRPTSGGSYIPTF TRBV6-5*01 TRBJ2-2*01 CASSYVGNTGELFF
START 36 200 T00036_A0201_SLLMWVTQM
mhc max_idents: 0.989 A*02:01 SLLMWVTQM A*02:01 SLLMWITQV
GXGs? GRG GT
identities: 0 0.988 pmhc: 0.989 tcra: 0.991 tcrb: 0.982  TRAV21*01 TRAJ6*01 CAVRPTSGGSYIPTF TRBV6-5*01 TRBJ2-2*01 CASSYVGNTGELFF
identities: 1 0.988 pmhc: 0.989 tcra: 0.991 tcrb: 0.982  TRAV21*01 TRAJ6*01 CAVRPTSGGSYIPTF TRBV6-5*01 TRBJ2-2*01 CASSYVGNTGELFF
identities: 2 0.988 pmhc: 0.989 tcra: 0.991 tcrb: 0.982  TRAV21*01 TRAJ6*01 CAVRPTSGGSYIPTF TRBV6-5*01 TRBJ2-2*01 CASSYVGNTGELFF
identities: 3 0.983 pmhc: 0.989 tcra: 0.974 tcrb: 0.982  TRAV21*01 TRAJ6*01 CAVRPTSGGSYIPTF TRBV6-5*01 TRBJ2-2*01 CASSYVGNTGELFF
START 37 200 T00037_A0201_TLLMWITEV
mhc max_idents: 0.989 A*02:01 TLLMWITEV A*02:01 SLLMWITQV
GXGs? GRG GT
identities: 0 0.988 pmhc: 0.989 tcra: 0.991 tcrb: 0.982  TRAV21*01 TRAJ6*01 CAVRPTSGGSYIPTF TRBV6-5*01 TRBJ2-2*01 CASSYVGNTGELFF
identities: 1 0.988 pmhc: 0.989 tcra: 0.991 tcrb: 0.982  TRAV21*01 TRAJ6*01 CAVRPTSGGSYIPTF TRBV6-5*01 TRBJ2-2*01 CASSYVGNTGELFF
identities: 2 0.988 pmhc: 0.989 tcra: 0.991 tcrb: 0.982  TRAV21*01 TRAJ6*01 CAVRPTSGGSYIPTF TRBV6-5*01 TRBJ2-2*01 CASSYVGNTGELFF
identities: 3 0.983 pmhc: 0.989 tcra: 0.974 tcrb: 0.982  TRAV21*01 TRAJ6*01 CAVRPTSGGSYIPTF TRBV6-5*01 TRBJ2-2*01 CASSYVGNTGELFF
START 38 200 T00038_A0201_SLLMWITQA
mhc max_idents: 1.000 A*02:01 SLLMWITQA A*02:01 SLLMWITQA
GXGs? GRG GT
identities: 0 0.993 pmhc: 1.000 tcra: 0.991 tcrb: 0.982  TRAV21*01 TRAJ6*01 CAVRPTSGGSYIPTF TRBV6-5*01 TRBJ2-2*01 CASSYVGNTGELFF
identities: 1 0.990 pmhc: 0.995 tcra: 0.991 tcrb: 0.982  TRAV21*01 TRAJ6*01 CAVRPTSGGSYIPTF TRBV6-5*01 TRBJ2-2*01 CASSYVGNTGELFF
identities: 2 0.990 pmhc: 0.995 tcra: 0.991 tcrb: 0.982  TRAV21*01 TRAJ6*01 CAVRPTSGGSYIPTF TRBV6-5*01 TRBJ2-2*01 CASSYVGNTGELFF
identities: 3 0.985 pmhc: 0.995 tcra: 0.974 tcrb: 0.982  TRAV21*01 TRAJ6*01 CAVRPTSGGSYIPTF TRBV6-5*01 TRBJ2-2*01 CASSYVGNTGELFF
START 39 200 T00039_A0201_SLMMWITQC
mhc max_idents: 0.995 A*02:01 SLMMWITQC A*02:01 SLLMWITQC
GXGs? GRG GT
identities: 0 0.990 pmhc: 0.995 tcra: 0.991 tcrb: 0.982  TRAV21*01 TRAJ6*01 CAVRPTSGGSYIPTF TRBV6-5*01 TRBJ2-2*01 CASSYVGNTGELFF
identities: 1 0.990 pmhc: 0.995 tcra: 0.991 tcrb: 0.982  TRAV21*01 TRAJ6*01 CAVRPTSGGSYIPTF TRBV6-5*01 TRBJ2-2*01 CASSYVGNTGELFF
identities: 2 0.990 pmhc: 0.995 tcra: 0.991 tcrb: 0.982  TRAV21*01 TRAJ6*01 CAVRPTSGGSYIPTF TRBV6-5*01 TRBJ2-2*01 CASSYVGNTGELFF
identities: 3 0.985 pmhc: 0.995 tcra: 0.974 tcrb: 0.982  TRAV21*01 TRAJ6*01 CAVRPTSGGSYIPTF TRBV6-5*01 TRBJ2-2*01 CASSYVGNTGELFF
START 40 200 T00040_A0201_KILMWVTQC
mhc max_idents: 0.984 A*02:01 KILMWVTQC A*02:01 SLLMWITQC
GXGs? GRG GT
identities: 0 0.985 pmhc: 0.984 tcra: 0.991 tcrb: 0.982  TRAV21*01 TRAJ6*01 CAVRPTSGGSYIPTF TRBV6-5*01 TRBJ2-2*01 CASSYVGNTGELFF
identities: 1 0.985 pmhc: 0.984 tcra: 0.991 tcrb: 0.982  TRAV21*01 TRAJ6*01 CAVRPTSGGSYIPTF TRBV6-5*01 TRBJ2-2*01 CASSYVGNTGELFF
identities: 2 0.985 pmhc: 0.984 tcra: 0.991 tcrb: 0.982  TRAV21*01 TRAJ6*01 CAVRPTSGGSYIPTF TRBV6-5*01 TRBJ2-2*01 CASSYVGNTGELFF
identities: 3 0.981 pmhc: 0.984 tcra: 0.974 tcrb: 0.982  TRAV21*01 TRAJ6*01 CAVRPTSGGSYIPTF TRBV6-5*01 TRBJ2-2*01 CASSYVGNTGELFF
START 41 200 T00041_A0201_SLIMWVTQC
mhc max_idents: 0.989 A*02:01 SLIMWVTQC A*02:01 SLLMWITQC
GXGs? GRG GT
identities: 0 0.988 pmhc: 0.989 tcra: 0.991 tcrb: 0.982  TRAV21*01 TRAJ6*01 CAVRPTSGGSYIPTF TRBV6-5*01 TRBJ2-2*01 CASSYVGNTGELFF
identities: 1 0.988 pmhc: 0.989 tcra: 0.991 tcrb: 0.982  TRAV21*01 TRAJ6*01 CAVRPTSGGSYIPTF TRBV6-5*01 TRBJ2-2*01 CASSYVGNTGELFF
identities: 2 0.988 pmhc: 0.989 tcra: 0.991 tcrb: 0.982  TRAV21*01 TRAJ6*01 CAVRPTSGGSYIPTF TRBV6-5*01 TRBJ2-2*01 CASSYVGNTGELFF
identities: 3 0.983 pmhc: 0.989 tcra: 0.974 tcrb: 0.982  TRAV21*01 TRAJ6*01 CAVRPTSGGSYIPTF TRBV6-5*01 TRBJ2-2*01 CASSYVGNTGELFF
START 42 200 T00042_A0201_SLLLWITNV
mhc max_idents: 0.989 A*02:01 SLLLWITNV A*02:01 SLLMWITQV
GXGs? GRG GT
identities: 0 0.988 pmhc: 0.989 tcra: 0.991 tcrb: 0.982  TRAV21*01 TRAJ6*01 CAVRPTSGGSYIPTF TRBV6-5*01 TRBJ2-2*01 CASSYVGNTGELFF
identities: 1 0.988 pmhc: 0.989 tcra: 0.991 tcrb: 0.982  TRAV21*01 TRAJ6*01 CAVRPTSGGSYIPTF TRBV6-5*01 TRBJ2-2*01 CASSYVGNTGELFF
identities: 2 0.988 pmhc: 0.989 tcra: 0.991 tcrb: 0.982  TRAV21*01 TRAJ6*01 CAVRPTSGGSYIPTF TRBV6-5*01 TRBJ2-2*01 CASSYVGNTGELFF
identities: 3 0.983 pmhc: 0.989 tcra: 0.974 tcrb: 0.982  TRAV21*01 TRAJ6*01 CAVRPTSGGSYIPTF TRBV6-5*01 TRBJ2-2*01 CASSYVGNTGELFF
START 43 200 T00043_A0201_SLIMWITQC
mhc max_idents: 0.995 A*02:01 SLIMWITQC A*02:01 SLLMWITQC
GXGs? GRG GT
identities: 0 0.990 pmhc: 0.995 tcra: 0.991 tcrb: 0.982  TRAV21*01 TRAJ6*01 CAVRPTSGGSYIPTF TRBV6-5*01 TRBJ2-2*01 CASSYVGNTGELFF
identities: 1 0.990 pmhc: 0.995 tcra: 0.991 tcrb: 0.982  TRAV21*01 TRAJ6*01 CAVRPTSGGSYIPTF TRBV6-5*01 TRBJ2-2*01 CASSYVGNTGELFF
identities: 2 0.990 pmhc: 0.995 tcra: 0.991 tcrb: 0.982  TRAV21*01 TRAJ6*01 CAVRPTSGGSYIPTF TRBV6-5*01 TRBJ2-2*01 CASSYVGNTGELFF
identities: 3 0.985 pmhc: 0.995 tcra: 0.974 tcrb: 0.982  TRAV21*01 TRAJ6*01 CAVRPTSGGSYIPTF TRBV6-5*01 TRBJ2-2*01 CASSYVGNTGELFF
START 44 200 T00044_A0201_SLLMWINQC
mhc max_idents: 0.995 A*02:01 SLLMWINQC A*02:01 SLLMWITQC
GXGs? GRG GT
identities: 0 0.990 pmhc: 0.995 tcra: 0.991 tcrb: 0.982  TRAV21*01 TRAJ6*01 CAVRPTSGGSYIPTF TRBV6-5*01 TRBJ2-2*01 CASSYVGNTGELFF
identities: 1 0.990 pmhc: 0.995 tcra: 0.991 tcrb: 0.982  TRAV21*01 TRAJ6*01 CAVRPTSGGSYIPTF TRBV6-5*01 TRBJ2-2*01 CASSYVGNTGELFF
identities: 2 0.990 pmhc: 0.995 tcra: 0.991 tcrb: 0.982  TRAV21*01 TRAJ6*01 CAVRPTSGGSYIPTF TRBV6-5*01 TRBJ2-2*01 CASSYVGNTGELFF
identities: 3 0.985 pmhc: 0.995 tcra: 0.974 tcrb: 0.982  TRAV21*01 TRAJ6*01 CAVRPTSGGSYIPTF TRBV6-5*01 TRBJ2-2*01 CASSYVGNTGELFF
START 45 200 T00045_A0201_SLLMWLTQL
mhc max_idents: 0.995 A*02:01 SLLMWLTQL A*02:01 SLLMWITQL
GXGs? GRG GT
identities: 0 0.990 pmhc: 0.995 tcra: 0.991 tcrb: 0.982  TRAV21*01 TRAJ6*01 CAVRPTSGGSYIPTF TRBV6-5*01 TRBJ2-2*01 CASSYVGNTGELFF
identities: 1 0.988 pmhc: 0.989 tcra: 0.991 tcrb: 0.982  TRAV21*01 TRAJ6*01 CAVRPTSGGSYIPTF TRBV6-5*01 TRBJ2-2*01 CASSYVGNTGELFF
identities: 2 0.988 pmhc: 0.989 tcra: 0.991 tcrb: 0.982  TRAV21*01 TRAJ6*01 CAVRPTSGGSYIPTF TRBV6-5*01 TRBJ2-2*01 CASSYVGNTGELFF
identities: 3 0.983 pmhc: 0.989 tcra: 0.974 tcrb: 0.982  TRAV21*01 TRAJ6*01 CAVRPTSGGSYIPTF TRBV6-5*01 TRBJ2-2*01 CASSYVGNTGELFF
START 46 200 T00046_A0201_SFLMWITQI
mhc max_idents: 0.989 A*02:01 SFLMWITQI A*02:01 SLLMWITQV
GXGs? GRG GT
identities: 0 0.988 pmhc: 0.989 tcra: 0.991 tcrb: 0.982  TRAV21*01 TRAJ6*01 CAVRPTSGGSYIPTF TRBV6-5*01 TRBJ2-2*01 CASSYVGNTGELFF
identities: 1 0.988 pmhc: 0.989 tcra: 0.991 tcrb: 0.982  TRAV21*01 TRAJ6*01 CAVRPTSGGSYIPTF TRBV6-5*01 TRBJ2-2*01 CASSYVGNTGELFF
identities: 2 0.988 pmhc: 0.989 tcra: 0.991 tcrb: 0.982  TRAV21*01 TRAJ6*01 CAVRPTSGGSYIPTF TRBV6-5*01 TRBJ2-2*01 CASSYVGNTGELFF
identities: 3 0.983 pmhc: 0.989 tcra: 0.974 tcrb: 0.982  TRAV21*01 TRAJ6*01 CAVRPTSGGSYIPTF TRBV6-5*01 TRBJ2-2*01 CASSYVGNTGELFF
START 47 200 T00047_A0201_SLMMWLTQC
mhc max_idents: 0.989 A*02:01 SLMMWLTQC A*02:01 SLLMWITQC
GXGs? GRG GT
identities: 0 0.988 pmhc: 0.989 tcra: 0.991 tcrb: 0.982  TRAV21*01 TRAJ6*01 CAVRPTSGGSYIPTF TRBV6-5*01 TRBJ2-2*01 CASSYVGNTGELFF
identities: 1 0.988 pmhc: 0.989 tcra: 0.991 tcrb: 0.982  TRAV21*01 TRAJ6*01 CAVRPTSGGSYIPTF TRBV6-5*01 TRBJ2-2*01 CASSYVGNTGELFF
identities: 2 0.988 pmhc: 0.989 tcra: 0.991 tcrb: 0.982  TRAV21*01 TRAJ6*01 CAVRPTSGGSYIPTF TRBV6-5*01 TRBJ2-2*01 CASSYVGNTGELFF
identities: 3 0.983 pmhc: 0.989 tcra: 0.974 tcrb: 0.982  TRAV21*01 TRAJ6*01 CAVRPTSGGSYIPTF TRBV6-5*01 TRBJ2-2*01 CASSYVGNTGELFF
START 48 200 T00048_A0201_SFMMWVTQC
mhc max_idents: 0.984 A*02:01 SFMMWVTQC A*02:01 SLLMWITQC
GXGs? GRG GT
identities: 0 0.985 pmhc: 0.984 tcra: 0.991 tcrb: 0.982  TRAV21*01 TRAJ6*01 CAVRPTSGGSYIPTF TRBV6-5*01 TRBJ2-2*01 CASSYVGNTGELFF
identities: 1 0.985 pmhc: 0.984 tcra: 0.991 tcrb: 0.982  TRAV21*01 TRAJ6*01 CAVRPTSGGSYIPTF TRBV6-5*01 TRBJ2-2*01 CASSYVGNTGELFF
identities: 2 0.985 pmhc: 0.984 tcra: 0.991 tcrb: 0.982  TRAV21*01 TRAJ6*01 CAVRPTSGGSYIPTF TRBV6-5*01 TRBJ2-2*01 CASSYVGNTGELFF
identities: 3 0.981 pmhc: 0.984 tcra: 0.974 tcrb: 0.982  TRAV21*01 TRAJ6*01 CAVRPTSGGSYIPTF TRBV6-5*01 TRBJ2-2*01 CASSYVGNTGELFF
START 49 200 T00049_A0201_SALMWITQV
mhc max_idents: 0.995 A*02:01 SALMWITQV A*02:01 SLLMWITQV
GXGs? GRG GT
identities: 0 0.990 pmhc: 0.995 tcra: 0.991 tcrb: 0.982  TRAV21*01 TRAJ6*01 CAVRPTSGGSYIPTF TRBV6-5*01 TRBJ2-2*01 CASSYVGNTGELFF
identities: 1 0.990 pmhc: 0.995 tcra: 0.991 tcrb: 0.982  TRAV21*01 TRAJ6*01 CAVRPTSGGSYIPTF TRBV6-5*01 TRBJ2-2*01 CASSYVGNTGELFF
identities: 2 0.990 pmhc: 0.995 tcra: 0.991 tcrb: 0.982  TRAV21*01 TRAJ6*01 CAVRPTSGGSYIPTF TRBV6-5*01 TRBJ2-2*01 CASSYVGNTGELFF
identities: 3 0.985 pmhc: 0.995 tcra: 0.974 tcrb: 0.982  TRAV21*01 TRAJ6*01 CAVRPTSGGSYIPTF TRBV6-5*01 TRBJ2-2*01 CASSYVGNTGELFF
START 50 200 T00050_A0201_SILMWVTQC
mhc max_idents: 0.989 A*02:01 SILMWVTQC A*02:01 SLLMWITQC
GXGs? GRG GT
identities: 0 0.988 pmhc: 0.989 tcra: 0.991 tcrb: 0.982  TRAV21*01 TRAJ6*01 CAVRPTSGGSYIPTF TRBV6-5*01 TRBJ2-2*01 CASSYVGNTGELFF
identities: 1 0.988 pmhc: 0.989 tcra: 0.991 tcrb: 0.982  TRAV21*01 TRAJ6*01 CAVRPTSGGSYIPTF TRBV6-5*01 TRBJ2-2*01 CASSYVGNTGELFF
identities: 2 0.988 pmhc: 0.989 tcra: 0.991 tcrb: 0.982  TRAV21*01 TRAJ6*01 CAVRPTSGGSYIPTF TRBV6-5*01 TRBJ2-2*01 CASSYVGNTGELFF
identities: 3 0.983 pmhc: 0.989 tcra: 0.974 tcrb: 0.982  TRAV21*01 TRAJ6*01 CAVRPTSGGSYIPTF TRBV6-5*01 TRBJ2-2*01 CASSYVGNTGELFF
START 51 200 T00051_A0201_SILKWLTQV
mhc max_idents: 0.984 A*02:01 SILKWLTQV A*02:01 SLLMWITQV
GXGs? GRG GT
identities: 0 0.985 pmhc: 0.984 tcra: 0.991 tcrb: 0.982  TRAV21*01 TRAJ6*01 CAVRPTSGGSYIPTF TRBV6-5*01 TRBJ2-2*01 CASSYVGNTGELFF
identities: 1 0.985 pmhc: 0.984 tcra: 0.991 tcrb: 0.982  TRAV21*01 TRAJ6*01 CAVRPTSGGSYIPTF TRBV6-5*01 TRBJ2-2*01 CASSYVGNTGELFF
identities: 2 0.985 pmhc: 0.984 tcra: 0.991 tcrb: 0.982  TRAV21*01 TRAJ6*01 CAVRPTSGGSYIPTF TRBV6-5*01 TRBJ2-2*01 CASSYVGNTGELFF
identities: 3 0.981 pmhc: 0.984 tcra: 0.974 tcrb: 0.982  TRAV21*01 TRAJ6*01 CAVRPTSGGSYIPTF TRBV6-5*01 TRBJ2-2*01 CASSYVGNTGELFF
START 52 200 T00052_A0201_SLLIWHTQC
mhc max_idents: 0.989 A*02:01 SLLIWHTQC A*02:01 SLLMWITQC
GXGs? GRG GT
identities: 0 0.988 pmhc: 0.989 tcra: 0.991 tcrb: 0.982  TRAV21*01 TRAJ6*01 CAVRPTSGGSYIPTF TRBV6-5*01 TRBJ2-2*01 CASSYVGNTGELFF
identities: 1 0.988 pmhc: 0.989 tcra: 0.991 tcrb: 0.982  TRAV21*01 TRAJ6*01 CAVRPTSGGSYIPTF TRBV6-5*01 TRBJ2-2*01 CASSYVGNTGELFF
identities: 2 0.988 pmhc: 0.989 tcra: 0.991 tcrb: 0.982  TRAV21*01 TRAJ6*01 CAVRPTSGGSYIPTF TRBV6-5*01 TRBJ2-2*01 CASSYVGNTGELFF
identities: 3 0.983 pmhc: 0.989 tcra: 0.974 tcrb: 0.982  TRAV21*01 TRAJ6*01 CAVRPTSGGSYIPTF TRBV6-5*01 TRBJ2-2*01 CASSYVGNTGELFF
START 53 200 T00053_A0201_SLLMWMTQC
mhc max_idents: 0.995 A*02:01 SLLMWMTQC A*02:01 SLLMWITQC
GXGs? GRG GT
identities: 0 0.990 pmhc: 0.995 tcra: 0.991 tcrb: 0.982  TRAV21*01 TRAJ6*01 CAVRPTSGGSYIPTF TRBV6-5*01 TRBJ2-2*01 CASSYVGNTGELFF
identities: 1 0.990 pmhc: 0.995 tcra: 0.991 tcrb: 0.982  TRAV21*01 TRAJ6*01 CAVRPTSGGSYIPTF TRBV6-5*01 TRBJ2-2*01 CASSYVGNTGELFF
identities: 2 0.990 pmhc: 0.995 tcra: 0.991 tcrb: 0.982  TRAV21*01 TRAJ6*01 CAVRPTSGGSYIPTF TRBV6-5*01 TRBJ2-2*01 CASSYVGNTGELFF
identities: 3 0.985 pmhc: 0.995 tcra: 0.974 tcrb: 0.982  TRAV21*01 TRAJ6*01 CAVRPTSGGSYIPTF TRBV6-5*01 TRBJ2-2*01 CASSYVGNTGELFF
START 54 200 T00054_A0201_SLLVWITQI
mhc max_idents: 0.989 A*02:01 SLLVWITQI A*02:01 SLLMWITQV
GXGs? GRG GT
identities: 0 0.988 pmhc: 0.989 tcra: 0.991 tcrb: 0.982  TRAV21*01 TRAJ6*01 CAVRPTSGGSYIPTF TRBV6-5*01 TRBJ2-2*01 CASSYVGNTGELFF
identities: 1 0.988 pmhc: 0.989 tcra: 0.991 tcrb: 0.982  TRAV21*01 TRAJ6*01 CAVRPTSGGSYIPTF TRBV6-5*01 TRBJ2-2*01 CASSYVGNTGELFF
identities: 2 0.988 pmhc: 0.989 tcra: 0.991 tcrb: 0.982  TRAV21*01 TRAJ6*01 CAVRPTSGGSYIPTF TRBV6-5*01 TRBJ2-2*01 CASSYVGNTGELFF
identities: 3 0.983 pmhc: 0.989 tcra: 0.974 tcrb: 0.982  TRAV21*01 TRAJ6*01 CAVRPTSGGSYIPTF TRBV6-5*01 TRBJ2-2*01 CASSYVGNTGELFF
START 55 200 T00055_A0201_SIMMWITQC
mhc max_idents: 0.989 A*02:01 SIMMWITQC A*02:01 SLLMWITQC
GXGs? GRG GT
identities: 0 0.988 pmhc: 0.989 tcra: 0.991 tcrb: 0.982  TRAV21*01 TRAJ6*01 CAVRPTSGGSYIPTF TRBV6-5*01 TRBJ2-2*01 CASSYVGNTGELFF
identities: 1 0.988 pmhc: 0.989 tcra: 0.991 tcrb: 0.982  TRAV21*01 TRAJ6*01 CAVRPTSGGSYIPTF TRBV6-5*01 TRBJ2-2*01 CASSYVGNTGELFF
identities: 2 0.988 pmhc: 0.989 tcra: 0.991 tcrb: 0.982  TRAV21*01 TRAJ6*01 CAVRPTSGGSYIPTF TRBV6-5*01 TRBJ2-2*01 CASSYVGNTGELFF
identities: 3 0.983 pmhc: 0.989 tcra: 0.974 tcrb: 0.982  TRAV21*01 TRAJ6*01 CAVRPTSGGSYIPTF TRBV6-5*01 TRBJ2-2*01 CASSYVGNTGELFF
START 56 200 T00056_A0201_SILMWITQV
mhc max_idents: 0.995 A*02:01 SILMWITQV A*02:01 SLLMWITQV
GXGs? GRG GT
identities: 0 0.990 pmhc: 0.995 tcra: 0.991 tcrb: 0.982  TRAV21*01 TRAJ6*01 CAVRPTSGGSYIPTF TRBV6-5*01 TRBJ2-2*01 CASSYVGNTGELFF
identities: 1 0.990 pmhc: 0.995 tcra: 0.991 tcrb: 0.982  TRAV21*01 TRAJ6*01 CAVRPTSGGSYIPTF TRBV6-5*01 TRBJ2-2*01 CASSYVGNTGELFF
identities: 2 0.990 pmhc: 0.995 tcra: 0.991 tcrb: 0.982  TRAV21*01 TRAJ6*01 CAVRPTSGGSYIPTF TRBV6-5*01 TRBJ2-2*01 CASSYVGNTGELFF
identities: 3 0.985 pmhc: 0.995 tcra: 0.974 tcrb: 0.982  TRAV21*01 TRAJ6*01 CAVRPTSGGSYIPTF TRBV6-5*01 TRBJ2-2*01 CASSYVGNTGELFF
START 57 200 T00057_A0201_NILMWVTQC
mhc max_idents: 0.984 A*02:01 NILMWVTQC A*02:01 SLLMWITQC
GXGs? GRG GT
identities: 0 0.985 pmhc: 0.984 tcra: 0.991 tcrb: 0.982  TRAV21*01 TRAJ6*01 CAVRPTSGGSYIPTF TRBV6-5*01 TRBJ2-2*01 CASSYVGNTGELFF
identities: 1 0.985 pmhc: 0.984 tcra: 0.991 tcrb: 0.982  TRAV21*01 TRAJ6*01 CAVRPTSGGSYIPTF TRBV6-5*01 TRBJ2-2*01 CASSYVGNTGELFF
identities: 2 0.985 pmhc: 0.984 tcra: 0.991 tcrb: 0.982  TRAV21*01 TRAJ6*01 CAVRPTSGGSYIPTF TRBV6-5*01 TRBJ2-2*01 CASSYVGNTGELFF
identities: 3 0.981 pmhc: 0.984 tcra: 0.974 tcrb: 0.982  TRAV21*01 TRAJ6*01 CAVRPTSGGSYIPTF TRBV6-5*01 TRBJ2-2*01 CASSYVGNTGELFF
START 58 200 T00058_A0201_SYLMWITQC
mhc max_idents: 0.995 A*02:01 SYLMWITQC A*02:01 SLLMWITQC
GXGs? GRG GT
identities: 0 0.990 pmhc: 0.995 tcra: 0.991 tcrb: 0.982  TRAV21*01 TRAJ6*01 CAVRPTSGGSYIPTF TRBV6-5*01 TRBJ2-2*01 CASSYVGNTGELFF
identities: 1 0.990 pmhc: 0.995 tcra: 0.991 tcrb: 0.982  TRAV21*01 TRAJ6*01 CAVRPTSGGSYIPTF TRBV6-5*01 TRBJ2-2*01 CASSYVGNTGELFF
identities: 2 0.990 pmhc: 0.995 tcra: 0.991 tcrb: 0.982  TRAV21*01 TRAJ6*01 CAVRPTSGGSYIPTF TRBV6-5*01 TRBJ2-2*01 CASSYVGNTGELFF
identities: 3 0.985 pmhc: 0.995 tcra: 0.974 tcrb: 0.982  TRAV21*01 TRAJ6*01 CAVRPTSGGSYIPTF TRBV6-5*01 TRBJ2-2*01 CASSYVGNTGELFF
START 59 200 T00059_A0201_TLVMWITQV
mhc max_idents: 0.989 A*02:01 TLVMWITQV A*02:01 SLLMWITQV
GXGs? GRG GT
identities: 0 0.988 pmhc: 0.989 tcra: 0.991 tcrb: 0.982  TRAV21*01 TRAJ6*01 CAVRPTSGGSYIPTF TRBV6-5*01 TRBJ2-2*01 CASSYVGNTGELFF
identities: 1 0.988 pmhc: 0.989 tcra: 0.991 tcrb: 0.982  TRAV21*01 TRAJ6*01 CAVRPTSGGSYIPTF TRBV6-5*01 TRBJ2-2*01 CASSYVGNTGELFF
identities: 2 0.988 pmhc: 0.989 tcra: 0.991 tcrb: 0.982  TRAV21*01 TRAJ6*01 CAVRPTSGGSYIPTF TRBV6-5*01 TRBJ2-2*01 CASSYVGNTGELFF
identities: 3 0.983 pmhc: 0.989 tcra: 0.974 tcrb: 0.982  TRAV21*01 TRAJ6*01 CAVRPTSGGSYIPTF TRBV6-5*01 TRBJ2-2*01 CASSYVGNTGELFF
START 60 200 T00060_A0201_ACLMWITQV
mhc max_idents: 0.989 A*02:01 ACLMWITQV A*02:01 SLLMWITQV
GXGs? GRG GT
identities: 0 0.988 pmhc: 0.989 tcra: 0.991 tcrb: 0.982  TRAV21*01 TRAJ6*01 CAVRPTSGGSYIPTF TRBV6-5*01 TRBJ2-2*01 CASSYVGNTGELFF
identities: 1 0.988 pmhc: 0.989 tcra: 0.991 tcrb: 0.982  TRAV21*01 TRAJ6*01 CAVRPTSGGSYIPTF TRBV6-5*01 TRBJ2-2*01 CASSYVGNTGELFF
identities: 2 0.988 pmhc: 0.989 tcra: 0.991 tcrb: 0.982  TRAV21*01 TRAJ6*01 CAVRPTSGGSYIPTF TRBV6-5*01 TRBJ2-2*01 CASSYVGNTGELFF
identities: 3 0.983 pmhc: 0.989 tcra: 0.974 tcrb: 0.982  TRAV21*01 TRAJ6*01 CAVRPTSGGSYIPTF TRBV6-5*01 TRBJ2-2*01 CASSYVGNTGELFF
START 61 200 T00061_A0201_SLIMWLTQY
mhc max_idents: 0.984 A*02:01 SLIMWLTQY A*02:01 SLLMWITQV
GXGs? GRG GT
identities: 0 0.985 pmhc: 0.984 tcra: 0.991 tcrb: 0.982  TRAV21*01 TRAJ6*01 CAVRPTSGGSYIPTF TRBV6-5*01 TRBJ2-2*01 CASSYVGNTGELFF
identities: 1 0.985 pmhc: 0.984 tcra: 0.991 tcrb: 0.982  TRAV21*01 TRAJ6*01 CAVRPTSGGSYIPTF TRBV6-5*01 TRBJ2-2*01 CASSYVGNTGELFF
identities: 2 0.985 pmhc: 0.984 tcra: 0.991 tcrb: 0.982  TRAV21*01 TRAJ6*01 CAVRPTSGGSYIPTF TRBV6-5*01 TRBJ2-2*01 CASSYVGNTGELFF
identities: 3 0.981 pmhc: 0.984 tcra: 0.974 tcrb: 0.982  TRAV21*01 TRAJ6*01 CAVRPTSGGSYIPTF TRBV6-5*01 TRBJ2-2*01 CASSYVGNTGELFF
START 62 200 T00062_A0201_SLVMWLTQV
mhc max_idents: 0.989 A*02:01 SLVMWLTQV A*02:01 SLLMWITQV
GXGs? GRG GT
identities: 0 0.988 pmhc: 0.989 tcra: 0.991 tcrb: 0.982  TRAV21*01 TRAJ6*01 CAVRPTSGGSYIPTF TRBV6-5*01 TRBJ2-2*01 CASSYVGNTGELFF
identities: 1 0.988 pmhc: 0.989 tcra: 0.991 tcrb: 0.982  TRAV21*01 TRAJ6*01 CAVRPTSGGSYIPTF TRBV6-5*01 TRBJ2-2*01 CASSYVGNTGELFF
identities: 2 0.988 pmhc: 0.989 tcra: 0.991 tcrb: 0.982  TRAV21*01 TRAJ6*01 CAVRPTSGGSYIPTF TRBV6-5*01 TRBJ2-2*01 CASSYVGNTGELFF
identities: 3 0.983 pmhc: 0.989 tcra: 0.974 tcrb: 0.982  TRAV21*01 TRAJ6*01 CAVRPTSGGSYIPTF TRBV6-5*01 TRBJ2-2*01 CASSYVGNTGELFF
START 63 200 T00063_A0201_WLLMWMTQI
mhc max_idents: 0.984 A*02:01 WLLMWMTQI A*02:01 SLLMWITQV
GXGs? GRG GT
identities: 0 0.985 pmhc: 0.984 tcra: 0.991 tcrb: 0.982  TRAV21*01 TRAJ6*01 CAVRPTSGGSYIPTF TRBV6-5*01 TRBJ2-2*01 CASSYVGNTGELFF
identities: 1 0.985 pmhc: 0.984 tcra: 0.991 tcrb: 0.982  TRAV21*01 TRAJ6*01 CAVRPTSGGSYIPTF TRBV6-5*01 TRBJ2-2*01 CASSYVGNTGELFF
identities: 2 0.985 pmhc: 0.984 tcra: 0.991 tcrb: 0.982  TRAV21*01 TRAJ6*01 CAVRPTSGGSYIPTF TRBV6-5*01 TRBJ2-2*01 CASSYVGNTGELFF
identities: 3 0.981 pmhc: 0.984 tcra: 0.974 tcrb: 0.982  TRAV21*01 TRAJ6*01 CAVRPTSGGSYIPTF TRBV6-5*01 TRBJ2-2*01 CASSYVGNTGELFF
START 64 200 T00064_A0201_SVIMWITQV
mhc max_idents: 0.989 A*02:01 SVIMWITQV A*02:01 SLLMWITQV
GXGs? GRG GT
identities: 0 0.988 pmhc: 0.989 tcra: 0.991 tcrb: 0.982  TRAV21*01 TRAJ6*01 CAVRPTSGGSYIPTF TRBV6-5*01 TRBJ2-2*01 CASSYVGNTGELFF
identities: 1 0.988 pmhc: 0.989 tcra: 0.991 tcrb: 0.982  TRAV21*01 TRAJ6*01 CAVRPTSGGSYIPTF TRBV6-5*01 TRBJ2-2*01 CASSYVGNTGELFF
identities: 2 0.988 pmhc: 0.989 tcra: 0.991 tcrb: 0.982  TRAV21*01 TRAJ6*01 CAVRPTSGGSYIPTF TRBV6-5*01 TRBJ2-2*01 CASSYVGNTGELFF
identities: 3 0.983 pmhc: 0.989 tcra: 0.974 tcrb: 0.982  TRAV21*01 TRAJ6*01 CAVRPTSGGSYIPTF TRBV6-5*01 TRBJ2-2*01 CASSYVGNTGELFF
START 65 200 T00065_A0201_SLLMWATQV
mhc max_idents: 0.995 A*02:01 SLLMWATQV A*02:01 SLLMWITQV
GXGs? GRG GT
identities: 0 0.990 pmhc: 0.995 tcra: 0.991 tcrb: 0.982  TRAV21*01 TRAJ6*01 CAVRPTSGGSYIPTF TRBV6-5*01 TRBJ2-2*01 CASSYVGNTGELFF
identities: 1 0.990 pmhc: 0.995 tcra: 0.991 tcrb: 0.982  TRAV21*01 TRAJ6*01 CAVRPTSGGSYIPTF TRBV6-5*01 TRBJ2-2*01 CASSYVGNTGELFF
identities: 2 0.990 pmhc: 0.995 tcra: 0.991 tcrb: 0.982  TRAV21*01 TRAJ6*01 CAVRPTSGGSYIPTF TRBV6-5*01 TRBJ2-2*01 CASSYVGNTGELFF
identities: 3 0.985 pmhc: 0.995 tcra: 0.974 tcrb: 0.982  TRAV21*01 TRAJ6*01 CAVRPTSGGSYIPTF TRBV6-5*01 TRBJ2-2*01 CASSYVGNTGELFF
START 66 200 T00066_A0201_SMLMWMTQC
mhc max_idents: 0.989 A*02:01 SMLMWMTQC A*02:01 SLLMWITQC
GXGs? GRG GT
identities: 0 0.988 pmhc: 0.989 tcra: 0.991 tcrb: 0.982  TRAV21*01 TRAJ6*01 CAVRPTSGGSYIPTF TRBV6-5*01 TRBJ2-2*01 CASSYVGNTGELFF
identities: 1 0.988 pmhc: 0.989 tcra: 0.991 tcrb: 0.982  TRAV21*01 TRAJ6*01 CAVRPTSGGSYIPTF TRBV6-5*01 TRBJ2-2*01 CASSYVGNTGELFF
identities: 2 0.988 pmhc: 0.989 tcra: 0.991 tcrb: 0.982  TRAV21*01 TRAJ6*01 CAVRPTSGGSYIPTF TRBV6-5*01 TRBJ2-2*01 CASSYVGNTGELFF
identities: 3 0.983 pmhc: 0.989 tcra: 0.974 tcrb: 0.982  TRAV21*01 TRAJ6*01 CAVRPTSGGSYIPTF TRBV6-5*01 TRBJ2-2*01 CASSYVGNTGELFF
START 67 200 T00067_A0201_SMIMWITQC
mhc max_idents: 0.989 A*02:01 SMIMWITQC A*02:01 SLLMWITQC
GXGs? GRG GT
identities: 0 0.988 pmhc: 0.989 tcra: 0.991 tcrb: 0.982  TRAV21*01 TRAJ6*01 CAVRPTSGGSYIPTF TRBV6-5*01 TRBJ2-2*01 CASSYVGNTGELFF
identities: 1 0.988 pmhc: 0.989 tcra: 0.991 tcrb: 0.982  TRAV21*01 TRAJ6*01 CAVRPTSGGSYIPTF TRBV6-5*01 TRBJ2-2*01 CASSYVGNTGELFF
identities: 2 0.988 pmhc: 0.989 tcra: 0.991 tcrb: 0.982  TRAV21*01 TRAJ6*01 CAVRPTSGGSYIPTF TRBV6-5*01 TRBJ2-2*01 CASSYVGNTGELFF
identities: 3 0.983 pmhc: 0.989 tcra: 0.974 tcrb: 0.982  TRAV21*01 TRAJ6*01 CAVRPTSGGSYIPTF TRBV6-5*01 TRBJ2-2*01 CASSYVGNTGELFF
START 68 200 T00068_A0201_QLLMWITQC
mhc max_idents: 0.995 A*02:01 QLLMWITQC A*02:01 SLLMWITQC
GXGs? GRG GT
identities: 0 0.990 pmhc: 0.995 tcra: 0.991 tcrb: 0.982  TRAV21*01 TRAJ6*01 CAVRPTSGGSYIPTF TRBV6-5*01 TRBJ2-2*01 CASSYVGNTGELFF
identities: 1 0.990 pmhc: 0.995 tcra: 0.991 tcrb: 0.982  TRAV21*01 TRAJ6*01 CAVRPTSGGSYIPTF TRBV6-5*01 TRBJ2-2*01 CASSYVGNTGELFF
identities: 2 0.990 pmhc: 0.995 tcra: 0.991 tcrb: 0.982  TRAV21*01 TRAJ6*01 CAVRPTSGGSYIPTF TRBV6-5*01 TRBJ2-2*01 CASSYVGNTGELFF
identities: 3 0.985 pmhc: 0.995 tcra: 0.974 tcrb: 0.982  TRAV21*01 TRAJ6*01 CAVRPTSGGSYIPTF TRBV6-5*01 TRBJ2-2*01 CASSYVGNTGELFF
START 69 200 T00069_A0201_GYLMWMTQC
mhc max_idents: 0.984 A*02:01 GYLMWMTQC A*02:01 SLLMWITQC
GXGs? GRG GT
identities: 0 0.985 pmhc: 0.984 tcra: 0.991 tcrb: 0.982  TRAV21*01 TRAJ6*01 CAVRPTSGGSYIPTF TRBV6-5*01 TRBJ2-2*01 CASSYVGNTGELFF
identities: 1 0.985 pmhc: 0.984 tcra: 0.991 tcrb: 0.982  TRAV21*01 TRAJ6*01 CAVRPTSGGSYIPTF TRBV6-5*01 TRBJ2-2*01 CASSYVGNTGELFF
identities: 2 0.985 pmhc: 0.984 tcra: 0.991 tcrb: 0.982  TRAV21*01 TRAJ6*01 CAVRPTSGGSYIPTF TRBV6-5*01 TRBJ2-2*01 CASSYVGNTGELFF
identities: 3 0.981 pmhc: 0.984 tcra: 0.974 tcrb: 0.982  TRAV21*01 TRAJ6*01 CAVRPTSGGSYIPTF TRBV6-5*01 TRBJ2-2*01 CASSYVGNTGELFF
START 70 200 T00070_A0201_MMLLWITQV
mhc max_idents: 0.984 A*02:01 MMLLWITQV A*02:01 SLLMWITQV
GXGs? GRG GT
identities: 0 0.985 pmhc: 0.984 tcra: 0.991 tcrb: 0.982  TRAV21*01 TRAJ6*01 CAVRPTSGGSYIPTF TRBV6-5*01 TRBJ2-2*01 CASSYVGNTGELFF
identities: 1 0.985 pmhc: 0.984 tcra: 0.991 tcrb: 0.982  TRAV21*01 TRAJ6*01 CAVRPTSGGSYIPTF TRBV6-5*01 TRBJ2-2*01 CASSYVGNTGELFF
identities: 2 0.985 pmhc: 0.984 tcra: 0.991 tcrb: 0.982  TRAV21*01 TRAJ6*01 CAVRPTSGGSYIPTF TRBV6-5*01 TRBJ2-2*01 CASSYVGNTGELFF
identities: 3 0.981 pmhc: 0.984 tcra: 0.974 tcrb: 0.982  TRAV21*01 TRAJ6*01 CAVRPTSGGSYIPTF TRBV6-5*01 TRBJ2-2*01 CASSYVGNTGELFF
START 71 200 T00071_A0201_SLMMWITPV
mhc max_idents: 0.989 A*02:01 SLMMWITPV A*02:01 SLLMWITQV
GXGs? GRG GT
identities: 0 0.988 pmhc: 0.989 tcra: 0.991 tcrb: 0.982  TRAV21*01 TRAJ6*01 CAVRPTSGGSYIPTF TRBV6-5*01 TRBJ2-2*01 CASSYVGNTGELFF
identities: 1 0.988 pmhc: 0.989 tcra: 0.991 tcrb: 0.982  TRAV21*01 TRAJ6*01 CAVRPTSGGSYIPTF TRBV6-5*01 TRBJ2-2*01 CASSYVGNTGELFF
identities: 2 0.988 pmhc: 0.989 tcra: 0.991 tcrb: 0.982  TRAV21*01 TRAJ6*01 CAVRPTSGGSYIPTF TRBV6-5*01 TRBJ2-2*01 CASSYVGNTGELFF
identities: 3 0.983 pmhc: 0.989 tcra: 0.974 tcrb: 0.982  TRAV21*01 TRAJ6*01 CAVRPTSGGSYIPTF TRBV6-5*01 TRBJ2-2*01 CASSYVGNTGELFF
START 72 200 T00072_A0201_SLIMWLSKV
mhc max_idents: 0.978 A*02:01 SLIMWLSKV A*02:01 SLLMWITQV
GXGs? GRG GT
identities: 0 0.983 pmhc: 0.978 tcra: 0.991 tcrb: 0.982  TRAV21*01 TRAJ6*01 CAVRPTSGGSYIPTF TRBV6-5*01 TRBJ2-2*01 CASSYVGNTGELFF
identities: 1 0.983 pmhc: 0.978 tcra: 0.991 tcrb: 0.982  TRAV21*01 TRAJ6*01 CAVRPTSGGSYIPTF TRBV6-5*01 TRBJ2-2*01 CASSYVGNTGELFF
identities: 2 0.983 pmhc: 0.978 tcra: 0.991 tcrb: 0.982  TRAV21*01 TRAJ6*01 CAVRPTSGGSYIPTF TRBV6-5*01 TRBJ2-2*01 CASSYVGNTGELFF
identities: 3 0.978 pmhc: 0.978 tcra: 0.974 tcrb: 0.982  TRAV21*01 TRAJ6*01 CAVRPTSGGSYIPTF TRBV6-5*01 TRBJ2-2*01 CASSYVGNTGELFF
START 73 200 T00073_A0201_SSLMWVTEV
mhc max_idents: 0.984 A*02:01 SSLMWVTEV A*02:01 SLLMWITQV
GXGs? GRG GT
identities: 0 0.985 pmhc: 0.984 tcra: 0.991 tcrb: 0.982  TRAV21*01 TRAJ6*01 CAVRPTSGGSYIPTF TRBV6-5*01 TRBJ2-2*01 CASSYVGNTGELFF
identities: 1 0.985 pmhc: 0.984 tcra: 0.991 tcrb: 0.982  TRAV21*01 TRAJ6*01 CAVRPTSGGSYIPTF TRBV6-5*01 TRBJ2-2*01 CASSYVGNTGELFF
identities: 2 0.985 pmhc: 0.984 tcra: 0.991 tcrb: 0.982  TRAV21*01 TRAJ6*01 CAVRPTSGGSYIPTF TRBV6-5*01 TRBJ2-2*01 CASSYVGNTGELFF
identities: 3 0.981 pmhc: 0.984 tcra: 0.974 tcrb: 0.982  TRAV21*01 TRAJ6*01 CAVRPTSGGSYIPTF TRBV6-5*01 TRBJ2-2*01 CASSYVGNTGELFF
START 74 200 T00074_A0201_SILLWVTQV
mhc max_idents: 0.984 A*02:01 SILLWVTQV A*02:01 SLLMWITQV
GXGs? GRG GT
identities: 0 0.985 pmhc: 0.984 tcra: 0.991 tcrb: 0.982  TRAV21*01 TRAJ6*01 CAVRPTSGGSYIPTF TRBV6-5*01 TRBJ2-2*01 CASSYVGNTGELFF
identities: 1 0.985 pmhc: 0.984 tcra: 0.991 tcrb: 0.982  TRAV21*01 TRAJ6*01 CAVRPTSGGSYIPTF TRBV6-5*01 TRBJ2-2*01 CASSYVGNTGELFF
identities: 2 0.985 pmhc: 0.984 tcra: 0.991 tcrb: 0.982  TRAV21*01 TRAJ6*01 CAVRPTSGGSYIPTF TRBV6-5*01 TRBJ2-2*01 CASSYVGNTGELFF
identities: 3 0.981 pmhc: 0.984 tcra: 0.974 tcrb: 0.982  TRAV21*01 TRAJ6*01 CAVRPTSGGSYIPTF TRBV6-5*01 TRBJ2-2*01 CASSYVGNTGELFF
START 75 200 T00075_A0201_SLLMWITQT
mhc max_idents: 0.995 A*02:01 SLLMWITQT A*02:01 SLLMWITQV
GXGs? GRG GT
identities: 0 0.990 pmhc: 0.995 tcra: 0.991 tcrb: 0.982  TRAV21*01 TRAJ6*01 CAVRPTSGGSYIPTF TRBV6-5*01 TRBJ2-2*01 CASSYVGNTGELFF
identities: 1 0.990 pmhc: 0.995 tcra: 0.991 tcrb: 0.982  TRAV21*01 TRAJ6*01 CAVRPTSGGSYIPTF TRBV6-5*01 TRBJ2-2*01 CASSYVGNTGELFF
identities: 2 0.990 pmhc: 0.995 tcra: 0.991 tcrb: 0.982  TRAV21*01 TRAJ6*01 CAVRPTSGGSYIPTF TRBV6-5*01 TRBJ2-2*01 CASSYVGNTGELFF
identities: 3 0.985 pmhc: 0.995 tcra: 0.974 tcrb: 0.982  TRAV21*01 TRAJ6*01 CAVRPTSGGSYIPTF TRBV6-5*01 TRBJ2-2*01 CASSYVGNTGELFF
START 76 200 T00076_A0201_QMMMWITQI
mhc max_idents: 0.978 A*02:01 QMMMWITQI A*02:01 SLLMWITQV
GXGs? GRG GT
identities: 0 0.983 pmhc: 0.978 tcra: 0.991 tcrb: 0.982  TRAV21*01 TRAJ6*01 CAVRPTSGGSYIPTF TRBV6-5*01 TRBJ2-2*01 CASSYVGNTGELFF
identities: 1 0.983 pmhc: 0.978 tcra: 0.991 tcrb: 0.982  TRAV21*01 TRAJ6*01 CAVRPTSGGSYIPTF TRBV6-5*01 TRBJ2-2*01 CASSYVGNTGELFF
identities: 2 0.983 pmhc: 0.978 tcra: 0.991 tcrb: 0.982  TRAV21*01 TRAJ6*01 CAVRPTSGGSYIPTF TRBV6-5*01 TRBJ2-2*01 CASSYVGNTGELFF
identities: 3 0.978 pmhc: 0.978 tcra: 0.974 tcrb: 0.982  TRAV21*01 TRAJ6*01 CAVRPTSGGSYIPTF TRBV6-5*01 TRBJ2-2*01 CASSYVGNTGELFF
START 77 200 T00077_A0201_SLVMWITQC
mhc max_idents: 0.995 A*02:01 SLVMWITQC A*02:01 SLLMWITQC
GXGs? GRG GT
identities: 0 0.990 pmhc: 0.995 tcra: 0.991 tcrb: 0.982  TRAV21*01 TRAJ6*01 CAVRPTSGGSYIPTF TRBV6-5*01 TRBJ2-2*01 CASSYVGNTGELFF
identities: 1 0.990 pmhc: 0.995 tcra: 0.991 tcrb: 0.982  TRAV21*01 TRAJ6*01 CAVRPTSGGSYIPTF TRBV6-5*01 TRBJ2-2*01 CASSYVGNTGELFF
identities: 2 0.990 pmhc: 0.995 tcra: 0.991 tcrb: 0.982  TRAV21*01 TRAJ6*01 CAVRPTSGGSYIPTF TRBV6-5*01 TRBJ2-2*01 CASSYVGNTGELFF
identities: 3 0.985 pmhc: 0.995 tcra: 0.974 tcrb: 0.982  TRAV21*01 TRAJ6*01 CAVRPTSGGSYIPTF TRBV6-5*01 TRBJ2-2*01 CASSYVGNTGELFF
START 78 200 T00078_A0201_SLIVWVTQC
mhc max_idents: 0.984 A*02:01 SLIVWVTQC A*02:01 SLLMWITQC
GXGs? GRG GT
identities: 0 0.985 pmhc: 0.984 tcra: 0.991 tcrb: 0.982  TRAV21*01 TRAJ6*01 CAVRPTSGGSYIPTF TRBV6-5*01 TRBJ2-2*01 CASSYVGNTGELFF
identities: 1 0.985 pmhc: 0.984 tcra: 0.991 tcrb: 0.982  TRAV21*01 TRAJ6*01 CAVRPTSGGSYIPTF TRBV6-5*01 TRBJ2-2*01 CASSYVGNTGELFF
identities: 2 0.985 pmhc: 0.984 tcra: 0.991 tcrb: 0.982  TRAV21*01 TRAJ6*01 CAVRPTSGGSYIPTF TRBV6-5*01 TRBJ2-2*01 CASSYVGNTGELFF
identities: 3 0.981 pmhc: 0.984 tcra: 0.974 tcrb: 0.982  TRAV21*01 TRAJ6*01 CAVRPTSGGSYIPTF TRBV6-5*01 TRBJ2-2*01 CASSYVGNTGELFF
START 79 200 T00079_A0201_SLIMWLTRV
mhc max_idents: 0.984 A*02:01 SLIMWLTRV A*02:01 SLLMWITQV
GXGs? GRG GT
identities: 0 0.985 pmhc: 0.984 tcra: 0.991 tcrb: 0.982  TRAV21*01 TRAJ6*01 CAVRPTSGGSYIPTF TRBV6-5*01 TRBJ2-2*01 CASSYVGNTGELFF
identities: 1 0.985 pmhc: 0.984 tcra: 0.991 tcrb: 0.982  TRAV21*01 TRAJ6*01 CAVRPTSGGSYIPTF TRBV6-5*01 TRBJ2-2*01 CASSYVGNTGELFF
identities: 2 0.985 pmhc: 0.984 tcra: 0.991 tcrb: 0.982  TRAV21*01 TRAJ6*01 CAVRPTSGGSYIPTF TRBV6-5*01 TRBJ2-2*01 CASSYVGNTGELFF
identities: 3 0.981 pmhc: 0.984 tcra: 0.974 tcrb: 0.982  TRAV21*01 TRAJ6*01 CAVRPTSGGSYIPTF TRBV6-5*01 TRBJ2-2*01 CASSYVGNTGELFF
START 80 200 T00080_A0201_SIIMWLTQV
mhc max_idents: 0.984 A*02:01 SIIMWLTQV A*02:01 SLLMWITQV
GXGs? GRG GT
identities: 0 0.985 pmhc: 0.984 tcra: 0.991 tcrb: 0.982  TRAV21*01 TRAJ6*01 CAVRPTSGGSYIPTF TRBV6-5*01 TRBJ2-2*01 CASSYVGNTGELFF
identities: 1 0.985 pmhc: 0.984 tcra: 0.991 tcrb: 0.982  TRAV21*01 TRAJ6*01 CAVRPTSGGSYIPTF TRBV6-5*01 TRBJ2-2*01 CASSYVGNTGELFF
identities: 2 0.985 pmhc: 0.984 tcra: 0.991 tcrb: 0.982  TRAV21*01 TRAJ6*01 CAVRPTSGGSYIPTF TRBV6-5*01 TRBJ2-2*01 CASSYVGNTGELFF
identities: 3 0.981 pmhc: 0.984 tcra: 0.974 tcrb: 0.982  TRAV21*01 TRAJ6*01 CAVRPTSGGSYIPTF TRBV6-5*01 TRBJ2-2*01 CASSYVGNTGELFF
START 81 200 T00081_A0201_SMIMWVTQC
mhc max_idents: 0.984 A*02:01 SMIMWVTQC A*02:01 SLLMWITQC
GXGs? GRG GT
identities: 0 0.985 pmhc: 0.984 tcra: 0.991 tcrb: 0.982  TRAV21*01 TRAJ6*01 CAVRPTSGGSYIPTF TRBV6-5*01 TRBJ2-2*01 CASSYVGNTGELFF
identities: 1 0.985 pmhc: 0.984 tcra: 0.991 tcrb: 0.982  TRAV21*01 TRAJ6*01 CAVRPTSGGSYIPTF TRBV6-5*01 TRBJ2-2*01 CASSYVGNTGELFF
identities: 2 0.985 pmhc: 0.984 tcra: 0.991 tcrb: 0.982  TRAV21*01 TRAJ6*01 CAVRPTSGGSYIPTF TRBV6-5*01 TRBJ2-2*01 CASSYVGNTGELFF
identities: 3 0.981 pmhc: 0.984 tcra: 0.974 tcrb: 0.982  TRAV21*01 TRAJ6*01 CAVRPTSGGSYIPTF TRBV6-5*01 TRBJ2-2*01 CASSYVGNTGELFF
START 82 200 T00082_A0201_SMLMWITRC
mhc max_idents: 0.989 A*02:01 SMLMWITRC A*02:01 SLLMWITQC
GXGs? GRG GT
identities: 0 0.988 pmhc: 0.989 tcra: 0.991 tcrb: 0.982  TRAV21*01 TRAJ6*01 CAVRPTSGGSYIPTF TRBV6-5*01 TRBJ2-2*01 CASSYVGNTGELFF
identities: 1 0.988 pmhc: 0.989 tcra: 0.991 tcrb: 0.982  TRAV21*01 TRAJ6*01 CAVRPTSGGSYIPTF TRBV6-5*01 TRBJ2-2*01 CASSYVGNTGELFF
identities: 2 0.988 pmhc: 0.989 tcra: 0.991 tcrb: 0.982  TRAV21*01 TRAJ6*01 CAVRPTSGGSYIPTF TRBV6-5*01 TRBJ2-2*01 CASSYVGNTGELFF
